UnCheckObject ==> Although uncheck was performed, object remained checked out (C:\ProjekteSF47\SuccessFlowMT\Source\Prg_26.xml)
 <281061694559409504> 18/03/2021 13:35:04.914     [Error  ] - Aborting context 281061694559409504, Program: "Main Program".
 <207264216441674240> 18/03/2021 13:47:57.034     [Error  ] - "images\scp_statistik.png" not found., Program: "Portal.Portal Menue".
 <207264216441674240> 18/03/2021 13:47:57.035     [Error  ] - "C:\entwicklung47\images\scp_statistik.png" not found., Program: "Portal.Portal Menue".
 <207264216441674240> 18/03/2021 13:47:57.305     [Error  ] - "imagesscp_statistik.png" not found., Program: "Portal".
 <207264216441674240> 18/03/2021 13:47:57.305     [Error  ] - "C:\entwicklung47\imagesscp_statistik.png" not found., Program: "Portal".
 <86781380025866784> 18/03/2021 13:52:37.662     [Error  ] - Aborting context 86781380025866784, Program: "Main Program".
 <159059024687444352> 18/03/2021 13:54:06.662     [Error  ] - Aborting context 159059024687444352, Program: "Main Program".
 <509823379346583616> 18/03/2021 13:55:30.713     [Error  ] - Aborting context 509823379346583616, Program: "Main Program".
 <449488029973600064> 18/03/2021 14:01:16.446     [Error  ] - Aborting context 449488029973600064, Program: "Main Program".
 <191204496964650304> 18/03/2021 14:01:57.367     [Error  ] - Aborting context 191204496964650304, Program: "Main Program".
 <56929123702037208> 18/03/2021 14:02:25.701     [Error  ] - Aborting context 56929123702037208, Program: "Main Program".
 <543936200427952960> 18/03/2021 14:03:48.513     [Error  ] - Aborting context 543936200427952960, Program: "Main Program".
 <165271420364629952> 18/03/2021 14:55:37.253     [Error  ] - Aborting context 165271420364629952, Program: "PortalWC".
 <383736007333859264> 18/03/2021 14:57:24.832     [Error  ] - Aborting context 383736007333859264, Program: "PortalWC".
 <369182340044991680> 18/03/2021 14:59:05.915     [Error  ] - Aborting context 369182340044991680, Program: "PortalWC".
 <342580151660993600> 18/03/2021 14:59:49.000     [Error  ] - Aborting context 342580151660993600, Program: "Main Program".
 <302157310515106560> 18/03/2021 16:03:22.451     [Error  ] - Aborting context 302157310515106560, Program: "PortalWC".
 <473858431628221376> 18/03/2021 16:55:50.376     [Error  ] - Aborting context 473858431628221376, Program: "Main Program".
 <126431825818226144> 18/03/2021 18:34:00.025     [Error  ] - This session was closed by the server(-197). Application : SuccessFlowMT
 <126431825818226144> 18/03/2021 18:34:34.695     [Error  ] - Aborting context 126431825818226144, Program: "Main Program".
 <442114555347273216> 19/03/2021 11:08:50.133     [Error  ] - Aborting context 442114555347273216, Program: "Main Program".
 <372244555321424768> 19/03/2021 11:25:31.615     [Error  ] - Aborting context 372244555321424768, Program: "PortalWC".
 <561992761359993088> 19/03/2021 11:26:49.103     [Error  ] - Aborting context 561992761359993088, Program: "Main Program".
 <573214805070482880> 19/03/2021 11:28:56.013     [Error  ] - Aborting context 573214805070482880, Program: "Main Program".
 <324220491872159040> 19/03/2021 11:30:55.058     [Error  ] - Aborting context 324220491872159040, Program: "Main Program".
 <362482979585574592> 20/03/2021 10:44:06.575     [Error  ] - Aborting context 362482979585574592, Program: "Main Program".
 <450381417593422848> 20/03/2021 11:11:58.242     [Error  ] - Aborting context 450381417593422848, Program: "PortalWC".
 <9231166265357214> 20/03/2021 12:03:51.322     [Error  ] - Aborting context 9231166265357214, Program: "Main Program".
 <488900379038325760> 20/03/2021 12:07:14.838     [Error  ] - Aborting context 488900379038325760, Program: "Main Program".
 <567909346952457344> 20/03/2021 12:13:22.711     [Error  ] - Aborting context 567909346952457344, Program: "Main Program".
 <448440191178575616> 22/03/2021 15:10:46.091     [Error  ] - Aborting context 448440191178575616, Program: "Main Program".
 <572419753414441024> 22/03/2021 15:13:35.508     [Error  ] - Aborting context 572419753414441024, Program: "Main Program".
 <7970714991512033> 22/03/2021 15:26:50.584     [Error  ] - Aborting context 7970714991512033, Program: "PortalWC".
 <126807461456786736> 22/03/2021 15:39:11.878     [Error  ] - Aborting context 126807461456786736, Program: "Main Program".
 <224871385956896000> 22/03/2021 15:41:27.089     [Error  ] - Aborting context 224871385956896000, Program: "Main Program".
 <148832387896947008> 22/03/2021 15:47:16.204     [Error  ] - Aborting context 148832387896947008, Program: "Main Program".
 <425797822041123136> 22/03/2021 15:49:30.456     [Error  ] - Aborting context 425797822041123136, Program: "Main Program".
 <29235017669921564> 22/03/2021 15:52:20.250     [Error  ] - Aborting context 29235017669921564, Program: "Main Program".
 <3646444274176305> 22/03/2021 15:52:50.950     [Error  ] - Program not found  >> Application: "C:\ProjekteSF47\SuccessFlowMT\", Program: "PortalWC".
 <3646444274176305> 22/03/2021 15:52:56.139     [Error  ] - Program not found  >> Application: "C:\ProjekteSF47\SuccessFlowMT\", Program: "PortalWC".
 <3646444274176305> 22/03/2021 15:53:05.424     [Error  ] - Program not found  >> Application: "C:\ProjekteSF47\SuccessFlowMT\", Program: "PortalWC".
 <154761513373390496> 22/03/2021 15:54:52.400     [Error  ] - Aborting context 154761513373390496, Program: "Main Program".
 <458003077153114624> 22/03/2021 16:00:26.945     [Error  ] - Aborting context 458003077153114624, Program: "Main Program".
 <178970926502825504> 22/03/2021 16:02:33.505     [Error  ] - Aborting context 178970926502825504, Program: "Main Program".
 <401033512004366336> 22/03/2021 16:03:39.147     [Error  ] - Aborting context 401033512004366336, Program: "Main Program".
 <515209842857789888> 22/03/2021 16:06:19.266     [Error  ] - Aborting context 515209842857789888, Program: "Main Program".
 <126263764619773648> 22/03/2021 16:09:47.974     [Error  ] - Aborting context 126263764619773648, Program: "Main Program".
 <4649246249237369> 23/03/2021 08:57:38.210     [Error  ] - Aborting context 4649246249237369, Program: "Main Program".
 <247724522927572288> 23/03/2021 09:05:31.003     [Error  ] - Aborting context 247724522927572288, Program: "PortalWC".
