 <-1> 17/08/2021 14:31:45.377     [Info   ] - Starts Loading Component : \\bsvnt10\Arbeitsplatz\Entwicklung\Firmware\ECF_XPA47\\SFRefDef.ecf 
 <-1> 17/08/2021 14:31:45.629     [Info   ] - Starts Loading Component : System.Windows.Forms 
 <-1> 17/08/2021 14:31:45.637     [Info   ] - Ends Loading Component : System.Windows.Forms 
 <-1> 17/08/2021 14:31:45.637     [Info   ] - Starts Loading Component : System.Drawing 
 <-1> 17/08/2021 14:31:45.641     [Info   ] - Ends Loading Component : System.Drawing 
 <-1> 17/08/2021 14:31:45.641     [Info   ] - Starts Loading Component : CrystalDecisions.Windows.Forms 
 <-1> 17/08/2021 14:31:45.644     [Info   ] - Ends Loading Component : CrystalDecisions.Windows.Forms 
 <-1> 17/08/2021 14:31:45.644     [Info   ] - Starts Loading Component : CrystalDecisions.ReportAppServer.ClientDoc 
 <-1> 17/08/2021 14:31:45.649     [Info   ] - Ends Loading Component : CrystalDecisions.ReportAppServer.ClientDoc 
 <-1> 17/08/2021 14:31:45.649     [Info   ] - Starts Loading Component : CrystalDecisions.Shared 
 <-1> 17/08/2021 14:31:45.653     [Info   ] - Ends Loading Component : CrystalDecisions.Shared 
 <-1> 17/08/2021 14:31:45.653     [Info   ] - Starts Loading Component : CrystalDecisions.CrystalReports.Engine 
 <-1> 17/08/2021 14:31:45.657     [Info   ] - Ends Loading Component : CrystalDecisions.CrystalReports.Engine 
 <-1> 17/08/2021 14:31:45.657     [Info   ] - Starts Loading Component : CrystalDecisions.ReportAppServer.DataDefModel 
 <-1> 17/08/2021 14:31:45.663     [Info   ] - Ends Loading Component : CrystalDecisions.ReportAppServer.DataDefModel 
 <-1> 17/08/2021 14:31:45.663     [Info   ] - Starts Loading Component : CrystalDecisions.ReportAppServer.ReportDefModel 
 <-1> 17/08/2021 14:31:45.668     [Info   ] - Ends Loading Component : CrystalDecisions.ReportAppServer.ReportDefModel 
 <-1> 17/08/2021 14:31:45.668     [Info   ] - Starts Loading Component : CrystalDecisions.ReportAppServer.Controllers 
 <-1> 17/08/2021 14:31:45.672     [Info   ] - Ends Loading Component : CrystalDecisions.ReportAppServer.Controllers 
 <-1> 17/08/2021 14:31:45.672     [Info   ] - Starts Loading Component : DocumentFormat.OpenXml 
 <-1> 17/08/2021 14:31:45.693     [Info   ] - Ends Loading Component : DocumentFormat.OpenXml 
 <-1> 17/08/2021 14:31:45.694     [Info   ] - Starts Loading Component : System 
 <-1> 17/08/2021 14:31:45.702     [Info   ] - Ends Loading Component : System 
 <-1> 17/08/2021 14:31:45.702     [Info   ] - Starts Loading Component : System.Core 
 <-1> 17/08/2021 14:31:45.707     [Info   ] - Ends Loading Component : System.Core 
 <-1> 17/08/2021 14:31:45.707     [Info   ] - Starts Loading Component : Microsoft.Exchange.WebServices 
 <-1> 17/08/2021 14:31:45.715     [Info   ] - Ends Loading Component : Microsoft.Exchange.WebServices 
 <-1> 17/08/2021 14:31:45.715     [Info   ] - Starts Loading Component : System.Data 
 <-1> 17/08/2021 14:31:45.722     [Info   ] - Ends Loading Component : System.Data 
 <-1> 17/08/2021 14:31:45.722     [Info   ] - Starts Loading Component : System.Web 
 <-1> 17/08/2021 14:31:45.762     [Info   ] - Ends Loading Component : System.Web 
 <-1> 17/08/2021 14:31:45.764     [Info   ] - Starts Loading Component : Newtonsoft.Json 
 <-1> 17/08/2021 14:31:45.771     [Info   ] - Ends Loading Component : Newtonsoft.Json 
 <-1> 17/08/2021 14:31:45.771     [Info   ] - Starts Loading Component : pdf-xpansion-net40-x86 
 <-1> 17/08/2021 14:31:45.776     [Info   ] - Ends Loading Component : pdf-xpansion-net40-x86 
 <-1> 17/08/2021 14:31:46.568     [Info   ] - Ends Loading Component : \\bsvnt10\Arbeitsplatz\Entwicklung\Firmware\ECF_XPA47\\SFRefDef.ecf 
 <-1> 17/08/2021 14:31:46.581     [Info   ] -   The project was successfully opened.
 <-1> 09/11/2021 10:37:52.407     [Info   ] - Starts Loading Component : \\bsvnt10\Arbeitsplatz\Entwicklung\Firmware\ECF_XPA47\\SFRefDef.ecf 
 <-1> 09/11/2021 10:37:52.667     [Info   ] - Starts Loading Component : System.Windows.Forms 
 <-1> 09/11/2021 10:37:52.674     [Info   ] - Ends Loading Component : System.Windows.Forms 
 <-1> 09/11/2021 10:37:52.675     [Info   ] - Starts Loading Component : System.Drawing 
 <-1> 09/11/2021 10:37:52.679     [Info   ] - Ends Loading Component : System.Drawing 
 <-1> 09/11/2021 10:37:52.679     [Info   ] - Starts Loading Component : CrystalDecisions.Windows.Forms 
 <-1> 09/11/2021 10:37:52.682     [Info   ] - Ends Loading Component : CrystalDecisions.Windows.Forms 
 <-1> 09/11/2021 10:37:52.682     [Info   ] - Starts Loading Component : CrystalDecisions.ReportAppServer.ClientDoc 
 <-1> 09/11/2021 10:37:52.687     [Info   ] - Ends Loading Component : CrystalDecisions.ReportAppServer.ClientDoc 
 <-1> 09/11/2021 10:37:52.687     [Info   ] - Starts Loading Component : CrystalDecisions.Shared 
 <-1> 09/11/2021 10:37:52.691     [Info   ] - Ends Loading Component : CrystalDecisions.Shared 
 <-1> 09/11/2021 10:37:52.691     [Info   ] - Starts Loading Component : CrystalDecisions.CrystalReports.Engine 
 <-1> 09/11/2021 10:37:52.694     [Info   ] - Ends Loading Component : CrystalDecisions.CrystalReports.Engine 
 <-1> 09/11/2021 10:37:52.695     [Info   ] - Starts Loading Component : CrystalDecisions.ReportAppServer.DataDefModel 
 <-1> 09/11/2021 10:37:52.700     [Info   ] - Ends Loading Component : CrystalDecisions.ReportAppServer.DataDefModel 
 <-1> 09/11/2021 10:37:52.701     [Info   ] - Starts Loading Component : CrystalDecisions.ReportAppServer.ReportDefModel 
 <-1> 09/11/2021 10:37:52.705     [Info   ] - Ends Loading Component : CrystalDecisions.ReportAppServer.ReportDefModel 
 <-1> 09/11/2021 10:37:52.706     [Info   ] - Starts Loading Component : CrystalDecisions.ReportAppServer.Controllers 
 <-1> 09/11/2021 10:37:52.710     [Info   ] - Ends Loading Component : CrystalDecisions.ReportAppServer.Controllers 
 <-1> 09/11/2021 10:37:52.710     [Info   ] - Starts Loading Component : DocumentFormat.OpenXml 
 <-1> 09/11/2021 10:37:52.731     [Info   ] - Ends Loading Component : DocumentFormat.OpenXml 
 <-1> 09/11/2021 10:37:52.732     [Info   ] - Starts Loading Component : System 
 <-1> 09/11/2021 10:37:52.739     [Info   ] - Ends Loading Component : System 
 <-1> 09/11/2021 10:37:52.740     [Info   ] - Starts Loading Component : System.Core 
 <-1> 09/11/2021 10:37:52.745     [Info   ] - Ends Loading Component : System.Core 
 <-1> 09/11/2021 10:37:52.745     [Info   ] - Starts Loading Component : Microsoft.Exchange.WebServices 
 <-1> 09/11/2021 10:37:52.753     [Info   ] - Ends Loading Component : Microsoft.Exchange.WebServices 
 <-1> 09/11/2021 10:37:52.753     [Info   ] - Starts Loading Component : System.Data 
 <-1> 09/11/2021 10:37:52.760     [Info   ] - Ends Loading Component : System.Data 
 <-1> 09/11/2021 10:37:52.761     [Info   ] - Starts Loading Component : System.Web 
 <-1> 09/11/2021 10:37:52.790     [Info   ] - Ends Loading Component : System.Web 
 <-1> 09/11/2021 10:37:52.790     [Info   ] - Starts Loading Component : Newtonsoft.Json 
 <-1> 09/11/2021 10:37:52.797     [Info   ] - Ends Loading Component : Newtonsoft.Json 
 <-1> 09/11/2021 10:37:52.798     [Info   ] - Starts Loading Component : pdf-xpansion-net40-x86 
 <-1> 09/11/2021 10:37:52.802     [Info   ] - Ends Loading Component : pdf-xpansion-net40-x86 
 <-1> 09/11/2021 10:37:53.597     [Info   ] - Ends Loading Component : \\bsvnt10\Arbeitsplatz\Entwicklung\Firmware\ECF_XPA47\\SFRefDef.ecf 
 <-1> 09/11/2021 10:37:53.611     [Info   ] -   The project was successfully opened.
 <-1> 09/11/2021 10:38:27.237     [Info   ] -   Starts Loading Component : \\bsvnt10\Arbeitsplatz\Entwicklung\Firmware\ECF_XPA47\\SFRefDef.ecf 
 <-1> 09/11/2021 10:38:27.456     [Info   ] -   Starts Loading Component : System.Windows.Forms 
 <-1> 09/11/2021 10:38:27.463     [Info   ] -   Ends Loading Component : System.Windows.Forms 
 <-1> 09/11/2021 10:38:27.464     [Info   ] -   Starts Loading Component : System.Drawing 
 <-1> 09/11/2021 10:38:27.466     [Info   ] -   Ends Loading Component : System.Drawing 
 <-1> 09/11/2021 10:38:27.467     [Info   ] -   Starts Loading Component : CrystalDecisions.Windows.Forms 
 <-1> 09/11/2021 10:38:27.469     [Info   ] -   Ends Loading Component : CrystalDecisions.Windows.Forms 
 <-1> 09/11/2021 10:38:27.469     [Info   ] -   Starts Loading Component : CrystalDecisions.ReportAppServer.ClientDoc 
 <-1> 09/11/2021 10:38:27.473     [Info   ] -   Ends Loading Component : CrystalDecisions.ReportAppServer.ClientDoc 
 <-1> 09/11/2021 10:38:27.474     [Info   ] -   Starts Loading Component : CrystalDecisions.Shared 
 <-1> 09/11/2021 10:38:27.477     [Info   ] -   Ends Loading Component : CrystalDecisions.Shared 
 <-1> 09/11/2021 10:38:27.478     [Info   ] -   Starts Loading Component : CrystalDecisions.CrystalReports.Engine 
 <-1> 09/11/2021 10:38:27.481     [Info   ] -   Ends Loading Component : CrystalDecisions.CrystalReports.Engine 
 <-1> 09/11/2021 10:38:27.482     [Info   ] -   Starts Loading Component : CrystalDecisions.ReportAppServer.DataDefModel 
 <-1> 09/11/2021 10:38:27.485     [Info   ] -   Ends Loading Component : CrystalDecisions.ReportAppServer.DataDefModel 
 <-1> 09/11/2021 10:38:27.485     [Info   ] -   Starts Loading Component : CrystalDecisions.ReportAppServer.ReportDefModel 
 <-1> 09/11/2021 10:38:27.490     [Info   ] -   Ends Loading Component : CrystalDecisions.ReportAppServer.ReportDefModel 
 <-1> 09/11/2021 10:38:27.490     [Info   ] -   Starts Loading Component : CrystalDecisions.ReportAppServer.Controllers 
 <-1> 09/11/2021 10:38:27.494     [Info   ] -   Ends Loading Component : CrystalDecisions.ReportAppServer.Controllers 
 <-1> 09/11/2021 10:38:27.494     [Info   ] -   Starts Loading Component : DocumentFormat.OpenXml 
 <-1> 09/11/2021 10:38:27.523     [Info   ] -   Ends Loading Component : DocumentFormat.OpenXml 
 <-1> 09/11/2021 10:38:27.524     [Info   ] -   Starts Loading Component : System 
 <-1> 09/11/2021 10:38:27.531     [Info   ] -   Ends Loading Component : System 
 <-1> 09/11/2021 10:38:27.532     [Info   ] -   Starts Loading Component : System.Core 
 <-1> 09/11/2021 10:38:27.537     [Info   ] -   Ends Loading Component : System.Core 
 <-1> 09/11/2021 10:38:27.537     [Info   ] -   Starts Loading Component : Microsoft.Exchange.WebServices 
 <-1> 09/11/2021 10:38:27.544     [Info   ] -   Ends Loading Component : Microsoft.Exchange.WebServices 
 <-1> 09/11/2021 10:38:27.544     [Info   ] -   Starts Loading Component : System.Data 
 <-1> 09/11/2021 10:38:27.551     [Info   ] -   Ends Loading Component : System.Data 
 <-1> 09/11/2021 10:38:27.552     [Info   ] -   Starts Loading Component : System.Web 
 <-1> 09/11/2021 10:38:27.571     [Info   ] -   Ends Loading Component : System.Web 
 <-1> 09/11/2021 10:38:27.572     [Info   ] -   Starts Loading Component : Newtonsoft.Json 
 <-1> 09/11/2021 10:38:27.578     [Info   ] -   Ends Loading Component : Newtonsoft.Json 
 <-1> 09/11/2021 10:38:27.579     [Info   ] -   Starts Loading Component : pdf-xpansion-net40-x86 
 <-1> 09/11/2021 10:38:27.583     [Info   ] -   Ends Loading Component : pdf-xpansion-net40-x86 
 <-1> 09/11/2021 10:38:28.386     [Info   ] -   Ends Loading Component : \\bsvnt10\Arbeitsplatz\Entwicklung\Firmware\ECF_XPA47\\SFRefDef.ecf 
 <-1> 09/11/2021 10:39:29.631     [Info   ] -   Execution stopped.
 <-1> 17/01/2022 14:23:19.232     [Info   ] - Starts Loading Component : \\bsvnt10\Arbeitsplatz\Entwicklung\Firmware\ECF_XPA47\\SFRefDef.ecf 
 <-1> 17/01/2022 14:23:19.501     [Info   ] - Starts Loading Component : System.Windows.Forms 
 <-1> 17/01/2022 14:23:19.510     [Info   ] - Ends Loading Component : System.Windows.Forms 
 <-1> 17/01/2022 14:23:19.510     [Info   ] - Starts Loading Component : System.Drawing 
 <-1> 17/01/2022 14:23:19.513     [Info   ] - Ends Loading Component : System.Drawing 
 <-1> 17/01/2022 14:23:19.514     [Info   ] - Starts Loading Component : CrystalDecisions.Windows.Forms 
 <-1> 17/01/2022 14:23:19.516     [Info   ] - Ends Loading Component : CrystalDecisions.Windows.Forms 
 <-1> 17/01/2022 14:23:19.517     [Info   ] - Starts Loading Component : CrystalDecisions.ReportAppServer.ClientDoc 
 <-1> 17/01/2022 14:23:19.521     [Info   ] - Ends Loading Component : CrystalDecisions.ReportAppServer.ClientDoc 
 <-1> 17/01/2022 14:23:19.521     [Info   ] - Starts Loading Component : CrystalDecisions.Shared 
 <-1> 17/01/2022 14:23:19.526     [Info   ] - Ends Loading Component : CrystalDecisions.Shared 
 <-1> 17/01/2022 14:23:19.526     [Info   ] - Starts Loading Component : CrystalDecisions.CrystalReports.Engine 
 <-1> 17/01/2022 14:23:19.530     [Info   ] - Ends Loading Component : CrystalDecisions.CrystalReports.Engine 
 <-1> 17/01/2022 14:23:19.530     [Info   ] - Starts Loading Component : CrystalDecisions.ReportAppServer.DataDefModel 
 <-1> 17/01/2022 14:23:19.534     [Info   ] - Ends Loading Component : CrystalDecisions.ReportAppServer.DataDefModel 
 <-1> 17/01/2022 14:23:19.534     [Info   ] - Starts Loading Component : CrystalDecisions.ReportAppServer.ReportDefModel 
 <-1> 17/01/2022 14:23:19.538     [Info   ] - Ends Loading Component : CrystalDecisions.ReportAppServer.ReportDefModel 
 <-1> 17/01/2022 14:23:19.539     [Info   ] - Starts Loading Component : CrystalDecisions.ReportAppServer.Controllers 
 <-1> 17/01/2022 14:23:19.543     [Info   ] - Ends Loading Component : CrystalDecisions.ReportAppServer.Controllers 
 <-1> 17/01/2022 14:23:19.543     [Info   ] - Starts Loading Component : DocumentFormat.OpenXml 
 <-1> 17/01/2022 14:23:19.571     [Info   ] - Ends Loading Component : DocumentFormat.OpenXml 
 <-1> 17/01/2022 14:23:19.572     [Info   ] - Starts Loading Component : System 
 <-1> 17/01/2022 14:23:19.580     [Info   ] - Ends Loading Component : System 
 <-1> 17/01/2022 14:23:19.580     [Info   ] - Starts Loading Component : System.Core 
 <-1> 17/01/2022 14:23:19.586     [Info   ] - Ends Loading Component : System.Core 
 <-1> 17/01/2022 14:23:19.586     [Info   ] - Starts Loading Component : Microsoft.Exchange.WebServices 
 <-1> 17/01/2022 14:23:19.593     [Info   ] - Ends Loading Component : Microsoft.Exchange.WebServices 
 <-1> 17/01/2022 14:23:19.594     [Info   ] - Starts Loading Component : System.Data 
 <-1> 17/01/2022 14:23:19.601     [Info   ] - Ends Loading Component : System.Data 
 <-1> 17/01/2022 14:23:19.601     [Info   ] - Starts Loading Component : System.Web 
 <-1> 17/01/2022 14:23:19.622     [Info   ] - Ends Loading Component : System.Web 
 <-1> 17/01/2022 14:23:19.622     [Info   ] - Starts Loading Component : Newtonsoft.Json 
 <-1> 17/01/2022 14:23:19.630     [Info   ] - Ends Loading Component : Newtonsoft.Json 
 <-1> 17/01/2022 14:23:19.630     [Info   ] - Starts Loading Component : pdf-xpansion-net40-x86 
 <-1> 17/01/2022 14:23:19.635     [Info   ] - Ends Loading Component : pdf-xpansion-net40-x86 
 <-1> 17/01/2022 14:23:19.636     [Info   ] - Starts Loading Component : Google.Apis 
 <-1> 17/01/2022 14:23:19.643     [Info   ] - Ends Loading Component : Google.Apis 
 <-1> 17/01/2022 14:23:19.643     [Info   ] - Starts Loading Component : Google.Apis.Core 
 <-1> 17/01/2022 14:23:19.650     [Info   ] - Ends Loading Component : Google.Apis.Core 
 <-1> 17/01/2022 14:23:19.651     [Info   ] - Starts Loading Component : Google.Apis.Auth 
 <-1> 17/01/2022 14:23:19.658     [Info   ] - Ends Loading Component : Google.Apis.Auth 
 <-1> 17/01/2022 14:23:19.659     [Info   ] - Starts Loading Component : Google.Api.Gax 
 <-1> 17/01/2022 14:23:19.666     [Info   ] - Ends Loading Component : Google.Api.Gax 
 <-1> 17/01/2022 14:23:19.666     [Info   ] - Starts Loading Component : Google.Apis.Bigquery.v2 
 <-1> 17/01/2022 14:23:19.675     [Info   ] - Ends Loading Component : Google.Apis.Bigquery.v2 
 <-1> 17/01/2022 14:23:19.675     [Info   ] - Starts Loading Component : Google.Cloud.BigQuery.V2 
 <-1> 17/01/2022 14:23:19.685     [Info   ] - Ends Loading Component : Google.Cloud.BigQuery.V2 
 <-1> 17/01/2022 14:23:20.533     [Info   ] - Ends Loading Component : \\bsvnt10\Arbeitsplatz\Entwicklung\Firmware\ECF_XPA47\\SFRefDef.ecf 
 <-1> 17/01/2022 14:23:20.547     [Info   ] -   The project was successfully opened.
