 <-1> 25/05/2022 08:31:42.592     [Info   ] - Starts Loading Component : System.Windows.Forms 
 <-1> 25/05/2022 08:31:42.600     [Info   ] - Ends Loading Component : System.Windows.Forms 
 <-1> 25/05/2022 08:31:42.600     [Info   ] - Starts Loading Component : System.Drawing 
 <-1> 25/05/2022 08:31:42.605     [Info   ] - Ends Loading Component : System.Drawing 
 <-1> 25/05/2022 08:31:42.605     [Info   ] - Starts Loading Component : CrystalDecisions.Windows.Forms 
 <-1> 25/05/2022 08:31:42.607     [Info   ] - Ends Loading Component : CrystalDecisions.Windows.Forms 
 <-1> 25/05/2022 08:31:42.607     [Info   ] - Starts Loading Component : CrystalDecisions.ReportAppServer.ClientDoc 
 <-1> 25/05/2022 08:31:42.611     [Info   ] - Ends Loading Component : CrystalDecisions.ReportAppServer.ClientDoc 
 <-1> 25/05/2022 08:31:42.612     [Info   ] - Starts Loading Component : CrystalDecisions.Shared 
 <-1> 25/05/2022 08:31:42.615     [Info   ] - Ends Loading Component : CrystalDecisions.Shared 
 <-1> 25/05/2022 08:31:42.616     [Info   ] - Starts Loading Component : CrystalDecisions.CrystalReports.Engine 
 <-1> 25/05/2022 08:31:42.619     [Info   ] - Ends Loading Component : CrystalDecisions.CrystalReports.Engine 
 <-1> 25/05/2022 08:31:42.619     [Info   ] - Starts Loading Component : CrystalDecisions.ReportAppServer.DataDefModel 
 <-1> 25/05/2022 08:31:42.623     [Info   ] - Ends Loading Component : CrystalDecisions.ReportAppServer.DataDefModel 
 <-1> 25/05/2022 08:31:42.623     [Info   ] - Starts Loading Component : CrystalDecisions.ReportAppServer.ReportDefModel 
 <-1> 25/05/2022 08:31:42.627     [Info   ] - Ends Loading Component : CrystalDecisions.ReportAppServer.ReportDefModel 
 <-1> 25/05/2022 08:31:42.628     [Info   ] - Starts Loading Component : CrystalDecisions.ReportAppServer.Controllers 
 <-1> 25/05/2022 08:31:42.632     [Info   ] - Ends Loading Component : CrystalDecisions.ReportAppServer.Controllers 
 <-1> 25/05/2022 08:31:42.632     [Info   ] - Starts Loading Component : DocumentFormat.OpenXml 
 <-1> 25/05/2022 08:31:42.660     [Info   ] - Ends Loading Component : DocumentFormat.OpenXml 
 <-1> 25/05/2022 08:31:42.660     [Info   ] - Starts Loading Component : System 
 <-1> 25/05/2022 08:31:42.676     [Info   ] - Ends Loading Component : System 
 <-1> 25/05/2022 08:31:42.676     [Info   ] - Starts Loading Component : System.Core 
 <-1> 25/05/2022 08:31:42.682     [Info   ] - Ends Loading Component : System.Core 
 <-1> 25/05/2022 08:31:42.682     [Info   ] - Starts Loading Component : Microsoft.Exchange.WebServices 
 <-1> 25/05/2022 08:31:42.689     [Info   ] - Ends Loading Component : Microsoft.Exchange.WebServices 
 <-1> 25/05/2022 08:31:42.690     [Info   ] - Starts Loading Component : System.Data 
 <-1> 25/05/2022 08:31:42.696     [Info   ] - Ends Loading Component : System.Data 
 <-1> 25/05/2022 08:31:42.697     [Info   ] - Starts Loading Component : System.Web 
 <-1> 25/05/2022 08:31:42.719     [Info   ] - Ends Loading Component : System.Web 
 <-1> 25/05/2022 08:31:42.719     [Info   ] - Starts Loading Component : Newtonsoft.Json 
 <-1> 25/05/2022 08:31:42.727     [Info   ] - Ends Loading Component : Newtonsoft.Json 
 <-1> 25/05/2022 08:31:42.727     [Info   ] - Starts Loading Component : pdf-xpansion-net40-x86 
 <-1> 25/05/2022 08:31:42.732     [Info   ] - Ends Loading Component : pdf-xpansion-net40-x86 
 <-1> 25/05/2022 08:31:42.732     [Info   ] - Starts Loading Component : Google.Apis 
 <-1> 25/05/2022 08:31:42.739     [Info   ] - Ends Loading Component : Google.Apis 
 <-1> 25/05/2022 08:31:42.740     [Info   ] - Starts Loading Component : Google.Apis.Core 
 <-1> 25/05/2022 08:31:42.747     [Info   ] - Ends Loading Component : Google.Apis.Core 
 <-1> 25/05/2022 08:31:42.747     [Info   ] - Starts Loading Component : Google.Apis.Auth 
 <-1> 25/05/2022 08:31:42.754     [Info   ] - Ends Loading Component : Google.Apis.Auth 
 <-1> 25/05/2022 08:31:42.755     [Info   ] - Starts Loading Component : Google.Api.Gax 
 <-1> 25/05/2022 08:31:42.762     [Info   ] - Ends Loading Component : Google.Api.Gax 
 <-1> 25/05/2022 08:31:42.762     [Info   ] - Starts Loading Component : Google.Apis.Bigquery.v2 
 <-1> 25/05/2022 08:31:42.771     [Info   ] - Ends Loading Component : Google.Apis.Bigquery.v2 
 <-1> 25/05/2022 08:31:42.771     [Info   ] - Starts Loading Component : Google.Cloud.BigQuery.V2 
 <-1> 25/05/2022 08:31:42.781     [Info   ] - Ends Loading Component : Google.Cloud.BigQuery.V2 
 <-1> 25/05/2022 08:31:42.781     [Info   ] - Starts Loading Component : System.IO 
 <-1> 25/05/2022 08:31:42.784     [Info   ] - Ends Loading Component : System.IO 
 <-1> 25/05/2022 08:31:43.244     [Info   ] -   The project was successfully opened.
 <-1> 25/05/2022 08:31:52.974     [Error  ] -   Data Sources full open of "C:\ProjekteSF47\SFRefDef\Source\DataSources.xml" ("C:\ProjekteSF47\SFRefDef\Source\DataSourcesIndex.xml" is outdated! It is recommended to regenerate the project's 'Source' folder from an up-to-date export file.)
