 <-1> 17/01/2022 14:11:29.675     [Info   ] - Starts Loading Component : \\bsvnt10\Arbeitsplatz\Entwicklung\Firmware\ECF_XPA47\\SFRefDef.ecf 
 <-1> 17/01/2022 14:11:29.933     [Info   ] - Starts Loading Component : System.Windows.Forms 
 <-1> 17/01/2022 14:11:29.940     [Info   ] - Ends Loading Component : System.Windows.Forms 
 <-1> 17/01/2022 14:11:29.941     [Info   ] - Starts Loading Component : System.Drawing 
 <-1> 17/01/2022 14:11:29.944     [Info   ] - Ends Loading Component : System.Drawing 
 <-1> 17/01/2022 14:11:29.944     [Info   ] - Starts Loading Component : CrystalDecisions.Windows.Forms 
 <-1> 17/01/2022 14:11:29.947     [Info   ] - Ends Loading Component : CrystalDecisions.Windows.Forms 
 <-1> 17/01/2022 14:11:29.947     [Info   ] - Starts Loading Component : CrystalDecisions.ReportAppServer.ClientDoc 
 <-1> 17/01/2022 14:11:29.951     [Info   ] - Ends Loading Component : CrystalDecisions.ReportAppServer.ClientDoc 
 <-1> 17/01/2022 14:11:29.952     [Info   ] - Starts Loading Component : CrystalDecisions.Shared 
 <-1> 17/01/2022 14:11:29.955     [Info   ] - Ends Loading Component : CrystalDecisions.Shared 
 <-1> 17/01/2022 14:11:29.956     [Info   ] - Starts Loading Component : CrystalDecisions.CrystalReports.Engine 
 <-1> 17/01/2022 14:11:29.959     [Info   ] - Ends Loading Component : CrystalDecisions.CrystalReports.Engine 
 <-1> 17/01/2022 14:11:29.960     [Info   ] - Starts Loading Component : CrystalDecisions.ReportAppServer.DataDefModel 
 <-1> 17/01/2022 14:11:29.963     [Info   ] - Ends Loading Component : CrystalDecisions.ReportAppServer.DataDefModel 
 <-1> 17/01/2022 14:11:29.963     [Info   ] - Starts Loading Component : CrystalDecisions.ReportAppServer.ReportDefModel 
 <-1> 17/01/2022 14:11:29.968     [Info   ] - Ends Loading Component : CrystalDecisions.ReportAppServer.ReportDefModel 
 <-1> 17/01/2022 14:11:29.968     [Info   ] - Starts Loading Component : CrystalDecisions.ReportAppServer.Controllers 
 <-1> 17/01/2022 14:11:29.972     [Info   ] - Ends Loading Component : CrystalDecisions.ReportAppServer.Controllers 
 <-1> 17/01/2022 14:11:29.973     [Info   ] - Starts Loading Component : DocumentFormat.OpenXml 
 <-1> 17/01/2022 14:11:30.001     [Info   ] - Ends Loading Component : DocumentFormat.OpenXml 
 <-1> 17/01/2022 14:11:30.002     [Info   ] - Starts Loading Component : System 
 <-1> 17/01/2022 14:11:30.010     [Info   ] - Ends Loading Component : System 
 <-1> 17/01/2022 14:11:30.010     [Info   ] - Starts Loading Component : System.Core 
 <-1> 17/01/2022 14:11:30.015     [Info   ] - Ends Loading Component : System.Core 
 <-1> 17/01/2022 14:11:30.016     [Info   ] - Starts Loading Component : Microsoft.Exchange.WebServices 
 <-1> 17/01/2022 14:11:30.023     [Info   ] - Ends Loading Component : Microsoft.Exchange.WebServices 
 <-1> 17/01/2022 14:11:30.023     [Info   ] - Starts Loading Component : System.Data 
 <-1> 17/01/2022 14:11:30.030     [Info   ] - Ends Loading Component : System.Data 
 <-1> 17/01/2022 14:11:30.030     [Info   ] - Starts Loading Component : System.Web 
 <-1> 17/01/2022 14:11:30.052     [Info   ] - Ends Loading Component : System.Web 
 <-1> 17/01/2022 14:11:30.053     [Info   ] - Starts Loading Component : Newtonsoft.Json 
 <-1> 17/01/2022 14:11:30.060     [Info   ] - Ends Loading Component : Newtonsoft.Json 
 <-1> 17/01/2022 14:11:30.061     [Info   ] - Starts Loading Component : pdf-xpansion-net40-x86 
 <-1> 17/01/2022 14:11:30.065     [Info   ] - Ends Loading Component : pdf-xpansion-net40-x86 
 <-1> 17/01/2022 14:11:30.066     [Info   ] - Starts Loading Component : Google.Apis 
 <-1> 17/01/2022 14:11:30.074     [Info   ] - Ends Loading Component : Google.Apis 
 <-1> 17/01/2022 14:11:30.074     [Info   ] - Starts Loading Component : Google.Apis.Core 
 <-1> 17/01/2022 14:11:30.081     [Info   ] - Ends Loading Component : Google.Apis.Core 
 <-1> 17/01/2022 14:11:30.082     [Info   ] - Starts Loading Component : Google.Apis.Auth 
 <-1> 17/01/2022 14:11:30.093     [Info   ] - Ends Loading Component : Google.Apis.Auth 
 <-1> 17/01/2022 14:11:30.094     [Info   ] - Starts Loading Component : Google.Api.Gax 
 <-1> 17/01/2022 14:11:30.101     [Info   ] - Ends Loading Component : Google.Api.Gax 
 <-1> 17/01/2022 14:11:30.102     [Info   ] - Starts Loading Component : Google.Apis.Bigquery.v2 
 <-1> 17/01/2022 14:11:30.122     [Info   ] - Ends Loading Component : Google.Apis.Bigquery.v2 
 <-1> 17/01/2022 14:11:30.122     [Info   ] - Starts Loading Component : Google.Cloud.BigQuery.V2 
 <-1> 17/01/2022 14:11:30.132     [Info   ] - Ends Loading Component : Google.Cloud.BigQuery.V2 
 <-1> 17/01/2022 14:11:31.037     [Info   ] - Ends Loading Component : \\bsvnt10\Arbeitsplatz\Entwicklung\Firmware\ECF_XPA47\\SFRefDef.ecf 
 <-1> 17/01/2022 14:11:31.300     [Info   ] -   The project was successfully opened.
