 <-1> 11/01/2021 05:10:07.256     [Error  ] - Failed to Load Assembly : "C:\entwicklung47\pdf-xpansion-net40.dll"
"Die Datei oder Assembly &quot;pdf-xpansion-net40.dll&quot; oder eine Abhängigkeit davon wurde nicht gefunden. Das System kann die angegebene Datei nicht finden."
 <-1> 11/01/2021 05:25:37.766     [Error  ] - Failed to Load Assembly : "C:\entwicklung47\pdf-xpansion-net40.dll"
"Die Datei oder Assembly &quot;pdf-xpansion-net40.dll&quot; oder eine Abhängigkeit davon wurde nicht gefunden. Das System kann die angegebene Datei nicht finden."
 <-1> 11/01/2021 06:03:19.213     [Error  ] - Failed to Load Assembly : "C:\entwicklung47\pdf-xpansion-net40.dll"
"Die Datei oder Assembly &quot;pdf-xpansion-net40.dll&quot; oder eine Abhängigkeit davon wurde nicht gefunden. Das System kann die angegebene Datei nicht finden."
 <-1> 11/01/2021 06:40:01.274     [Error  ] - Failed to Load Assembly : "C:\entwicklung47\pdf-xpansion-net40.dll"
"Die Datei oder Assembly &quot;pdf-xpansion-net40.dll&quot; oder eine Abhängigkeit davon wurde nicht gefunden. Das System kann die angegebene Datei nicht finden."
 <-1> 11/01/2021 06:48:32.276     [Error  ] - Failed to Load Assembly : "C:\entwicklung47\pdf-xpansion-net40.dll"
"Die Datei oder Assembly &quot;pdf-xpansion-net40.dll&quot; oder eine Abhängigkeit davon wurde nicht gefunden. Das System kann die angegebene Datei nicht finden."
 <-1> 11/01/2021 11:10:29.681     [Error  ] - Failed to Load Assembly : "C:\entwicklung47\pdf-xpansion-net40.dll"
"Die Datei oder Assembly &quot;pdf-xpansion-net40.dll&quot; oder eine Abhängigkeit davon wurde nicht gefunden. Das System kann die angegebene Datei nicht finden."
 <-1> 11/01/2021 15:56:02.850     [Error  ] - Failed to Load Assembly : "C:\entwicklung47\pdf-xpansion-net40.dll"
"Die Datei oder Assembly &quot;pdf-xpansion-net40.dll&quot; oder eine Abhängigkeit davon wurde nicht gefunden. Das System kann die angegebene Datei nicht finden."
 <-1> 11/01/2021 16:14:50.131     [Error  ] - Failed to Load Assembly : "C:\entwicklung47\pdf-xpansion-net40.dll"
"Die Datei oder Assembly &quot;pdf-xpansion-net40.dll&quot; oder eine Abhängigkeit davon wurde nicht gefunden. Das System kann die angegebene Datei nicht finden."
 <-1> 11/01/2021 16:25:34.017     [Error  ] - Failed to Load Assembly : "C:\entwicklung47\pdf-xpansion-net40.dll"
"Die Datei oder Assembly &quot;pdf-xpansion-net40.dll&quot; oder eine Abhängigkeit davon wurde nicht gefunden. Das System kann die angegebene Datei nicht finden."
16:26:19Error at file //bsvnt10/arbeitsplatz/entwicklung/firmware/veloconnect/xsd/ubl/common/ubl-commonaggregatecomponents-1.0.xsd, line:3594, column:34 Message: type 'urn:veloconnect:catalog-1.1:ItemInformation' not found
Error at file //bsvnt10/arbeitsplatz/entwicklung/firmware/veloconnect/xsd/ubl/common/ubl-commonaggregatecomponents-1.0.xsd, line:3594, column:34 Message: referenced element 'vcc:ItemInformation' not found

 <-1> 11/01/2021 16:36:31.755     [Error  ] - Failed to Load Assembly : "C:\entwicklung47\pdf-xpansion-net40.dll"
"Die Datei oder Assembly &quot;pdf-xpansion-net40.dll&quot; oder eine Abhängigkeit davon wurde nicht gefunden. Das System kann die angegebene Datei nicht finden."
16:37:30Error at file //bsvnt10/arbeitsplatz/entwicklung/firmware/veloconnect/xsd/ubl/common/ubl-commonaggregatecomponents-1.0.xsd, line:3594, column:34 Message: type 'urn:veloconnect:catalog-1.1:ItemInformation' not found
Error at file //bsvnt10/arbeitsplatz/entwicklung/firmware/veloconnect/xsd/ubl/common/ubl-commonaggregatecomponents-1.0.xsd, line:3594, column:34 Message: referenced element 'vcc:ItemInformation' not found


==============================================
PID 7912	11/01/2021 16:58:19
==============================================


 <-1> 11/01/2021 16:59:33.191     [Error  ] - Failed to Load Assembly : "C:\entwicklung47\pdf-xpansion-net40.dll"
"Die Datei oder Assembly &quot;pdf-xpansion-net40.dll&quot; oder eine Abhängigkeit davon wurde nicht gefunden. Das System kann die angegebene Datei nicht finden."
CheckInMultipleObjects ==> Failed to checkin objects
17:22:58Error at file //bsvnt10/arbeitsplatz/entwicklung/firmware/veloconnect/xsd/ubl/common/ubl-commonaggregatecomponents-1.0.xsd, line:3594, column:34 Message: type 'urn:veloconnect:catalog-1.1:ItemInformation' not found
Error at file //bsvnt10/arbeitsplatz/entwicklung/firmware/veloconnect/xsd/ubl/common/ubl-commonaggregatecomponents-1.0.xsd, line:3594, column:34 Message: referenced element 'vcc:ItemInformation' not found

17:23:28Error at file //bsvnt10/arbeitsplatz/entwicklung/firmware/veloconnect/xsd/ubl/common/ubl-commonaggregatecomponents-1.0.xsd, line:3594, column:34 Message: type 'urn:veloconnect:catalog-1.1:ItemInformation' not found
Error at file //bsvnt10/arbeitsplatz/entwicklung/firmware/veloconnect/xsd/ubl/common/ubl-commonaggregatecomponents-1.0.xsd, line:3594, column:34 Message: referenced element 'vcc:ItemInformation' not found

17:25:29Error at file //bsvnt10/arbeitsplatz/entwicklung/firmware/veloconnect/xsd/ubl/common/ubl-commonaggregatecomponents-1.0.xsd, line:3594, column:34 Message: type 'urn:veloconnect:catalog-1.1:ItemInformation' not found
Error at file //bsvnt10/arbeitsplatz/entwicklung/firmware/veloconnect/xsd/ubl/common/ubl-commonaggregatecomponents-1.0.xsd, line:3594, column:34 Message: referenced element 'vcc:ItemInformation' not found


==============================================
PID 9400	12/01/2021 09:59:14
==============================================


 <-1> 12/01/2021 10:00:57.882     [Error  ] - Failed to Load Assembly : "C:\entwicklung47\pdf-xpansion-net40.dll"
"Die Datei oder Assembly &quot;pdf-xpansion-net40.dll&quot; oder eine Abhängigkeit davon wurde nicht gefunden. Das System kann die angegebene Datei nicht finden."
 <-1> 12/01/2021 10:08:53.724     [Error  ] - Failed to Load Assembly : "C:\entwicklung47\pdf-xpansion-net40.dll"
"Die Datei oder Assembly &quot;pdf-xpansion-net40.dll&quot; oder eine Abhängigkeit davon wurde nicht gefunden. Das System kann die angegebene Datei nicht finden."
10:10:00Error at file //bsvnt10/arbeitsplatz/entwicklung/firmware/veloconnect/xsd/ubl/common/ubl-commonaggregatecomponents-1.0.xsd, line:3594, column:34 Message: type 'urn:veloconnect:catalog-1.1:ItemInformation' not found
Error at file //bsvnt10/arbeitsplatz/entwicklung/firmware/veloconnect/xsd/ubl/common/ubl-commonaggregatecomponents-1.0.xsd, line:3594, column:34 Message: referenced element 'vcc:ItemInformation' not found

10:10:53Error at file //bsvnt10/arbeitsplatz/entwicklung/firmware/veloconnect/xsd/ubl/common/ubl-commonaggregatecomponents-1.0.xsd, line:3594, column:34 Message: type 'urn:veloconnect:catalog-1.1:ItemInformation' not found
Error at file //bsvnt10/arbeitsplatz/entwicklung/firmware/veloconnect/xsd/ubl/common/ubl-commonaggregatecomponents-1.0.xsd, line:3594, column:34 Message: referenced element 'vcc:ItemInformation' not found

10:11:23Error at file //bsvnt10/arbeitsplatz/entwicklung/firmware/veloconnect/xsd/ubl/common/ubl-commonaggregatecomponents-1.0.xsd, line:3594, column:34 Message: type 'urn:veloconnect:catalog-1.1:ItemInformation' not found
Error at file //bsvnt10/arbeitsplatz/entwicklung/firmware/veloconnect/xsd/ubl/common/ubl-commonaggregatecomponents-1.0.xsd, line:3594, column:34 Message: referenced element 'vcc:ItemInformation' not found


==============================================
PID 9120	12/01/2021 11:01:38
==============================================


 <-1> 12/01/2021 11:02:37.392     [Error  ] - Failed to Load Assembly : "C:\entwicklung47\pdf-xpansion-net40.dll"
"Die Datei oder Assembly &quot;pdf-xpansion-net40.dll&quot; oder eine Abhängigkeit davon wurde nicht gefunden. Das System kann die angegebene Datei nicht finden."
 <-1> 12/01/2021 11:08:56.948     [Error  ] - Failed to Load Assembly : "C:\entwicklung47\pdf-xpansion-net40.dll"
"Die Datei oder Assembly &quot;pdf-xpansion-net40.dll&quot; oder eine Abhängigkeit davon wurde nicht gefunden. Das System kann die angegebene Datei nicht finden."
 <-1> 12/01/2021 11:09:07.763     [Error  ] - Data Sources full open of "C:\ProjekteSF47\Veloconnect\Source\DataSources.xml" ("C:\ProjekteSF47\Veloconnect\Source\DataSourcesIndex.xml" is outdated! It is recommended to regenerate the project's 'Source' folder from an up-to-date export file.)
11:10:05Error at file //bsvnt10/arbeitsplatz/entwicklung/firmware/veloconnect/xsd/ubl/common/ubl-commonaggregatecomponents-1.0.xsd, line:3594, column:34 Message: type 'urn:veloconnect:catalog-1.1:ItemInformation' not found
Error at file //bsvnt10/arbeitsplatz/entwicklung/firmware/veloconnect/xsd/ubl/common/ubl-commonaggregatecomponents-1.0.xsd, line:3594, column:34 Message: referenced element 'vcc:ItemInformation' not found


==============================================
PID 10600	12/01/2021 11:54:59
==============================================


 <-1> 12/01/2021 11:56:31.870     [Error  ] - Failed to Load Assembly : "C:\entwicklung47\pdf-xpansion-net40.dll"
"Die Datei oder Assembly &quot;pdf-xpansion-net40.dll&quot; oder eine Abhängigkeit davon wurde nicht gefunden. Das System kann die angegebene Datei nicht finden."
 <-1> 12/01/2021 11:56:49.044     [Error  ] - Data Sources full open of "C:\ProjekteSF47\Veloconnect\Source\DataSources.xml" ("C:\ProjekteSF47\Veloconnect\Source\DataSourcesIndex.xml" is outdated! It is recommended to regenerate the project's 'Source' folder from an up-to-date export file.)
11:57:58Error at file //bsvnt10/arbeitsplatz/entwicklung/firmware/veloconnect/xsd/ubl/common/ubl-commonaggregatecomponents-1.0.xsd, line:3594, column:34 Message: grammar not found for namespace 'urn:veloconnect:catalog-1.1'
Error at file //bsvnt10/arbeitsplatz/entwicklung/firmware/veloconnect/xsd/ubl/common/ubl-commonaggregatecomponents-1.0.xsd, line:3594, column:34 Message: referenced element 'vcc:ItemInformation' not found

12:03:49Error at file //bsvnt10/arbeitsplatz/entwicklung/firmware/veloconnect/xsd/ubl/common/ubl-commonaggregatecomponents-1.0.xsd, line:3594, column:34 Message: type 'urn:veloconnect:catalog-1.1:ItemInformation' not found
Error at file //bsvnt10/arbeitsplatz/entwicklung/firmware/veloconnect/xsd/ubl/common/ubl-commonaggregatecomponents-1.0.xsd, line:3594, column:34 Message: referenced element 'vcc:ItemInformation' not found

12:05:20Error at file //bsvnt10/arbeitsplatz/entwicklung/firmware/veloconnect/xsd/ubl/common/ubl-commonaggregatecomponents-1.0.xsd, line:3594, column:34 Message: grammar not found for namespace 'urn:veloconnect:catalog-1.1'
Error at file //bsvnt10/arbeitsplatz/entwicklung/firmware/veloconnect/xsd/ubl/common/ubl-commonaggregatecomponents-1.0.xsd, line:3594, column:34 Message: referenced element 'vcc:ItemInformation' not found

 <-1> 12/01/2021 12:12:26.270     [Error  ] - Failed to Load Assembly : "C:\entwicklung47\pdf-xpansion-net40.dll"
"Die Datei oder Assembly &quot;pdf-xpansion-net40.dll&quot; oder eine Abhängigkeit davon wurde nicht gefunden. Das System kann die angegebene Datei nicht finden."
 <-1> 12/01/2021 12:13:46.170     [Error  ] - Data Sources full open of "C:\ProjekteSF47\Veloconnect\Source\DataSources.xml" ("C:\ProjekteSF47\Veloconnect\Source\DataSourcesIndex.xml" is outdated! It is recommended to regenerate the project's 'Source' folder from an up-to-date export file.)
 <-1> 12/01/2021 13:46:05.814     [Error  ] - Failed to Load Assembly : "C:\entwicklung47\pdf-xpansion-net40.dll"
"Die Datei oder Assembly &quot;pdf-xpansion-net40.dll&quot; oder eine Abhängigkeit davon wurde nicht gefunden. Das System kann die angegebene Datei nicht finden."
 <-1> 12/01/2021 13:55:43.901     [Error  ] - Failed to Load Assembly : "C:\entwicklung47\pdf-xpansion-net40.dll"
"Die Datei oder Assembly &quot;pdf-xpansion-net40.dll&quot; oder eine Abhängigkeit davon wurde nicht gefunden. Das System kann die angegebene Datei nicht finden."
 <-1> 12/01/2021 14:53:44.695     [Error  ] - Failed to Load Assembly : "C:\entwicklung47\pdf-xpansion-net40.dll"
"Die Datei oder Assembly &quot;pdf-xpansion-net40.dll&quot; oder eine Abhängigkeit davon wurde nicht gefunden. Das System kann die angegebene Datei nicht finden."
 <-1> 12/01/2021 16:26:45.590     [Error  ] - Failed to Load Assembly : "C:\entwicklung47\pdf-xpansion-net40.dll"
"Die Datei oder Assembly &quot;pdf-xpansion-net40.dll&quot; oder eine Abhängigkeit davon wurde nicht gefunden. Das System kann die angegebene Datei nicht finden."
 <-1> 12/01/2021 16:29:00.995     [Error  ] - Failed to Load Assembly : "C:\entwicklung47\pdf-xpansion-net40.dll"
"Die Datei oder Assembly &quot;pdf-xpansion-net40.dll&quot; oder eine Abhängigkeit davon wurde nicht gefunden. Das System kann die angegebene Datei nicht finden."
 <-1> 12/01/2021 16:35:50.506     [Error  ] - Failed to Load Assembly : "C:\entwicklung47\pdf-xpansion-net40.dll"
"Die Datei oder Assembly &quot;pdf-xpansion-net40.dll&quot; oder eine Abhängigkeit davon wurde nicht gefunden. Das System kann die angegebene Datei nicht finden."
 <-1> 12/01/2021 16:51:28.693     [Error  ] - Failed to Load Assembly : "C:\entwicklung47\pdf-xpansion-net40.dll"
"Die Datei oder Assembly &quot;pdf-xpansion-net40.dll&quot; oder eine Abhängigkeit davon wurde nicht gefunden. Das System kann die angegebene Datei nicht finden."
 <-1> 12/01/2021 16:55:32.949     [Error  ] - Failed to Load Assembly : "C:\entwicklung47\pdf-xpansion-net40.dll"
"Die Datei oder Assembly &quot;pdf-xpansion-net40.dll&quot; oder eine Abhängigkeit davon wurde nicht gefunden. Das System kann die angegebene Datei nicht finden."
 <-1> 12/01/2021 17:06:00.532     [Error  ] - Failed to Load Assembly : "C:\entwicklung47\pdf-xpansion-net40.dll"
"Die Datei oder Assembly &quot;pdf-xpansion-net40.dll&quot; oder eine Abhängigkeit davon wurde nicht gefunden. Das System kann die angegebene Datei nicht finden."
 <-1> 12/01/2021 17:24:50.875     [Error  ] - Failed to Load Assembly : "C:\entwicklung47\pdf-xpansion-net40.dll"
"Die Datei oder Assembly &quot;pdf-xpansion-net40.dll&quot; oder eine Abhängigkeit davon wurde nicht gefunden. Das System kann die angegebene Datei nicht finden."
 <-1> 12/01/2021 17:38:55.058     [Error  ] - Failed to Load Assembly : "C:\entwicklung47\pdf-xpansion-net40.dll"
"Die Datei oder Assembly &quot;pdf-xpansion-net40.dll&quot; oder eine Abhängigkeit davon wurde nicht gefunden. Das System kann die angegebene Datei nicht finden."
 <-1> 12/01/2021 17:44:09.534     [Error  ] - Failed to Load Assembly : "C:\entwicklung47\pdf-xpansion-net40.dll"
"Die Datei oder Assembly &quot;pdf-xpansion-net40.dll&quot; oder eine Abhängigkeit davon wurde nicht gefunden. Das System kann die angegebene Datei nicht finden."
 <-1> 12/01/2021 18:09:49.375     [Error  ] - Failed to Load Assembly : "C:\entwicklung47\pdf-xpansion-net40.dll"
"Die Datei oder Assembly &quot;pdf-xpansion-net40.dll&quot; oder eine Abhängigkeit davon wurde nicht gefunden. Das System kann die angegebene Datei nicht finden."
 <351066307182386496> 12/01/2021 18:15:58.262     [Error  ] - "C:\entwicklung47\pdf-xpansion-net40.dll" not found., Program: "Main Program".
 <112322105955935808> 12/01/2021 18:18:17.418     [Error  ] - "C:\entwicklung47\pdf-xpansion-net40.dll" not found., Program: "Main Program".
 <318517632148581056> 12/01/2021 18:22:36.893     [Error  ] - "C:\entwicklung47\pdf-xpansion-net40.dll" not found., Program: "Main Program".
 <-1> 12/01/2021 18:27:12.574     [Error  ] - Failed to Load Assembly : "C:\entwicklung47\pdf-xpansion-net40.dll"
"Die Datei oder Assembly &quot;pdf-xpansion-net40.dll&quot; oder eine Abhängigkeit davon wurde nicht gefunden. Das System kann die angegebene Datei nicht finden."
 <345275647389844032> 12/01/2021 18:27:49.509     [Error  ] - "C:\entwicklung47\pdf-xpansion-net40.dll" not found., Program: "Main Program".
 <-1> 13/01/2021 13:43:04.822     [Error  ] - Failed to Load Assembly : "C:\entwicklung47\pdf-xpansion-net40.dll"
"Die Datei oder Assembly &quot;pdf-xpansion-net40.dll&quot; oder eine Abhängigkeit davon wurde nicht gefunden. Das System kann die angegebene Datei nicht finden."
 <195728901908981440> 13/01/2021 14:00:41.743     [Error  ] - "C:\entwicklung47\pdf-xpansion-net40.dll" not found., Program: "Main Program".
 <351815732222937856> 13/01/2021 14:09:15.085     [Error  ] - "C:\entwicklung47\pdf-xpansion-net40.dll" not found., Program: "Main Program".
 <432192222588723392> 13/01/2021 14:14:41.646     [Error  ] - "C:\entwicklung47\pdf-xpansion-net40.dll" not found., Program: "Main Program".
 <-1> 13/01/2021 15:20:08.889     [Error  ] - Failed to Load Assembly : "C:\entwicklung47\pdf-xpansion-net40.dll"
"Die Datei oder Assembly &quot;pdf-xpansion-net40.dll&quot; oder eine Abhängigkeit davon wurde nicht gefunden. Das System kann die angegebene Datei nicht finden."
 <-1> 13/01/2021 15:23:24.489     [Error  ] - Failed to Load Assembly : "C:\entwicklung47\pdf-xpansion-net40.dll"
"Die Datei oder Assembly &quot;pdf-xpansion-net40.dll&quot; oder eine Abhängigkeit davon wurde nicht gefunden. Das System kann die angegebene Datei nicht finden."
 <-1> 13/01/2021 15:27:50.909     [Error  ] - Failed to Load Assembly : "C:\entwicklung47\pdf-xpansion-net40.dll"
"Die Datei oder Assembly &quot;pdf-xpansion-net40.dll&quot; oder eine Abhängigkeit davon wurde nicht gefunden. Das System kann die angegebene Datei nicht finden."
 <-1> 13/01/2021 17:31:05.505     [Error  ] - Failed to Load Assembly : "C:\entwicklung47\pdf-xpansion-net40.dll"
"Die Datei oder Assembly &quot;pdf-xpansion-net40.dll&quot; oder eine Abhängigkeit davon wurde nicht gefunden. Das System kann die angegebene Datei nicht finden."
 <-1> 13/01/2021 17:35:15.686     [Error  ] - Data Sources full open of "c:\projekteSF47\SFRefDef\Source\DataSources.xml" ("c:\projekteSF47\SFRefDef\Source\DataSourcesIndex.xml" is outdated! It is recommended to regenerate the project's 'Source' folder from an up-to-date export file.)
 <-1> 13/01/2021 18:58:38.786     [Error  ] - Failed to Load Assembly : "C:\entwicklung47\pdf-xpansion-net40.dll"
"Die Datei oder Assembly &quot;pdf-xpansion-net40.dll&quot; oder eine Abhängigkeit davon wurde nicht gefunden. Das System kann die angegebene Datei nicht finden."
 <-1> 13/01/2021 19:08:17.267     [Error  ] - Failed to Load Assembly : "C:\entwicklung47\pdf-xpansion-net40.dll"
"Die Datei oder Assembly &quot;pdf-xpansion-net40.dll&quot; oder eine Abhängigkeit davon wurde nicht gefunden. Das System kann die angegebene Datei nicht finden."
