 <-1> 24/02/2021 12:23:29.086     [Error  ] - Failed to Load Assembly : "C:\entwicklung47\pdf-xpansion-net40.dll"
"Die Datei oder Assembly &quot;pdf-xpansion-net40.dll&quot; oder eine Abhängigkeit davon wurde nicht gefunden. Das System kann die angegebene Datei nicht finden."
 <-1> 24/02/2021 12:24:03.977     [Error  ] - Failed to Load Assembly : "C:\entwicklung47\pdf-xpansion-net40.dll"
"Die Datei oder Assembly &quot;pdf-xpansion-net40.dll&quot; oder eine Abhängigkeit davon wurde nicht gefunden. Das System kann die angegebene Datei nicht finden."
 <-1> 24/02/2021 12:34:02.379     [Error  ] - Failed to Load Assembly : "C:\entwicklung47\pdf-xpansion-net40.dll"
"Die Datei oder Assembly &quot;pdf-xpansion-net40.dll&quot; oder eine Abhängigkeit davon wurde nicht gefunden. Das System kann die angegebene Datei nicht finden."
 <-1> 24/02/2021 14:40:39.281     [Error  ] - Failed to Load Assembly : "C:\entwicklung47\pdf-xpansion-net40.dll"
"Die Datei oder Assembly &quot;pdf-xpansion-net40.dll&quot; oder eine Abhängigkeit davon wurde nicht gefunden. Das System kann die angegebene Datei nicht finden."
 <431046393319534848> 24/02/2021 14:41:12.355     [Error  ] - "C:\entwicklung47\pdf-xpansion-net40.dll" not found., Program: "Main Program".
 <443252554738575744> 24/02/2021 17:31:37.035     [Error  ] - "C:\entwicklung47\pdf-xpansion-net40.dll" not found., Program: "Main Program".
 <546983140101831168> 11/03/2021 09:47:09.214     [Error  ] - Aborting context 546983140101831168, Program: "Main Program".
 <261227301531341440> 11/03/2021 09:50:05.608     [Error  ] - Aborting context 261227301531341440, Program: "Main Program".
 <167946503406894784> 11/03/2021 09:53:21.210     [Error  ] - Aborting context 167946503406894784, Program: "Main Program".
 <466643467246962816> 11/03/2021 10:02:17.507     [Error  ] - Aborting context 466643467246962816, Program: "Main Program".
 <275482959409573408> 11/03/2021 10:08:37.965     [Error  ] - Aborting context 275482959409573408, Program: "Main Program".
 <175564236705824608> 11/03/2021 10:50:43.668     [Error  ] - Aborting context 175564236705824608, Program: "Main Program".
 <210191911570062336> 11/03/2021 10:50:43.675     [Error  ] - Aborting context 210191911570062336, Program: "Main Program".
 <90991057360112064> 11/03/2021 10:56:20.494     [Error  ] - Aborting context 90991057360112064, Program: "Main Program".
 <451655778934353920> 11/03/2021 10:56:20.495     [Error  ] - Aborting context 451655778934353920, Program: "Main Program".
 <493586972174507648> 11/03/2021 10:56:20.497     [Error  ] - Aborting context 493586972174507648, Program: "Main Program".
 <414444047074416960> 11/03/2021 11:05:57.412     [Error  ] - Aborting context 414444047074416960, Program: "Main Program".
 <480147480437499008> 11/03/2021 11:05:57.414     [Error  ] - Aborting context 480147480437499008, Program: "Main Program".
 <424417747516787648> 11/03/2021 11:10:34.207     [Error  ] - Aborting context 424417747516787648, Program: "Main Program".
 <83536081841188576> 19/07/2021 19:20:51.488     [Error  ] - "Images/clockMS3.png" not found., Program: "Main Program".
 <83536081841188576> 19/07/2021 19:20:51.499     [Error  ] - "C:\entwicklung47\Images/clockMS3.png" not found., Program: "Main Program".
 <185238154520916480> 09/08/2021 13:44:43.443     [Error  ] - "Images/clockMS3.png" not found., Program: "Main Program".
 <185238154520916480> 09/08/2021 13:44:43.454     [Error  ] - "C:\entwicklung47\Images/clockMS3.png" not found., Program: "Main Program".
 <534923160256657344> 09/08/2021 13:48:45.743     [Error  ] - "Images/clockMS3.png" not found., Program: "Main Program".
 <534923160256657344> 09/08/2021 13:48:45.744     [Error  ] - "C:\entwicklung47\Images/clockMS3.png" not found., Program: "Main Program".
 <534923160256657344> 09/08/2021 13:55:22.421     [Error  ] - Aborting context 534923160256657344, Program: "Main Program".
 <53076684839889736> 09/08/2021 14:02:30.388     [Error  ] - Aborting context 53076684839889736, Program: "Main Program".
 <-1> 09/08/2021 14:28:24.409     [Error  ] - Data Sources full open of "C:\ProjekteSF47\SuccessFlowMS\Source\DataSources.xml" ("C:\ProjekteSF47\SuccessFlowMS\Source\DataSourcesIndex.xml" is outdated! It is recommended to regenerate the project's 'Source' folder from an up-to-date export file.)
CheckInMultipleObjects ==> Failed to checkin objects
Non-specific failure (-15)
CheckInMultipleObjects ==> Failed to checkin objects
Non-specific failure (-15)
CheckInMultipleObjects ==> Failed to checkin objects
Non-specific failure (-15)
 <452562374581746304> 12/04/2022 12:49:26.868     [Error  ] - "Images/clockMS3.png" not found., Program: "Main Program".
 <452562374581746304> 12/04/2022 12:49:26.871     [Error  ] - "C:\entwicklung47\Images/clockMS3.png" not found., Program: "Main Program".
