 <-1> 05/08/2021 13:04:30.819     [Error  ] - Failed to Load Assembly : "C:\entwicklung47\ICSharpCode.SharpZipLib.dll"
"Die Datei oder Assembly &quot;ICSharpCode.SharpZipLib.dll&quot; oder eine Abhängigkeit davon wurde nicht gefunden. Das System kann die angegebene Datei nicht finden."
 <-1> 05/08/2021 13:04:32.200     [Error  ] - Java Virtual Machine: Cannot be loaded for "%EngineDir%\GigaSpaces-xpa\lib\xpa\MgxpaGSRequester.jar".
 <-1> 05/08/2021 13:04:32.200     [Error  ] - Java Virtual Machine: Cannot be loaded for "%EngineDir%\GigaSpaces-xpa\lib\xpa\MgxpaGSUtils.jar".
 <-1> 05/08/2021 13:04:32.201     [Error  ] - Java Virtual Machine: Cannot be loaded for "%EngineDir%\GigaSpaces-xpa\lib\xpa\MgxpaGSModel.jar".
 <-1> 05/08/2021 13:05:39.858     [Error  ] - Failed to Load Assembly : "C:\entwicklung47\ICSharpCode.SharpZipLib.dll"
"Die Datei oder Assembly &quot;ICSharpCode.SharpZipLib.dll&quot; oder eine Abhängigkeit davon wurde nicht gefunden. Das System kann die angegebene Datei nicht finden."
 <-1> 05/08/2021 13:12:11.221     [Error  ] - Failed to Load Assembly : "C:\entwicklung47\ICSharpCode.SharpZipLib.dll"
"Die Datei oder Assembly &quot;ICSharpCode.SharpZipLib.dll&quot; oder eine Abhängigkeit davon wurde nicht gefunden. Das System kann die angegebene Datei nicht finden."
 <-1> 05/08/2021 13:20:49.098     [Error  ] - Failed to Load Assembly : "C:\entwicklung47\ICSharpCode.SharpZipLib.dll"
"Die Datei oder Assembly &quot;ICSharpCode.SharpZipLib.dll&quot; oder eine Abhängigkeit davon wurde nicht gefunden. Das System kann die angegebene Datei nicht finden."
 <-1> 05/08/2021 13:22:45.030     [Error  ] - Failed to Load Assembly : "C:\entwicklung47\ICSharpCode.SharpZipLib.dll"
"Die Datei oder Assembly &quot;ICSharpCode.SharpZipLib.dll&quot; oder eine Abhängigkeit davon wurde nicht gefunden. Das System kann die angegebene Datei nicht finden."
 <-1> 05/08/2021 13:22:51.184     [Error  ] - Failed to Load Assembly : "C:\entwicklung47\ICSharpCode.SharpZipLib.dll"
"Die Datei oder Assembly &quot;ICSharpCode.SharpZipLib.dll&quot; oder eine Abhängigkeit davon wurde nicht gefunden. Das System kann die angegebene Datei nicht finden."
 <-1> 05/08/2021 13:22:56.282     [Error  ] - Failed to Load Assembly : "C:\entwicklung47\ICSharpCode.SharpZipLib.dll"
"Die Datei oder Assembly &quot;ICSharpCode.SharpZipLib.dll&quot; oder eine Abhängigkeit davon wurde nicht gefunden. Das System kann die angegebene Datei nicht finden."
 <-1> 05/08/2021 13:23:01.358     [Error  ] - Failed to Load Assembly : "C:\entwicklung47\ICSharpCode.SharpZipLib.dll"
"Die Datei oder Assembly &quot;ICSharpCode.SharpZipLib.dll&quot; oder eine Abhängigkeit davon wurde nicht gefunden. Das System kann die angegebene Datei nicht finden."
 <-1> 05/08/2021 13:23:08.506     [Error  ] - Failed to Load Assembly : "C:\entwicklung47\ICSharpCode.SharpZipLib.dll"
"Die Datei oder Assembly &quot;ICSharpCode.SharpZipLib.dll&quot; oder eine Abhängigkeit davon wurde nicht gefunden. Das System kann die angegebene Datei nicht finden."
 <-1> 05/08/2021 13:23:14.676     [Error  ] - Failed to Load Assembly : "C:\entwicklung47\ICSharpCode.SharpZipLib.dll"
"Die Datei oder Assembly &quot;ICSharpCode.SharpZipLib.dll&quot; oder eine Abhängigkeit davon wurde nicht gefunden. Das System kann die angegebene Datei nicht finden."
 <-1> 05/08/2021 13:23:35.744     [Error  ] - Failed to Load Assembly : "C:\entwicklung47\ICSharpCode.SharpZipLib.dll"
"Die Datei oder Assembly &quot;ICSharpCode.SharpZipLib.dll&quot; oder eine Abhängigkeit davon wurde nicht gefunden. Das System kann die angegebene Datei nicht finden."
 <-1> 02/02/2022 15:02:33.769     [Error  ] - Failed to Load Assembly : "C:\entwicklung47\Traysoft.Internal.dll"
"Die Datei oder Assembly &quot;Traysoft.Internal.dll&quot; oder eine Abhängigkeit davon wurde nicht gefunden. Das System kann die angegebene Datei nicht finden."
 <-1> 02/02/2022 15:02:33.849     [Error  ] - Failed to Load Assembly : "C:\entwicklung47\Traysoft.AddTapi.dll"
"Die Datei oder Assembly &quot;Traysoft.AddTapi.dll&quot; oder eine Abhängigkeit davon wurde nicht gefunden. Das System kann die angegebene Datei nicht finden."
 <-1> 02/02/2022 15:02:33.911     [Error  ] - Failed to Load Assembly : "C:\entwicklung47\SFUtilities.dll"
"Die Datei oder Assembly &quot;SFUtilities.dll&quot; oder eine Abhängigkeit davon wurde nicht gefunden. Das System kann die angegebene Datei nicht finden."
