 <-1> 10/11/2020 03:25:51.767     [Error  ] - Failed to Load Assembly : "C:\entwicklung47\pdf-xpansion-net40-x86.dll"
"Die Datei oder Assembly &quot;pdf-xpansion-net40-x86.dll&quot; oder eine Abhängigkeit davon wurde nicht gefunden. Das System kann die angegebene Datei nicht finden."
 <-1> 10/11/2020 03:25:53.127     [Error  ] - Failed to Load Assembly : "C:\entwicklung47\pdf-xpansion-net40-x86.dll"
"Die Datei oder Assembly &quot;pdf-xpansion-net40-x86.dll&quot; oder eine Abhängigkeit davon wurde nicht gefunden. Das System kann die angegebene Datei nicht finden."
 <-1> 13/11/2020 13:53:43.994     [Error  ] - Failed to Load Assembly : "C:\entwicklung47\pdf-xpansion-net40.dll"
"Die Datei oder Assembly &quot;pdf-xpansion-net40.dll&quot; oder eine Abhängigkeit davon wurde nicht gefunden. Das System kann die angegebene Datei nicht finden."
 <-1> 13/11/2020 13:53:45.366     [Error  ] - Failed to Load Assembly : "C:\entwicklung47\pdf-xpansion-net40.dll"
"Die Datei oder Assembly &quot;pdf-xpansion-net40.dll&quot; oder eine Abhängigkeit davon wurde nicht gefunden. Das System kann die angegebene Datei nicht finden."
 <-1> 20/11/2020 14:17:20.258     [Error  ] - Failed to Load Assembly : "C:\entwicklung47\pdf-xpansion-net40.dll"
"Die Datei oder Assembly &quot;pdf-xpansion-net40.dll&quot; oder eine Abhängigkeit davon wurde nicht gefunden. Das System kann die angegebene Datei nicht finden."
 <-1> 20/11/2020 14:17:21.632     [Error  ] - Failed to Load Assembly : "C:\entwicklung47\pdf-xpansion-net40.dll"
"Die Datei oder Assembly &quot;pdf-xpansion-net40.dll&quot; oder eine Abhängigkeit davon wurde nicht gefunden. Das System kann die angegebene Datei nicht finden."
 <-1> 01/12/2020 09:22:31.634     [Error  ] - Failed to Load Assembly : "C:\entwicklung47\pdf-xpansion-net40.dll"
"Die Datei oder Assembly &quot;pdf-xpansion-net40.dll&quot; oder eine Abhängigkeit davon wurde nicht gefunden. Das System kann die angegebene Datei nicht finden."
 <-1> 01/12/2020 09:22:46.803     [Error  ] - Failed to Load Assembly : "C:\entwicklung47\pdf-xpansion-net40.dll"
"Die Datei oder Assembly &quot;pdf-xpansion-net40.dll&quot; oder eine Abhängigkeit davon wurde nicht gefunden. Das System kann die angegebene Datei nicht finden."
 <-1> 01/12/2020 10:42:06.409     [Error  ] - Failed to Load Assembly : "C:\entwicklung47\pdf-xpansion-net40.dll"
"Die Datei oder Assembly &quot;pdf-xpansion-net40.dll&quot; oder eine Abhängigkeit davon wurde nicht gefunden. Das System kann die angegebene Datei nicht finden."
 <-1> 01/12/2020 10:53:42.450     [Error  ] - Failed to Load Assembly : "C:\entwicklung47\pdf-xpansion-net40.dll"
"Die Datei oder Assembly &quot;pdf-xpansion-net40.dll&quot; oder eine Abhängigkeit davon wurde nicht gefunden. Das System kann die angegebene Datei nicht finden."
 <-1> 01/12/2020 10:54:03.733     [Error  ] - Failed to Load Assembly : "C:\entwicklung47\pdf-xpansion-net40.dll"
"Die Datei oder Assembly &quot;pdf-xpansion-net40.dll&quot; oder eine Abhängigkeit davon wurde nicht gefunden. Das System kann die angegebene Datei nicht finden."
 <-1> 01/12/2020 10:54:04.637     [Error  ] - Failed to Load Assembly : "C:\entwicklung47\pdf-xpansion-net40.dll"
"Die Datei oder Assembly &quot;pdf-xpansion-net40.dll&quot; oder eine Abhängigkeit davon wurde nicht gefunden. Das System kann die angegebene Datei nicht finden."
 <-1> 01/12/2020 11:21:20.302     [Error  ] - Failed to Load Assembly : "C:\entwicklung47\pdf-xpansion-net40.dll"
"Die Datei oder Assembly &quot;pdf-xpansion-net40.dll&quot; oder eine Abhängigkeit davon wurde nicht gefunden. Das System kann die angegebene Datei nicht finden."
 <-1> 01/12/2020 11:21:21.255     [Error  ] - Failed to Load Assembly : "C:\entwicklung47\pdf-xpansion-net40.dll"
"Die Datei oder Assembly &quot;pdf-xpansion-net40.dll&quot; oder eine Abhängigkeit davon wurde nicht gefunden. Das System kann die angegebene Datei nicht finden."
 <-1> 01/12/2020 19:01:19.121     [Error  ] - Failed to Load Assembly : "C:\entwicklung47\pdf-xpansion-net40.dll"
"Die Datei oder Assembly &quot;pdf-xpansion-net40.dll&quot; oder eine Abhängigkeit davon wurde nicht gefunden. Das System kann die angegebene Datei nicht finden."
 <-1> 01/12/2020 19:01:20.056     [Error  ] - Failed to Load Assembly : "C:\entwicklung47\pdf-xpansion-net40.dll"
"Die Datei oder Assembly &quot;pdf-xpansion-net40.dll&quot; oder eine Abhängigkeit davon wurde nicht gefunden. Das System kann die angegebene Datei nicht finden."
 <-1> 01/12/2020 19:06:12.664     [Error  ] - Failed to Load Assembly : "C:\entwicklung47\pdf-xpansion-net40.dll"
"Die Datei oder Assembly &quot;pdf-xpansion-net40.dll&quot; oder eine Abhängigkeit davon wurde nicht gefunden. Das System kann die angegebene Datei nicht finden."
 <-1> 01/12/2020 19:06:13.585     [Error  ] - Failed to Load Assembly : "C:\entwicklung47\pdf-xpansion-net40.dll"
"Die Datei oder Assembly &quot;pdf-xpansion-net40.dll&quot; oder eine Abhängigkeit davon wurde nicht gefunden. Das System kann die angegebene Datei nicht finden."
CheckInMultipleObjects ==> Failed to checkin objects
 <-1> 02/12/2020 15:35:13.039     [Error  ] - Failed to Load Assembly : "C:\entwicklung47\pdf-xpansion-net40.dll"
"Die Datei oder Assembly &quot;pdf-xpansion-net40.dll&quot; oder eine Abhängigkeit davon wurde nicht gefunden. Das System kann die angegebene Datei nicht finden."
 <-1> 02/12/2020 15:35:13.977     [Error  ] - Failed to Load Assembly : "C:\entwicklung47\pdf-xpansion-net40.dll"
"Die Datei oder Assembly &quot;pdf-xpansion-net40.dll&quot; oder eine Abhängigkeit davon wurde nicht gefunden. Das System kann die angegebene Datei nicht finden."
 <-1> 11/12/2020 10:17:22.829     [Error  ] - Failed to Load Assembly : "C:\entwicklung47\pdf-xpansion-net40.dll"
"Die Datei oder Assembly &quot;pdf-xpansion-net40.dll&quot; oder eine Abhängigkeit davon wurde nicht gefunden. Das System kann die angegebene Datei nicht finden."
 <-1> 11/12/2020 10:17:23.763     [Error  ] - Failed to Load Assembly : "C:\entwicklung47\pdf-xpansion-net40.dll"
"Die Datei oder Assembly &quot;pdf-xpansion-net40.dll&quot; oder eine Abhängigkeit davon wurde nicht gefunden. Das System kann die angegebene Datei nicht finden."
 <-1> 11/12/2020 10:19:36.334     [Error  ] - Failed to Load Assembly : "C:\entwicklung47\pdf-xpansion-net40.dll"
"Die Datei oder Assembly &quot;pdf-xpansion-net40.dll&quot; oder eine Abhängigkeit davon wurde nicht gefunden. Das System kann die angegebene Datei nicht finden."
 <-1> 28/05/2021 15:57:03.029     [Error  ] - Failed to Load Assembly : "C:\entwicklung47\ICSharpCode.SharpZipLib.dll"
"Die Datei oder Assembly &quot;ICSharpCode.SharpZipLib.dll&quot; oder eine Abhängigkeit davon wurde nicht gefunden. Das System kann die angegebene Datei nicht finden."
 <-1> 17/06/2021 09:28:01.060     [Error  ] - Failed to Load Assembly : "C:\entwicklung47\ICSharpCode.SharpZipLib.dll"
"Die Datei oder Assembly &quot;ICSharpCode.SharpZipLib.dll&quot; oder eine Abhängigkeit davon wurde nicht gefunden. Das System kann die angegebene Datei nicht finden."
 <-1> 17/06/2021 09:28:08.469     [Error  ] - Failed to Load Assembly : "C:\entwicklung47\ICSharpCode.SharpZipLib.dll"
"Die Datei oder Assembly &quot;ICSharpCode.SharpZipLib.dll&quot; oder eine Abhängigkeit davon wurde nicht gefunden. Das System kann die angegebene Datei nicht finden."
 <-1> 21/06/2021 13:59:03.355     [Error  ] - Failed to Load Assembly : "C:\entwicklung47\ICSharpCode.SharpZipLib.dll"
"Die Datei oder Assembly &quot;ICSharpCode.SharpZipLib.dll&quot; oder eine Abhängigkeit davon wurde nicht gefunden. Das System kann die angegebene Datei nicht finden."
 <-1> 21/06/2021 14:13:19.991     [Error  ] - Failed to Load Assembly : "C:\entwicklung47\ICSharpCode.SharpZipLib.dll"
"Die Datei oder Assembly &quot;ICSharpCode.SharpZipLib.dll&quot; oder eine Abhängigkeit davon wurde nicht gefunden. Das System kann die angegebene Datei nicht finden."
 <-1> 21/06/2021 14:30:18.642     [Error  ] - Failed to Load Assembly : "C:\entwicklung47\ICSharpCode.SharpZipLib.dll"
"Die Datei oder Assembly &quot;ICSharpCode.SharpZipLib.dll&quot; oder eine Abhängigkeit davon wurde nicht gefunden. Das System kann die angegebene Datei nicht finden."
 <-1> 21/06/2021 15:06:21.260     [Error  ] - Failed to Load Assembly : "C:\entwicklung47\ICSharpCode.SharpZipLib.dll"
"Die Datei oder Assembly &quot;ICSharpCode.SharpZipLib.dll&quot; oder eine Abhängigkeit davon wurde nicht gefunden. Das System kann die angegebene Datei nicht finden."
 <-1> 21/06/2021 16:37:03.155     [Error  ] - Failed to Load Assembly : "C:\entwicklung47\ICSharpCode.SharpZipLib.dll"
"Die Datei oder Assembly &quot;ICSharpCode.SharpZipLib.dll&quot; oder eine Abhängigkeit davon wurde nicht gefunden. Das System kann die angegebene Datei nicht finden."
 <-1> 21/06/2021 16:56:22.136     [Error  ] - Failed to Load Assembly : "C:\entwicklung47\ICSharpCode.SharpZipLib.dll"
"Die Datei oder Assembly &quot;ICSharpCode.SharpZipLib.dll&quot; oder eine Abhängigkeit davon wurde nicht gefunden. Das System kann die angegebene Datei nicht finden."
 <-1> 21/06/2021 17:02:50.377     [Error  ] - Failed to Load Assembly : "C:\entwicklung47\ICSharpCode.SharpZipLib.dll"
"Die Datei oder Assembly &quot;ICSharpCode.SharpZipLib.dll&quot; oder eine Abhängigkeit davon wurde nicht gefunden. Das System kann die angegebene Datei nicht finden."
 <-1> 23/06/2021 10:25:40.092     [Error  ] - Failed to Load Assembly : "C:\entwicklung47\ICSharpCode.SharpZipLib.dll"
"Die Datei oder Assembly &quot;ICSharpCode.SharpZipLib.dll&quot; oder eine Abhängigkeit davon wurde nicht gefunden. Das System kann die angegebene Datei nicht finden."
 <-1> 23/06/2021 15:07:00.421     [Error  ] - Failed to Load Assembly : "C:\entwicklung47\ICSharpCode.SharpZipLib.dll"
"Die Datei oder Assembly &quot;ICSharpCode.SharpZipLib.dll&quot; oder eine Abhängigkeit davon wurde nicht gefunden. Das System kann die angegebene Datei nicht finden."
 <-1> 30/06/2021 08:49:20.048     [Error  ] - Failed to Load Assembly : "C:\entwicklung47\ICSharpCode.SharpZipLib.dll"
"Die Datei oder Assembly &quot;ICSharpCode.SharpZipLib.dll&quot; oder eine Abhängigkeit davon wurde nicht gefunden. Das System kann die angegebene Datei nicht finden."
 <-1> 13/07/2021 12:12:24.138     [Error  ] - Failed to Load Assembly : "C:\entwicklung47\ICSharpCode.SharpZipLib.dll"
"Die Datei oder Assembly &quot;ICSharpCode.SharpZipLib.dll&quot; oder eine Abhängigkeit davon wurde nicht gefunden. Das System kann die angegebene Datei nicht finden."
CheckOutObject ==> Object is already checked out by another user (C:\ProjekteSF47\SFSPA\Source\Prg_648.xml)
Someone else has done an exclusive checkout on this object (-7)
 <-1> 13/07/2021 12:20:39.189     [Error  ] - Failed to Load Assembly : "C:\entwicklung47\ICSharpCode.SharpZipLib.dll"
"Die Datei oder Assembly &quot;ICSharpCode.SharpZipLib.dll&quot; oder eine Abhängigkeit davon wurde nicht gefunden. Das System kann die angegebene Datei nicht finden."
 <-1> 14/07/2021 11:53:14.854     [Error  ] - Failed to Load Assembly : "C:\entwicklung47\ICSharpCode.SharpZipLib.dll"
"Die Datei oder Assembly &quot;ICSharpCode.SharpZipLib.dll&quot; oder eine Abhängigkeit davon wurde nicht gefunden. Das System kann die angegebene Datei nicht finden."
 <-1> 16/07/2021 10:16:55.595     [Error  ] - Failed to Load Assembly : "C:\entwicklung47\ICSharpCode.SharpZipLib.dll"
"Die Datei oder Assembly &quot;ICSharpCode.SharpZipLib.dll&quot; oder eine Abhängigkeit davon wurde nicht gefunden. Das System kann die angegebene Datei nicht finden."
 <-1> 23/07/2021 13:47:27.998     [Error  ] - Failed to Load Assembly : "C:\entwicklung47\ICSharpCode.SharpZipLib.dll"
"Die Datei oder Assembly &quot;ICSharpCode.SharpZipLib.dll&quot; oder eine Abhängigkeit davon wurde nicht gefunden. Das System kann die angegebene Datei nicht finden."
 <-1> 23/07/2021 13:47:39.466     [Error  ] - Failed to Load Assembly : "C:\entwicklung47\ICSharpCode.SharpZipLib.dll"
"Die Datei oder Assembly &quot;ICSharpCode.SharpZipLib.dll&quot; oder eine Abhängigkeit davon wurde nicht gefunden. Das System kann die angegebene Datei nicht finden."
 <-1> 23/07/2021 14:02:22.585     [Error  ] - Failed to Load Assembly : "C:\entwicklung47\ICSharpCode.SharpZipLib.dll"
"Die Datei oder Assembly &quot;ICSharpCode.SharpZipLib.dll&quot; oder eine Abhängigkeit davon wurde nicht gefunden. Das System kann die angegebene Datei nicht finden."
 <-1> 28/07/2021 09:49:02.449     [Error  ] - Failed to Load Assembly : "C:\entwicklung47\ICSharpCode.SharpZipLib.dll"
"Die Datei oder Assembly &quot;ICSharpCode.SharpZipLib.dll&quot; oder eine Abhängigkeit davon wurde nicht gefunden. Das System kann die angegebene Datei nicht finden."
 <-1> 28/07/2021 10:54:28.418     [Error  ] - Failed to Load Assembly : "C:\entwicklung47\ICSharpCode.SharpZipLib.dll"
"Die Datei oder Assembly &quot;ICSharpCode.SharpZipLib.dll&quot; oder eine Abhängigkeit davon wurde nicht gefunden. Das System kann die angegebene Datei nicht finden."
 <-1> 28/07/2021 11:51:41.763     [Error  ] - Failed to Load Assembly : "C:\entwicklung47\ICSharpCode.SharpZipLib.dll"
"Die Datei oder Assembly &quot;ICSharpCode.SharpZipLib.dll&quot; oder eine Abhängigkeit davon wurde nicht gefunden. Das System kann die angegebene Datei nicht finden."
 <-1> 29/07/2021 17:52:03.493     [Error  ] - Failed to Load Assembly : "C:\entwicklung47\ICSharpCode.SharpZipLib.dll"
"Die Datei oder Assembly &quot;ICSharpCode.SharpZipLib.dll&quot; oder eine Abhängigkeit davon wurde nicht gefunden. Das System kann die angegebene Datei nicht finden."
 <-1> 04/08/2021 14:06:35.567     [Error  ] - Failed to Load Assembly : "C:\entwicklung47\ICSharpCode.SharpZipLib.dll"
"Die Datei oder Assembly &quot;ICSharpCode.SharpZipLib.dll&quot; oder eine Abhängigkeit davon wurde nicht gefunden. Das System kann die angegebene Datei nicht finden."
 <-1> 04/08/2021 14:06:40.069     [Error  ] - Failed to Load Assembly : "C:\entwicklung47\ICSharpCode.SharpZipLib.dll"
"Die Datei oder Assembly &quot;ICSharpCode.SharpZipLib.dll&quot; oder eine Abhängigkeit davon wurde nicht gefunden. Das System kann die angegebene Datei nicht finden."
 <-1> 04/08/2021 14:07:19.104     [Error  ] - Failed to Load Assembly : "C:\entwicklung47\ICSharpCode.SharpZipLib.dll"
"Die Datei oder Assembly &quot;ICSharpCode.SharpZipLib.dll&quot; oder eine Abhängigkeit davon wurde nicht gefunden. Das System kann die angegebene Datei nicht finden."
 <-1> 05/08/2021 11:48:42.152     [Error  ] - Failed to Load Assembly : "C:\entwicklung47\ICSharpCode.SharpZipLib.dll"
"Die Datei oder Assembly &quot;ICSharpCode.SharpZipLib.dll&quot; oder eine Abhängigkeit davon wurde nicht gefunden. Das System kann die angegebene Datei nicht finden."
 <-1> 05/08/2021 16:15:49.907     [Error  ] - Failed to Load Assembly : "C:\Entwicklung47\ICSharpCode.SharpZipLib.dll"
"Die Datei oder Assembly &quot;ICSharpCode.SharpZipLib.dll&quot; oder eine Abhängigkeit davon wurde nicht gefunden. Das System kann die angegebene Datei nicht finden."
 <-1> 07/08/2021 11:56:35.311     [Error  ] - Failed to Load Assembly : "C:\entwicklung47\ICSharpCode.SharpZipLib.dll"
"Die Datei oder Assembly &quot;ICSharpCode.SharpZipLib.dll&quot; oder eine Abhängigkeit davon wurde nicht gefunden. Das System kann die angegebene Datei nicht finden."
 <-1> 11/08/2021 13:09:27.769     [Error  ] - Failed to Load Assembly : "C:\entwicklung47\ICSharpCode.SharpZipLib.dll"
"Die Datei oder Assembly &quot;ICSharpCode.SharpZipLib.dll&quot; oder eine Abhängigkeit davon wurde nicht gefunden. Das System kann die angegebene Datei nicht finden."
 <-1> 17/08/2021 12:42:59.896     [Error  ] - Failed to Load Assembly : "C:\entwicklung47\ICSharpCode.SharpZipLib.dll"
"Die Datei oder Assembly &quot;ICSharpCode.SharpZipLib.dll&quot; oder eine Abhängigkeit davon wurde nicht gefunden. Das System kann die angegebene Datei nicht finden."
 <-1> 17/08/2021 13:57:35.320     [Error  ] - Failed to Load Assembly : "C:\entwicklung47\ICSharpCode.SharpZipLib.dll"
"Die Datei oder Assembly &quot;ICSharpCode.SharpZipLib.dll&quot; oder eine Abhängigkeit davon wurde nicht gefunden. Das System kann die angegebene Datei nicht finden."
 <-1> 17/08/2021 14:22:55.263     [Error  ] - Failed to Load Assembly : "C:\entwicklung47\ICSharpCode.SharpZipLib.dll"
"Die Datei oder Assembly &quot;ICSharpCode.SharpZipLib.dll&quot; oder eine Abhängigkeit davon wurde nicht gefunden. Das System kann die angegebene Datei nicht finden."
 <-1> 20/08/2021 18:24:50.574     [Error  ] - Failed to Load Assembly : "C:\entwicklung47\ICSharpCode.SharpZipLib.dll"
"Die Datei oder Assembly &quot;ICSharpCode.SharpZipLib.dll&quot; oder eine Abhängigkeit davon wurde nicht gefunden. Das System kann die angegebene Datei nicht finden."
 <-1> 02/03/2022 11:05:37.163     [Error  ] - Error - run-time engine was not found. Please restart the studio in order to run the application
 <15663081644856952> 02/03/2022 11:59:45.886     [Error  ] - [SBM]SPA_BENUTZER ist in der magic.ini nicht angegeben!  >> Application: "C:\ProjekteSF47\SFSPA\", Program: "MonitoringBackground".
 <15663081644856952> 02/03/2022 11:59:47.425     [Error  ] - Fehler:SQL,308,BSVSQL : Der scfleet_order_einbau-Index für die QS.dbo.SCFleet_order-Tabelle (angegeben in der FROM-Klausel) ist nicht vorhanden.
[Table open failed],,SCFleet_order,
Programm: MonitoringBackground;Check;Monitoring_Programme_starten;Monitoring_Programme_starten;2731 SCFleet  lesen;2731.6 SUCFleet OrderStatusNeu  >> Application: "C:\ProjekteSF47\SFSPA\", Program: "MonitoringBackground.Check.Monitoring_Programme_starten.Monitoring_Programme_starten.2731 SCFleet  lesen.2731.6 SUCFleet OrderStatusNeu".
 <15663081644856952> 02/03/2022 11:59:47.426     [Error  ] - Failed to open, data source: SCFleet_order  >> Application: "C:\ProjekteSF47\SFSPA\", Program: "MonitoringBackground.Check.Monitoring_Programme_starten.Monitoring_Programme_starten.2731 SCFleet  lesen.2731.6 SUCFleet OrderStatusNeu".
 <15663081644856952> 02/03/2022 11:59:47.871     [Error  ] - SCFleet Service Tracking:  >> Application: "C:\ProjekteSF47\SFSPA\", Program: "MonitoringBackground.Check.Monitoring_Programme_starten.Monitoring_Programme_starten.2731 SCFleet  lesen.2731.4 SUCFleet Tracking.Event Tracking".
 <15663081644856952> 02/03/2022 11:59:48.044     [Error  ] - SCFleet Service Tracking:  >> Application: "C:\ProjekteSF47\SFSPA\", Program: "MonitoringBackground.Check.Monitoring_Programme_starten.Monitoring_Programme_starten.2731 SCFleet  lesen.2731.4 SUCFleet Tracking.Event Tracking".
 <15663081644856952> 02/03/2022 11:59:48.061     [Error  ] - SCFleet Service Tracking:  >> Application: "C:\ProjekteSF47\SFSPA\", Program: "MonitoringBackground.Check.Monitoring_Programme_starten.Monitoring_Programme_starten.2731 SCFleet  lesen.2731.4 SUCFleet Tracking.Event Tracking".
 <15663081644856952> 02/03/2022 11:59:50.639     [Error  ] - SCFleet Service Tracking:  >> Application: "C:\ProjekteSF47\SFSPA\", Program: "MonitoringBackground.Check.Monitoring_Programme_starten.Monitoring_Programme_starten.2731 SCFleet  lesen.2731.4 SUCFleet Tracking.Event Tracking".
 <15663081644856952> 02/03/2022 11:59:54.638     [Error  ] - SCFleet Service Tracking:  >> Application: "C:\ProjekteSF47\SFSPA\", Program: "MonitoringBackground.Check.Monitoring_Programme_starten.Monitoring_Programme_starten.2731 SCFleet  lesen.2731.4 SUCFleet Tracking.Event Tracking".
 <15663081644856952> 02/03/2022 11:59:54.959     [Error  ] - SCFleet Service Tracking:  >> Application: "C:\ProjekteSF47\SFSPA\", Program: "MonitoringBackground.Check.Monitoring_Programme_starten.Monitoring_Programme_starten.2731 SCFleet  lesen.2731.4 SUCFleet Tracking.Event Tracking".
 <15663081644856952> 02/03/2022 11:59:54.971     [Error  ] - SCFleet Service Tracking:  >> Application: "C:\ProjekteSF47\SFSPA\", Program: "MonitoringBackground.Check.Monitoring_Programme_starten.Monitoring_Programme_starten.2731 SCFleet  lesen.2731.4 SUCFleet Tracking.Event Tracking".
 <15663081644856952> 02/03/2022 11:59:55.224     [Error  ] - SCFleet Service Tracking:  >> Application: "C:\ProjekteSF47\SFSPA\", Program: "MonitoringBackground.Check.Monitoring_Programme_starten.Monitoring_Programme_starten.2731 SCFleet  lesen.2731.4 SUCFleet Tracking.Event Tracking".
 <15663081644856952> 02/03/2022 11:59:55.652     [Error  ] - SCFleet Service Tracking:  >> Application: "C:\ProjekteSF47\SFSPA\", Program: "MonitoringBackground.Check.Monitoring_Programme_starten.Monitoring_Programme_starten.2731 SCFleet  lesen.2731.4 SUCFleet Tracking.Event Tracking".
 <15663081644856952> 02/03/2022 11:59:55.947     [Error  ] - SCFleet Service Tracking:  >> Application: "C:\ProjekteSF47\SFSPA\", Program: "MonitoringBackground.Check.Monitoring_Programme_starten.Monitoring_Programme_starten.2731 SCFleet  lesen.2731.4 SUCFleet Tracking.Event Tracking".
CheckOutObject ==> Object is already checked out by another user (C:\ProjekteSF47\SFSPA\Source\Prg_923.xml)
Someone else has done an exclusive checkout on this object (-7)
CheckOutObject ==> Object is already checked out by another user (C:\ProjekteSF47\SFSPA\Source\Prg_923.xml)
Someone else has done an exclusive checkout on this object (-7)
