 <536049308930351552> 03/03/2022 11:57:58.598     [Error  ] - "C:\entwicklung47\Traysoft.Internal.dll" not found., Program: "Main Program".
 <536049308930351552> 03/03/2022 11:57:58.599     [Error  ] - "C:\entwicklung47\Traysoft.AddTapi.dll" not found., Program: "Main Program".
 <536049308930351552> 03/03/2022 11:57:58.599     [Error  ] - "C:\entwicklung47\SFUtilities.dll" not found., Program: "Main Program".
 <194856224527108896> 03/03/2022 12:04:32.252     [Error  ] - "C:\entwicklung47\Traysoft.Internal.dll" not found., Program: "Main Program".
 <194856224527108896> 03/03/2022 12:04:32.252     [Error  ] - "C:\entwicklung47\Traysoft.AddTapi.dll" not found., Program: "Main Program".
 <194856224527108896> 03/03/2022 12:04:32.253     [Error  ] - "C:\entwicklung47\SFUtilities.dll" not found., Program: "Main Program".
 <-1> 04/03/2022 17:41:36.822     [Error  ] - Failed to Load Assembly : "C:\entwicklung47\Traysoft.Internal.dll"
"Die Datei oder Assembly &quot;Traysoft.Internal.dll&quot; oder eine Abhängigkeit davon wurde nicht gefunden. Das System kann die angegebene Datei nicht finden."
 <-1> 04/03/2022 17:41:36.885     [Error  ] - Failed to Load Assembly : "C:\entwicklung47\Traysoft.AddTapi.dll"
"Die Datei oder Assembly &quot;Traysoft.AddTapi.dll&quot; oder eine Abhängigkeit davon wurde nicht gefunden. Das System kann die angegebene Datei nicht finden."
 <-1> 04/03/2022 17:41:36.948     [Error  ] - Failed to Load Assembly : "C:\entwicklung47\SFUtilities.dll"
"Die Datei oder Assembly &quot;SFUtilities.dll&quot; oder eine Abhängigkeit davon wurde nicht gefunden. Das System kann die angegebene Datei nicht finden."
 <-1> 04/03/2022 17:47:23.450     [Error  ] - Failed to Load Assembly : "C:\entwicklung47\Traysoft.Internal.dll"
"Die Datei oder Assembly &quot;Traysoft.Internal.dll&quot; oder eine Abhängigkeit davon wurde nicht gefunden. Das System kann die angegebene Datei nicht finden."
 <-1> 04/03/2022 17:47:23.513     [Error  ] - Failed to Load Assembly : "C:\entwicklung47\Traysoft.AddTapi.dll"
"Die Datei oder Assembly &quot;Traysoft.AddTapi.dll&quot; oder eine Abhängigkeit davon wurde nicht gefunden. Das System kann die angegebene Datei nicht finden."
 <-1> 04/03/2022 17:47:23.576     [Error  ] - Failed to Load Assembly : "C:\entwicklung47\SFUtilities.dll"
"Die Datei oder Assembly &quot;SFUtilities.dll&quot; oder eine Abhängigkeit davon wurde nicht gefunden. Das System kann die angegebene Datei nicht finden."
 <-1> 04/03/2022 17:48:14.881     [Error  ] - Failed to Load Assembly : "C:\entwicklung47\Traysoft.Internal.dll"
"Die Datei oder Assembly &quot;Traysoft.Internal.dll&quot; oder eine Abhängigkeit davon wurde nicht gefunden. Das System kann die angegebene Datei nicht finden."
 <-1> 04/03/2022 17:48:14.945     [Error  ] - Failed to Load Assembly : "C:\entwicklung47\Traysoft.AddTapi.dll"
"Die Datei oder Assembly &quot;Traysoft.AddTapi.dll&quot; oder eine Abhängigkeit davon wurde nicht gefunden. Das System kann die angegebene Datei nicht finden."
 <-1> 04/03/2022 17:48:15.009     [Error  ] - Failed to Load Assembly : "C:\entwicklung47\SFUtilities.dll"
"Die Datei oder Assembly &quot;SFUtilities.dll&quot; oder eine Abhängigkeit davon wurde nicht gefunden. Das System kann die angegebene Datei nicht finden."
 <-1> 04/03/2022 17:49:54.134     [Error  ] - Failed to Load Assembly : "C:\entwicklung47\Traysoft.Internal.dll"
"Die Datei oder Assembly &quot;Traysoft.Internal.dll&quot; oder eine Abhängigkeit davon wurde nicht gefunden. Das System kann die angegebene Datei nicht finden."
 <-1> 04/03/2022 17:49:54.198     [Error  ] - Failed to Load Assembly : "C:\entwicklung47\Traysoft.AddTapi.dll"
"Die Datei oder Assembly &quot;Traysoft.AddTapi.dll&quot; oder eine Abhängigkeit davon wurde nicht gefunden. Das System kann die angegebene Datei nicht finden."
 <-1> 04/03/2022 17:49:54.261     [Error  ] - Failed to Load Assembly : "C:\entwicklung47\SFUtilities.dll"
"Die Datei oder Assembly &quot;SFUtilities.dll&quot; oder eine Abhängigkeit davon wurde nicht gefunden. Das System kann die angegebene Datei nicht finden."
 <93362940558935072> 04/03/2022 17:59:24.439     [Error  ] - "C:\entwicklung47\Traysoft.Internal.dll" not found., Program: "Main Program".
 <93362940558935072> 04/03/2022 17:59:24.440     [Error  ] - "C:\entwicklung47\Traysoft.AddTapi.dll" not found., Program: "Main Program".
 <93362940558935072> 04/03/2022 17:59:24.440     [Error  ] - "C:\entwicklung47\SFUtilities.dll" not found., Program: "Main Program".
 <93362940558935072> 04/03/2022 18:00:27.533     [Error  ] - HttpJavaWrapper::ExecuteRequest - "java.net.UnknownHostException: Fehlertest
	at java.net.Inet6AddressImpl.lookupAllHostAddr(Native Method)
	at java.net.InetAddress$2.lookupAllHostAddr(InetAddress.java:929)
	at java.net.InetAddress.getAddressesFromNameService(InetAddress.java:1324)
	at java.net.InetAddress.getAllByName0(InetAddress.java:1277)
	at java.net.InetAddress.getAllByName(InetAddress.java:1193)
	at java.net.InetAddress.getAllByName(InetAddress.java:1127)
	at org.apache.http.impl.conn.SystemDefaultDnsResolver.resolve(SystemDefaultDnsResolver.java:45)
	at org.apache.http.impl.conn.DefaultHttpClientConnectionOperator.connect(DefaultHttpClientConnectionOperator.java:111)
	at org.apache.http.impl.conn.PoolingHttpClientConnectionManager.connect(PoolingHttpClientConnectionManager.java:353)
	at org.apache.http.impl.execchain.MainClientExec.establishRoute(MainClientExec.java:380)
	at org.apache.http.impl.execchain.MainClientExec.execute(MainClientExec.java:236)
	at org.apache.http.impl.execchain.ProtocolExec.execute(ProtocolExec.java:184)
	at org.apache.http.impl.execchain.RetryExec.execute(RetryExec.java:88)
	at org.apache.http.impl.execchain.RedirectExec.execute(RedirectExec.java:110)
	at org.apache.http.impl.client.InternalHttpClient.doExecute(InternalHttpClient.java:184)
	at org.apache.http.impl.client.CloseableHttpClient.execute(CloseableHttpClient.java:71)
	at com.magicsoftware.xpa.utils.http.HttpClient.execute(HttpClient.java:178)
", Program: "Start.Suchen.Steuerfile KI".
 <-1> 04/03/2022 18:27:25.181     [Error  ] - Failed to Load Assembly : "C:\entwicklung47\Traysoft.Internal.dll"
"Die Datei oder Assembly &quot;Traysoft.Internal.dll&quot; oder eine Abhängigkeit davon wurde nicht gefunden. Das System kann die angegebene Datei nicht finden."
 <-1> 04/03/2022 18:27:25.243     [Error  ] - Failed to Load Assembly : "C:\entwicklung47\Traysoft.AddTapi.dll"
"Die Datei oder Assembly &quot;Traysoft.AddTapi.dll&quot; oder eine Abhängigkeit davon wurde nicht gefunden. Das System kann die angegebene Datei nicht finden."
 <-1> 04/03/2022 18:27:25.304     [Error  ] - Failed to Load Assembly : "C:\entwicklung47\SFUtilities.dll"
"Die Datei oder Assembly &quot;SFUtilities.dll&quot; oder eine Abhängigkeit davon wurde nicht gefunden. Das System kann die angegebene Datei nicht finden."
 <-1> 04/03/2022 18:28:50.867     [Error  ] - Failed to Load Assembly : "C:\entwicklung47\Traysoft.Internal.dll"
"Die Datei oder Assembly &quot;Traysoft.Internal.dll&quot; oder eine Abhängigkeit davon wurde nicht gefunden. Das System kann die angegebene Datei nicht finden."
 <-1> 04/03/2022 18:28:50.931     [Error  ] - Failed to Load Assembly : "C:\entwicklung47\Traysoft.AddTapi.dll"
"Die Datei oder Assembly &quot;Traysoft.AddTapi.dll&quot; oder eine Abhängigkeit davon wurde nicht gefunden. Das System kann die angegebene Datei nicht finden."
 <-1> 04/03/2022 18:28:50.994     [Error  ] - Failed to Load Assembly : "C:\entwicklung47\SFUtilities.dll"
"Die Datei oder Assembly &quot;SFUtilities.dll&quot; oder eine Abhängigkeit davon wurde nicht gefunden. Das System kann die angegebene Datei nicht finden."
 <490956320010338112> 04/03/2022 18:38:39.564     [Error  ] - "C:\entwicklung47\Traysoft.Internal.dll" not found., Program: "Main Program".
 <490956320010338112> 04/03/2022 18:38:39.565     [Error  ] - "C:\entwicklung47\Traysoft.AddTapi.dll" not found., Program: "Main Program".
 <490956320010338112> 04/03/2022 18:38:39.565     [Error  ] - "C:\entwicklung47\SFUtilities.dll" not found., Program: "Main Program".
 <490956320010338112> 04/03/2022 18:38:55.536     [Error  ] - No records within defined range  >> Application: "C:\ProjekteSF47\SuccessFlow\", Program: "Pickliste TicketsSDI.Pickliste Tickets_prg.Hotline Entitäten".
 <490956320010338112> 04/03/2022 18:39:04.120     [Error  ] - No records within defined range  >> Application: "C:\ProjekteSF47\SuccessFlow\", Program: "Pickliste TicketsSDI.Pickliste Tickets_prg.Hotline Entitäten".
 <270082836764715552> 04/03/2022 18:40:05.362     [Error  ] - "C:\entwicklung47\Traysoft.Internal.dll" not found., Program: "Main Program".
 <270082836764715552> 04/03/2022 18:40:05.363     [Error  ] - "C:\entwicklung47\Traysoft.AddTapi.dll" not found., Program: "Main Program".
 <270082836764715552> 04/03/2022 18:40:05.363     [Error  ] - "C:\entwicklung47\SFUtilities.dll" not found., Program: "Main Program".
 <528619033147553536> 04/03/2022 18:44:31.247     [Error  ] - "C:\entwicklung47\Traysoft.Internal.dll" not found., Program: "Main Program".
 <528619033147553536> 04/03/2022 18:44:31.248     [Error  ] - "C:\entwicklung47\Traysoft.AddTapi.dll" not found., Program: "Main Program".
 <528619033147553536> 04/03/2022 18:44:31.248     [Error  ] - "C:\entwicklung47\SFUtilities.dll" not found., Program: "Main Program".
 <-1> 05/03/2022 13:36:56.412     [Error  ] - Failed to Load Assembly : "C:\entwicklung47\Traysoft.Internal.dll"
"Die Datei oder Assembly &quot;Traysoft.Internal.dll&quot; oder eine Abhängigkeit davon wurde nicht gefunden. Das System kann die angegebene Datei nicht finden."
 <-1> 05/03/2022 13:36:56.475     [Error  ] - Failed to Load Assembly : "C:\entwicklung47\Traysoft.AddTapi.dll"
"Die Datei oder Assembly &quot;Traysoft.AddTapi.dll&quot; oder eine Abhängigkeit davon wurde nicht gefunden. Das System kann die angegebene Datei nicht finden."
 <-1> 05/03/2022 13:36:56.537     [Error  ] - Failed to Load Assembly : "C:\entwicklung47\SFUtilities.dll"
"Die Datei oder Assembly &quot;SFUtilities.dll&quot; oder eine Abhängigkeit davon wurde nicht gefunden. Das System kann die angegebene Datei nicht finden."
 <306509084724448832> 05/03/2022 13:41:43.032     [Error  ] - "C:\entwicklung47\Traysoft.Internal.dll" not found., Program: "Main Program".
 <306509084724448832> 05/03/2022 13:41:43.032     [Error  ] - "C:\entwicklung47\Traysoft.AddTapi.dll" not found., Program: "Main Program".
 <306509084724448832> 05/03/2022 13:41:43.033     [Error  ] - "C:\entwicklung47\SFUtilities.dll" not found., Program: "Main Program".
 <-1> 05/03/2022 14:17:13.794     [Error  ] - Failed to Load Assembly : "C:\entwicklung47\Traysoft.Internal.dll"
"Die Datei oder Assembly &quot;Traysoft.Internal.dll&quot; oder eine Abhängigkeit davon wurde nicht gefunden. Das System kann die angegebene Datei nicht finden."
 <-1> 05/03/2022 14:17:13.857     [Error  ] - Failed to Load Assembly : "C:\entwicklung47\Traysoft.AddTapi.dll"
"Die Datei oder Assembly &quot;Traysoft.AddTapi.dll&quot; oder eine Abhängigkeit davon wurde nicht gefunden. Das System kann die angegebene Datei nicht finden."
 <-1> 05/03/2022 14:17:13.919     [Error  ] - Failed to Load Assembly : "C:\entwicklung47\SFUtilities.dll"
"Die Datei oder Assembly &quot;SFUtilities.dll&quot; oder eine Abhängigkeit davon wurde nicht gefunden. Das System kann die angegebene Datei nicht finden."
 <443511614746139392> 05/03/2022 14:17:39.335     [Error  ] - "C:\entwicklung47\Traysoft.Internal.dll" not found., Program: "Main Program".
 <443511614746139392> 05/03/2022 14:17:39.336     [Error  ] - "C:\entwicklung47\Traysoft.AddTapi.dll" not found., Program: "Main Program".
 <443511614746139392> 05/03/2022 14:17:39.337     [Error  ] - "C:\entwicklung47\SFUtilities.dll" not found., Program: "Main Program".
 <-1> 05/03/2022 14:28:18.198     [Error  ] - Failed to Load Assembly : "C:\entwicklung47\Traysoft.Internal.dll"
"Die Datei oder Assembly &quot;Traysoft.Internal.dll&quot; oder eine Abhängigkeit davon wurde nicht gefunden. Das System kann die angegebene Datei nicht finden."
 <-1> 05/03/2022 14:28:18.260     [Error  ] - Failed to Load Assembly : "C:\entwicklung47\Traysoft.AddTapi.dll"
"Die Datei oder Assembly &quot;Traysoft.AddTapi.dll&quot; oder eine Abhängigkeit davon wurde nicht gefunden. Das System kann die angegebene Datei nicht finden."
 <-1> 05/03/2022 14:28:18.322     [Error  ] - Failed to Load Assembly : "C:\entwicklung47\SFUtilities.dll"
"Die Datei oder Assembly &quot;SFUtilities.dll&quot; oder eine Abhängigkeit davon wurde nicht gefunden. Das System kann die angegebene Datei nicht finden."
 <291163014681936448> 05/03/2022 14:29:06.813     [Error  ] - "C:\entwicklung47\Traysoft.Internal.dll" not found., Program: "Main Program".
 <291163014681936448> 05/03/2022 14:29:06.814     [Error  ] - "C:\entwicklung47\Traysoft.AddTapi.dll" not found., Program: "Main Program".
 <291163014681936448> 05/03/2022 14:29:06.814     [Error  ] - "C:\entwicklung47\SFUtilities.dll" not found., Program: "Main Program".
 <-1> 05/03/2022 14:44:39.700     [Error  ] - Failed to Load Assembly : "C:\entwicklung47\Traysoft.Internal.dll"
"Die Datei oder Assembly &quot;Traysoft.Internal.dll&quot; oder eine Abhängigkeit davon wurde nicht gefunden. Das System kann die angegebene Datei nicht finden."
 <-1> 05/03/2022 14:44:39.762     [Error  ] - Failed to Load Assembly : "C:\entwicklung47\Traysoft.AddTapi.dll"
"Die Datei oder Assembly &quot;Traysoft.AddTapi.dll&quot; oder eine Abhängigkeit davon wurde nicht gefunden. Das System kann die angegebene Datei nicht finden."
 <-1> 05/03/2022 14:44:39.824     [Error  ] - Failed to Load Assembly : "C:\entwicklung47\SFUtilities.dll"
"Die Datei oder Assembly &quot;SFUtilities.dll&quot; oder eine Abhängigkeit davon wurde nicht gefunden. Das System kann die angegebene Datei nicht finden."
 <138594746959778160> 05/03/2022 14:48:24.115     [Error  ] - "C:\entwicklung47\Traysoft.Internal.dll" not found., Program: "Main Program".
 <138594746959778160> 05/03/2022 14:48:24.116     [Error  ] - "C:\entwicklung47\Traysoft.AddTapi.dll" not found., Program: "Main Program".
 <138594746959778160> 05/03/2022 14:48:24.116     [Error  ] - "C:\entwicklung47\SFUtilities.dll" not found., Program: "Main Program".
 <-1> 05/03/2022 17:48:47.532     [Error  ] - Failed to Load Assembly : "C:\entwicklung47\Traysoft.Internal.dll"
"Die Datei oder Assembly &quot;Traysoft.Internal.dll&quot; oder eine Abhängigkeit davon wurde nicht gefunden. Das System kann die angegebene Datei nicht finden."
 <-1> 05/03/2022 17:48:47.595     [Error  ] - Failed to Load Assembly : "C:\entwicklung47\Traysoft.AddTapi.dll"
"Die Datei oder Assembly &quot;Traysoft.AddTapi.dll&quot; oder eine Abhängigkeit davon wurde nicht gefunden. Das System kann die angegebene Datei nicht finden."
 <-1> 05/03/2022 17:48:47.657     [Error  ] - Failed to Load Assembly : "C:\entwicklung47\SFUtilities.dll"
"Die Datei oder Assembly &quot;SFUtilities.dll&quot; oder eine Abhängigkeit davon wurde nicht gefunden. Das System kann die angegebene Datei nicht finden."
 <-1> 05/03/2022 17:53:27.194     [Error  ] - Failed to Load Assembly : "C:\entwicklung47\Traysoft.Internal.dll"
"Die Datei oder Assembly &quot;Traysoft.Internal.dll&quot; oder eine Abhängigkeit davon wurde nicht gefunden. Das System kann die angegebene Datei nicht finden."
 <-1> 05/03/2022 17:53:27.256     [Error  ] - Failed to Load Assembly : "C:\entwicklung47\Traysoft.AddTapi.dll"
"Die Datei oder Assembly &quot;Traysoft.AddTapi.dll&quot; oder eine Abhängigkeit davon wurde nicht gefunden. Das System kann die angegebene Datei nicht finden."
 <-1> 05/03/2022 17:53:27.319     [Error  ] - Failed to Load Assembly : "C:\entwicklung47\SFUtilities.dll"
"Die Datei oder Assembly &quot;SFUtilities.dll&quot; oder eine Abhängigkeit davon wurde nicht gefunden. Das System kann die angegebene Datei nicht finden."
 <440023929448972544> 05/03/2022 17:57:58.910     [Error  ] - "C:\entwicklung47\Traysoft.Internal.dll" not found., Program: "Main Program".
 <440023929448972544> 05/03/2022 17:57:58.910     [Error  ] - "C:\entwicklung47\Traysoft.AddTapi.dll" not found., Program: "Main Program".
 <440023929448972544> 05/03/2022 17:57:58.911     [Error  ] - "C:\entwicklung47\SFUtilities.dll" not found., Program: "Main Program".
 <-1> 05/03/2022 18:29:04.614     [Error  ] - Failed to Load Assembly : "C:\entwicklung47\Traysoft.Internal.dll"
"Die Datei oder Assembly &quot;Traysoft.Internal.dll&quot; oder eine Abhängigkeit davon wurde nicht gefunden. Das System kann die angegebene Datei nicht finden."
 <-1> 05/03/2022 18:29:04.676     [Error  ] - Failed to Load Assembly : "C:\entwicklung47\Traysoft.AddTapi.dll"
"Die Datei oder Assembly &quot;Traysoft.AddTapi.dll&quot; oder eine Abhängigkeit davon wurde nicht gefunden. Das System kann die angegebene Datei nicht finden."
 <-1> 05/03/2022 18:29:04.737     [Error  ] - Failed to Load Assembly : "C:\entwicklung47\SFUtilities.dll"
"Die Datei oder Assembly &quot;SFUtilities.dll&quot; oder eine Abhängigkeit davon wurde nicht gefunden. Das System kann die angegebene Datei nicht finden."
 <-1> 06/03/2022 12:09:24.972     [Error  ] - Failed to Load Assembly : "C:\entwicklung47\Traysoft.Internal.dll"
"Die Datei oder Assembly &quot;Traysoft.Internal.dll&quot; oder eine Abhängigkeit davon wurde nicht gefunden. Das System kann die angegebene Datei nicht finden."
 <-1> 06/03/2022 12:09:25.033     [Error  ] - Failed to Load Assembly : "C:\entwicklung47\Traysoft.AddTapi.dll"
"Die Datei oder Assembly &quot;Traysoft.AddTapi.dll&quot; oder eine Abhängigkeit davon wurde nicht gefunden. Das System kann die angegebene Datei nicht finden."
 <-1> 06/03/2022 12:09:25.097     [Error  ] - Failed to Load Assembly : "C:\entwicklung47\SFUtilities.dll"
"Die Datei oder Assembly &quot;SFUtilities.dll&quot; oder eine Abhängigkeit davon wurde nicht gefunden. Das System kann die angegebene Datei nicht finden."
 <-1> 06/03/2022 12:11:09.028     [Error  ] - Failed to Load Assembly : "C:\entwicklung47\Traysoft.Internal.dll"
"Die Datei oder Assembly &quot;Traysoft.Internal.dll&quot; oder eine Abhängigkeit davon wurde nicht gefunden. Das System kann die angegebene Datei nicht finden."
 <-1> 06/03/2022 12:11:09.091     [Error  ] - Failed to Load Assembly : "C:\entwicklung47\Traysoft.AddTapi.dll"
"Die Datei oder Assembly &quot;Traysoft.AddTapi.dll&quot; oder eine Abhängigkeit davon wurde nicht gefunden. Das System kann die angegebene Datei nicht finden."
 <-1> 06/03/2022 12:11:09.152     [Error  ] - Failed to Load Assembly : "C:\entwicklung47\SFUtilities.dll"
"Die Datei oder Assembly &quot;SFUtilities.dll&quot; oder eine Abhängigkeit davon wurde nicht gefunden. Das System kann die angegebene Datei nicht finden."
 <266229639440173248> 06/03/2022 12:15:30.301     [Error  ] - "C:\entwicklung47\Traysoft.Internal.dll" not found., Program: "Main Program".
 <266229639440173248> 06/03/2022 12:15:30.302     [Error  ] - "C:\entwicklung47\Traysoft.AddTapi.dll" not found., Program: "Main Program".
 <266229639440173248> 06/03/2022 12:15:30.303     [Error  ] - "C:\entwicklung47\SFUtilities.dll" not found., Program: "Main Program".
 <215539233375381440> 06/03/2022 12:23:07.119     [Error  ] - "C:\entwicklung47\Traysoft.Internal.dll" not found., Program: "Main Program".
 <215539233375381440> 06/03/2022 12:23:07.120     [Error  ] - "C:\entwicklung47\Traysoft.AddTapi.dll" not found., Program: "Main Program".
 <215539233375381440> 06/03/2022 12:23:07.121     [Error  ] - "C:\entwicklung47\SFUtilities.dll" not found., Program: "Main Program".
 <-1> 06/03/2022 12:45:52.595     [Error  ] - Failed to Load Assembly : "C:\entwicklung47\Traysoft.Internal.dll"
"Die Datei oder Assembly &quot;Traysoft.Internal.dll&quot; oder eine Abhängigkeit davon wurde nicht gefunden. Das System kann die angegebene Datei nicht finden."
 <-1> 06/03/2022 12:45:52.659     [Error  ] - Failed to Load Assembly : "C:\entwicklung47\Traysoft.AddTapi.dll"
"Die Datei oder Assembly &quot;Traysoft.AddTapi.dll&quot; oder eine Abhängigkeit davon wurde nicht gefunden. Das System kann die angegebene Datei nicht finden."
 <-1> 06/03/2022 12:45:52.723     [Error  ] - Failed to Load Assembly : "C:\entwicklung47\SFUtilities.dll"
"Die Datei oder Assembly &quot;SFUtilities.dll&quot; oder eine Abhängigkeit davon wurde nicht gefunden. Das System kann die angegebene Datei nicht finden."
 <91690547257481744> 06/03/2022 12:46:09.832     [Error  ] - "C:\entwicklung47\Traysoft.Internal.dll" not found., Program: "Main Program".
 <91690547257481744> 06/03/2022 12:46:09.832     [Error  ] - "C:\entwicklung47\Traysoft.AddTapi.dll" not found., Program: "Main Program".
 <91690547257481744> 06/03/2022 12:46:09.833     [Error  ] - "C:\entwicklung47\SFUtilities.dll" not found., Program: "Main Program".
 <-1> 06/03/2022 12:55:22.555     [Error  ] - Failed to Load Assembly : "C:\entwicklung47\Traysoft.Internal.dll"
"Die Datei oder Assembly &quot;Traysoft.Internal.dll&quot; oder eine Abhängigkeit davon wurde nicht gefunden. Das System kann die angegebene Datei nicht finden."
 <-1> 06/03/2022 12:55:22.619     [Error  ] - Failed to Load Assembly : "C:\entwicklung47\Traysoft.AddTapi.dll"
"Die Datei oder Assembly &quot;Traysoft.AddTapi.dll&quot; oder eine Abhängigkeit davon wurde nicht gefunden. Das System kann die angegebene Datei nicht finden."
 <-1> 06/03/2022 12:55:22.681     [Error  ] - Failed to Load Assembly : "C:\entwicklung47\SFUtilities.dll"
"Die Datei oder Assembly &quot;SFUtilities.dll&quot; oder eine Abhängigkeit davon wurde nicht gefunden. Das System kann die angegebene Datei nicht finden."
 <467170355682687680> 06/03/2022 12:57:13.457     [Error  ] - "C:\entwicklung47\Traysoft.Internal.dll" not found., Program: "Main Program".
 <467170355682687680> 06/03/2022 12:57:13.458     [Error  ] - "C:\entwicklung47\Traysoft.AddTapi.dll" not found., Program: "Main Program".
 <467170355682687680> 06/03/2022 12:57:13.458     [Error  ] - "C:\entwicklung47\SFUtilities.dll" not found., Program: "Main Program".
 <-1> 06/03/2022 13:07:36.197     [Error  ] - Failed to Load Assembly : "C:\entwicklung47\Traysoft.Internal.dll"
"Die Datei oder Assembly &quot;Traysoft.Internal.dll&quot; oder eine Abhängigkeit davon wurde nicht gefunden. Das System kann die angegebene Datei nicht finden."
 <-1> 06/03/2022 13:07:36.261     [Error  ] - Failed to Load Assembly : "C:\entwicklung47\Traysoft.AddTapi.dll"
"Die Datei oder Assembly &quot;Traysoft.AddTapi.dll&quot; oder eine Abhängigkeit davon wurde nicht gefunden. Das System kann die angegebene Datei nicht finden."
 <-1> 06/03/2022 13:07:36.325     [Error  ] - Failed to Load Assembly : "C:\entwicklung47\SFUtilities.dll"
"Die Datei oder Assembly &quot;SFUtilities.dll&quot; oder eine Abhängigkeit davon wurde nicht gefunden. Das System kann die angegebene Datei nicht finden."
 <88283248409296752> 06/03/2022 13:08:05.090     [Error  ] - "C:\entwicklung47\Traysoft.Internal.dll" not found., Program: "Main Program".
 <88283248409296752> 06/03/2022 13:08:05.090     [Error  ] - "C:\entwicklung47\Traysoft.AddTapi.dll" not found., Program: "Main Program".
 <88283248409296752> 06/03/2022 13:08:05.091     [Error  ] - "C:\entwicklung47\SFUtilities.dll" not found., Program: "Main Program".
 <-1> 06/03/2022 13:15:53.668     [Error  ] - Failed to Load Assembly : "C:\entwicklung47\Traysoft.Internal.dll"
"Die Datei oder Assembly &quot;Traysoft.Internal.dll&quot; oder eine Abhängigkeit davon wurde nicht gefunden. Das System kann die angegebene Datei nicht finden."
 <-1> 06/03/2022 13:15:53.730     [Error  ] - Failed to Load Assembly : "C:\entwicklung47\Traysoft.AddTapi.dll"
"Die Datei oder Assembly &quot;Traysoft.AddTapi.dll&quot; oder eine Abhängigkeit davon wurde nicht gefunden. Das System kann die angegebene Datei nicht finden."
 <-1> 06/03/2022 13:15:53.794     [Error  ] - Failed to Load Assembly : "C:\entwicklung47\SFUtilities.dll"
"Die Datei oder Assembly &quot;SFUtilities.dll&quot; oder eine Abhängigkeit davon wurde nicht gefunden. Das System kann die angegebene Datei nicht finden."
 <189984526138020896> 06/03/2022 13:17:51.667     [Error  ] - "C:\entwicklung47\Traysoft.Internal.dll" not found., Program: "Main Program".
 <189984526138020896> 06/03/2022 13:17:51.668     [Error  ] - "C:\entwicklung47\Traysoft.AddTapi.dll" not found., Program: "Main Program".
 <189984526138020896> 06/03/2022 13:17:51.668     [Error  ] - "C:\entwicklung47\SFUtilities.dll" not found., Program: "Main Program".
 <-1> 06/03/2022 13:28:57.448     [Error  ] - Failed to Load Assembly : "C:\entwicklung47\Traysoft.Internal.dll"
"Die Datei oder Assembly &quot;Traysoft.Internal.dll&quot; oder eine Abhängigkeit davon wurde nicht gefunden. Das System kann die angegebene Datei nicht finden."
 <-1> 06/03/2022 13:28:57.511     [Error  ] - Failed to Load Assembly : "C:\entwicklung47\Traysoft.AddTapi.dll"
"Die Datei oder Assembly &quot;Traysoft.AddTapi.dll&quot; oder eine Abhängigkeit davon wurde nicht gefunden. Das System kann die angegebene Datei nicht finden."
 <-1> 06/03/2022 13:28:57.574     [Error  ] - Failed to Load Assembly : "C:\entwicklung47\SFUtilities.dll"
"Die Datei oder Assembly &quot;SFUtilities.dll&quot; oder eine Abhängigkeit davon wurde nicht gefunden. Das System kann die angegebene Datei nicht finden."
 <-1> 06/03/2022 13:30:14.929     [Error  ] - Failed to Load Assembly : "C:\entwicklung47\Traysoft.Internal.dll"
"Die Datei oder Assembly &quot;Traysoft.Internal.dll&quot; oder eine Abhängigkeit davon wurde nicht gefunden. Das System kann die angegebene Datei nicht finden."
 <-1> 06/03/2022 13:30:14.992     [Error  ] - Failed to Load Assembly : "C:\entwicklung47\Traysoft.AddTapi.dll"
"Die Datei oder Assembly &quot;Traysoft.AddTapi.dll&quot; oder eine Abhängigkeit davon wurde nicht gefunden. Das System kann die angegebene Datei nicht finden."
 <-1> 06/03/2022 13:30:15.054     [Error  ] - Failed to Load Assembly : "C:\entwicklung47\SFUtilities.dll"
"Die Datei oder Assembly &quot;SFUtilities.dll&quot; oder eine Abhängigkeit davon wurde nicht gefunden. Das System kann die angegebene Datei nicht finden."
 <-1> 06/03/2022 16:36:32.757     [Error  ] - Failed to Load Assembly : "C:\entwicklung47\Traysoft.Internal.dll"
"Die Datei oder Assembly &quot;Traysoft.Internal.dll&quot; oder eine Abhängigkeit davon wurde nicht gefunden. Das System kann die angegebene Datei nicht finden."
 <-1> 06/03/2022 16:36:32.819     [Error  ] - Failed to Load Assembly : "C:\entwicklung47\Traysoft.AddTapi.dll"
"Die Datei oder Assembly &quot;Traysoft.AddTapi.dll&quot; oder eine Abhängigkeit davon wurde nicht gefunden. Das System kann die angegebene Datei nicht finden."
 <-1> 06/03/2022 16:36:32.881     [Error  ] - Failed to Load Assembly : "C:\entwicklung47\SFUtilities.dll"
"Die Datei oder Assembly &quot;SFUtilities.dll&quot; oder eine Abhängigkeit davon wurde nicht gefunden. Das System kann die angegebene Datei nicht finden."
 <-1> 06/03/2022 18:03:48.893     [Error  ] - Failed to Load Assembly : "C:\entwicklung47\Traysoft.Internal.dll"
"Die Datei oder Assembly &quot;Traysoft.Internal.dll&quot; oder eine Abhängigkeit davon wurde nicht gefunden. Das System kann die angegebene Datei nicht finden."
 <-1> 06/03/2022 18:03:48.955     [Error  ] - Failed to Load Assembly : "C:\entwicklung47\Traysoft.AddTapi.dll"
"Die Datei oder Assembly &quot;Traysoft.AddTapi.dll&quot; oder eine Abhängigkeit davon wurde nicht gefunden. Das System kann die angegebene Datei nicht finden."
 <-1> 06/03/2022 18:03:49.019     [Error  ] - Failed to Load Assembly : "C:\entwicklung47\SFUtilities.dll"
"Die Datei oder Assembly &quot;SFUtilities.dll&quot; oder eine Abhängigkeit davon wurde nicht gefunden. Das System kann die angegebene Datei nicht finden."
 <3340638469284321> 06/03/2022 18:04:10.561     [Error  ] - "C:\entwicklung47\Traysoft.Internal.dll" not found., Program: "Main Program".
 <3340638469284321> 06/03/2022 18:04:10.562     [Error  ] - "C:\entwicklung47\Traysoft.AddTapi.dll" not found., Program: "Main Program".
 <3340638469284321> 06/03/2022 18:04:10.562     [Error  ] - "C:\entwicklung47\SFUtilities.dll" not found., Program: "Main Program".
 <-1> 06/03/2022 18:13:17.972     [Error  ] - Failed to Load Assembly : "C:\entwicklung47\Traysoft.Internal.dll"
"Die Datei oder Assembly &quot;Traysoft.Internal.dll&quot; oder eine Abhängigkeit davon wurde nicht gefunden. Das System kann die angegebene Datei nicht finden."
 <-1> 06/03/2022 18:13:18.034     [Error  ] - Failed to Load Assembly : "C:\entwicklung47\Traysoft.AddTapi.dll"
"Die Datei oder Assembly &quot;Traysoft.AddTapi.dll&quot; oder eine Abhängigkeit davon wurde nicht gefunden. Das System kann die angegebene Datei nicht finden."
 <-1> 06/03/2022 18:13:18.097     [Error  ] - Failed to Load Assembly : "C:\entwicklung47\SFUtilities.dll"
"Die Datei oder Assembly &quot;SFUtilities.dll&quot; oder eine Abhängigkeit davon wurde nicht gefunden. Das System kann die angegebene Datei nicht finden."
 <-1> 09/03/2022 15:23:37.234     [Error  ] - Failed to Load Assembly : "C:\entwicklung47\Traysoft.Internal.dll"
"Die Datei oder Assembly &quot;Traysoft.Internal.dll&quot; oder eine Abhängigkeit davon wurde nicht gefunden. Das System kann die angegebene Datei nicht finden."
 <-1> 09/03/2022 15:23:37.313     [Error  ] - Failed to Load Assembly : "C:\entwicklung47\Traysoft.AddTapi.dll"
"Die Datei oder Assembly &quot;Traysoft.AddTapi.dll&quot; oder eine Abhängigkeit davon wurde nicht gefunden. Das System kann die angegebene Datei nicht finden."
 <-1> 09/03/2022 15:23:37.376     [Error  ] - Failed to Load Assembly : "C:\entwicklung47\SFUtilities.dll"
"Die Datei oder Assembly &quot;SFUtilities.dll&quot; oder eine Abhängigkeit davon wurde nicht gefunden. Das System kann die angegebene Datei nicht finden."
 <74204429343576288> 09/03/2022 15:24:13.883     [Error  ] - "C:\entwicklung47\Traysoft.Internal.dll" not found., Program: "Main Program".
 <74204429343576288> 09/03/2022 15:24:13.883     [Error  ] - "C:\entwicklung47\Traysoft.AddTapi.dll" not found., Program: "Main Program".
 <74204429343576288> 09/03/2022 15:24:13.884     [Error  ] - "C:\entwicklung47\SFUtilities.dll" not found., Program: "Main Program".
 <-1> 09/03/2022 15:58:17.521     [Error  ] - Failed to Load Assembly : "C:\entwicklung47\Traysoft.Internal.dll"
"Die Datei oder Assembly &quot;Traysoft.Internal.dll&quot; oder eine Abhängigkeit davon wurde nicht gefunden. Das System kann die angegebene Datei nicht finden."
 <-1> 09/03/2022 15:58:17.585     [Error  ] - Failed to Load Assembly : "C:\entwicklung47\Traysoft.AddTapi.dll"
"Die Datei oder Assembly &quot;Traysoft.AddTapi.dll&quot; oder eine Abhängigkeit davon wurde nicht gefunden. Das System kann die angegebene Datei nicht finden."
 <-1> 09/03/2022 15:58:17.649     [Error  ] - Failed to Load Assembly : "C:\entwicklung47\SFUtilities.dll"
"Die Datei oder Assembly &quot;SFUtilities.dll&quot; oder eine Abhängigkeit davon wurde nicht gefunden. Das System kann die angegebene Datei nicht finden."
 <418035222002590080> 09/03/2022 16:13:09.040     [Error  ] - "C:\entwicklung47\Traysoft.Internal.dll" not found., Program: "Main Program".
 <418035222002590080> 09/03/2022 16:13:09.040     [Error  ] - "C:\entwicklung47\Traysoft.AddTapi.dll" not found., Program: "Main Program".
 <418035222002590080> 09/03/2022 16:13:09.041     [Error  ] - "C:\entwicklung47\SFUtilities.dll" not found., Program: "Main Program".
 <-1> 09/03/2022 16:19:55.608     [Error  ] - Failed to Load Assembly : "C:\entwicklung47\Traysoft.Internal.dll"
"Die Datei oder Assembly &quot;Traysoft.Internal.dll&quot; oder eine Abhängigkeit davon wurde nicht gefunden. Das System kann die angegebene Datei nicht finden."
 <-1> 09/03/2022 16:19:55.672     [Error  ] - Failed to Load Assembly : "C:\entwicklung47\Traysoft.AddTapi.dll"
"Die Datei oder Assembly &quot;Traysoft.AddTapi.dll&quot; oder eine Abhängigkeit davon wurde nicht gefunden. Das System kann die angegebene Datei nicht finden."
 <-1> 09/03/2022 16:19:55.736     [Error  ] - Failed to Load Assembly : "C:\entwicklung47\SFUtilities.dll"
"Die Datei oder Assembly &quot;SFUtilities.dll&quot; oder eine Abhängigkeit davon wurde nicht gefunden. Das System kann die angegebene Datei nicht finden."
 <247677393397735968> 09/03/2022 16:22:48.715     [Error  ] - "C:\entwicklung47\Traysoft.Internal.dll" not found., Program: "Main Program".
 <247677393397735968> 09/03/2022 16:22:48.715     [Error  ] - "C:\entwicklung47\Traysoft.AddTapi.dll" not found., Program: "Main Program".
 <247677393397735968> 09/03/2022 16:22:48.716     [Error  ] - "C:\entwicklung47\SFUtilities.dll" not found., Program: "Main Program".
 <574321978247324736> 09/03/2022 16:33:24.331     [Error  ] - "C:\entwicklung47\Traysoft.Internal.dll" not found., Program: "Main Program".
 <574321978247324736> 09/03/2022 16:33:24.332     [Error  ] - "C:\entwicklung47\Traysoft.AddTapi.dll" not found., Program: "Main Program".
 <574321978247324736> 09/03/2022 16:33:24.332     [Error  ] - "C:\entwicklung47\SFUtilities.dll" not found., Program: "Main Program".
 <468942711129146688> 09/03/2022 16:42:08.931     [Error  ] - "C:\entwicklung47\Traysoft.Internal.dll" not found., Program: "Main Program".
 <468942711129146688> 09/03/2022 16:42:08.931     [Error  ] - "C:\entwicklung47\Traysoft.AddTapi.dll" not found., Program: "Main Program".
 <468942711129146688> 09/03/2022 16:42:08.932     [Error  ] - "C:\entwicklung47\SFUtilities.dll" not found., Program: "Main Program".
 <138094035526196608> 09/03/2022 16:55:59.900     [Error  ] - "C:\entwicklung47\Traysoft.Internal.dll" not found., Program: "Main Program".
 <138094035526196608> 09/03/2022 16:55:59.901     [Error  ] - "C:\entwicklung47\Traysoft.AddTapi.dll" not found., Program: "Main Program".
 <138094035526196608> 09/03/2022 16:55:59.902     [Error  ] - "C:\entwicklung47\SFUtilities.dll" not found., Program: "Main Program".
 <-1> 09/03/2022 17:04:58.421     [Error  ] - Failed to Load Assembly : "C:\entwicklung47\Traysoft.Internal.dll"
"Die Datei oder Assembly &quot;Traysoft.Internal.dll&quot; oder eine Abhängigkeit davon wurde nicht gefunden. Das System kann die angegebene Datei nicht finden."
 <-1> 09/03/2022 17:04:58.483     [Error  ] - Failed to Load Assembly : "C:\entwicklung47\Traysoft.AddTapi.dll"
"Die Datei oder Assembly &quot;Traysoft.AddTapi.dll&quot; oder eine Abhängigkeit davon wurde nicht gefunden. Das System kann die angegebene Datei nicht finden."
 <-1> 09/03/2022 17:04:58.545     [Error  ] - Failed to Load Assembly : "C:\entwicklung47\SFUtilities.dll"
"Die Datei oder Assembly &quot;SFUtilities.dll&quot; oder eine Abhängigkeit davon wurde nicht gefunden. Das System kann die angegebene Datei nicht finden."
 <533216964298205120> 09/03/2022 17:05:16.888     [Error  ] - "C:\entwicklung47\Traysoft.Internal.dll" not found., Program: "Main Program".
 <533216964298205120> 09/03/2022 17:05:16.889     [Error  ] - "C:\entwicklung47\Traysoft.AddTapi.dll" not found., Program: "Main Program".
 <533216964298205120> 09/03/2022 17:05:16.889     [Error  ] - "C:\entwicklung47\SFUtilities.dll" not found., Program: "Main Program".
 <533216964298205120> 09/03/2022 17:14:31.721     [Error  ] - Failed to open, data source: FEIERTAGE1  >> Application: "c:\projekteSF47\\SFSPA\", Program: "Start.Pickliste Projekte.Pickliste Projekte_prg.Projekte.Projektvorgänge.Projektuntervorgänge.neuesDatum nach Arbeitstagen".
 <106297262794441200> 09/03/2022 17:18:53.657     [Error  ] - "C:\entwicklung47\Traysoft.Internal.dll" not found., Program: "Main Program".
 <106297262794441200> 09/03/2022 17:18:53.657     [Error  ] - "C:\entwicklung47\Traysoft.AddTapi.dll" not found., Program: "Main Program".
 <106297262794441200> 09/03/2022 17:18:53.658     [Error  ] - "C:\entwicklung47\SFUtilities.dll" not found., Program: "Main Program".
 <66880075957790000> 09/03/2022 17:24:17.762     [Error  ] - "C:\entwicklung47\Traysoft.Internal.dll" not found., Program: "Main Program".
 <66880075957790000> 09/03/2022 17:24:17.763     [Error  ] - "C:\entwicklung47\Traysoft.AddTapi.dll" not found., Program: "Main Program".
 <66880075957790000> 09/03/2022 17:24:17.763     [Error  ] - "C:\entwicklung47\SFUtilities.dll" not found., Program: "Main Program".
 <96355929513258976> 09/03/2022 17:34:59.224     [Error  ] - "C:\entwicklung47\Traysoft.Internal.dll" not found., Program: "Main Program".
 <96355929513258976> 09/03/2022 17:34:59.225     [Error  ] - "C:\entwicklung47\Traysoft.AddTapi.dll" not found., Program: "Main Program".
 <96355929513258976> 09/03/2022 17:34:59.225     [Error  ] - "C:\entwicklung47\SFUtilities.dll" not found., Program: "Main Program".
 <-1> 09/03/2022 17:40:00.062     [Error  ] - Error - run-time engine was not found. Please restart the studio in order to run the application
 <-1> 09/03/2022 17:49:19.093     [Error  ] - Failed to Load Assembly : "C:\entwicklung47\Traysoft.Internal.dll"
"Die Datei oder Assembly &quot;Traysoft.Internal.dll&quot; oder eine Abhängigkeit davon wurde nicht gefunden. Das System kann die angegebene Datei nicht finden."
 <-1> 09/03/2022 17:49:19.157     [Error  ] - Failed to Load Assembly : "C:\entwicklung47\Traysoft.AddTapi.dll"
"Die Datei oder Assembly &quot;Traysoft.AddTapi.dll&quot; oder eine Abhängigkeit davon wurde nicht gefunden. Das System kann die angegebene Datei nicht finden."
 <-1> 09/03/2022 17:49:19.219     [Error  ] - Failed to Load Assembly : "C:\entwicklung47\SFUtilities.dll"
"Die Datei oder Assembly &quot;SFUtilities.dll&quot; oder eine Abhängigkeit davon wurde nicht gefunden. Das System kann die angegebene Datei nicht finden."
 <35262572924017948> 09/03/2022 17:51:55.763     [Error  ] - "C:\entwicklung47\Traysoft.Internal.dll" not found., Program: "Main Program".
 <35262572924017948> 09/03/2022 17:51:55.764     [Error  ] - "C:\entwicklung47\Traysoft.AddTapi.dll" not found., Program: "Main Program".
 <35262572924017948> 09/03/2022 17:51:55.764     [Error  ] - "C:\entwicklung47\SFUtilities.dll" not found., Program: "Main Program".
 <429381627694582976> 09/03/2022 17:57:45.081     [Error  ] - "C:\entwicklung47\Traysoft.Internal.dll" not found., Program: "Main Program".
 <429381627694582976> 09/03/2022 17:57:45.082     [Error  ] - "C:\entwicklung47\Traysoft.AddTapi.dll" not found., Program: "Main Program".
 <429381627694582976> 09/03/2022 17:57:45.083     [Error  ] - "C:\entwicklung47\SFUtilities.dll" not found., Program: "Main Program".
 <-1> 09/03/2022 17:59:31.073     [Error  ] - Error - run-time engine was not found. Please restart the studio in order to run the application
 <-1> 09/03/2022 17:59:33.723     [Error  ] - Failed to Load Assembly : "C:\entwicklung47\Traysoft.Internal.dll"
"Die Datei oder Assembly &quot;Traysoft.Internal.dll&quot; oder eine Abhängigkeit davon wurde nicht gefunden. Das System kann die angegebene Datei nicht finden."
 <-1> 09/03/2022 17:59:33.785     [Error  ] - Failed to Load Assembly : "C:\entwicklung47\Traysoft.AddTapi.dll"
"Die Datei oder Assembly &quot;Traysoft.AddTapi.dll&quot; oder eine Abhängigkeit davon wurde nicht gefunden. Das System kann die angegebene Datei nicht finden."
 <-1> 09/03/2022 17:59:33.849     [Error  ] - Failed to Load Assembly : "C:\entwicklung47\SFUtilities.dll"
"Die Datei oder Assembly &quot;SFUtilities.dll&quot; oder eine Abhängigkeit davon wurde nicht gefunden. Das System kann die angegebene Datei nicht finden."
 <-1> 09/03/2022 18:01:53.088     [Error  ] - Failed to Load Assembly : "C:\entwicklung47\Traysoft.Internal.dll"
"Die Datei oder Assembly &quot;Traysoft.Internal.dll&quot; oder eine Abhängigkeit davon wurde nicht gefunden. Das System kann die angegebene Datei nicht finden."
 <-1> 09/03/2022 18:01:53.152     [Error  ] - Failed to Load Assembly : "C:\entwicklung47\Traysoft.AddTapi.dll"
"Die Datei oder Assembly &quot;Traysoft.AddTapi.dll&quot; oder eine Abhängigkeit davon wurde nicht gefunden. Das System kann die angegebene Datei nicht finden."
 <-1> 09/03/2022 18:01:53.216     [Error  ] - Failed to Load Assembly : "C:\entwicklung47\SFUtilities.dll"
"Die Datei oder Assembly &quot;SFUtilities.dll&quot; oder eine Abhängigkeit davon wurde nicht gefunden. Das System kann die angegebene Datei nicht finden."
 <491081483977202560> 09/03/2022 18:04:40.259     [Error  ] - "C:\entwicklung47\Traysoft.Internal.dll" not found., Program: "Main Program".
 <491081483977202560> 09/03/2022 18:04:40.259     [Error  ] - "C:\entwicklung47\Traysoft.AddTapi.dll" not found., Program: "Main Program".
 <491081483977202560> 09/03/2022 18:04:40.260     [Error  ] - "C:\entwicklung47\SFUtilities.dll" not found., Program: "Main Program".
 <491081483977202560> 09/03/2022 19:22:45.411     [Error  ] - Failed to open, data source: FEIERTAGE1  >> Application: "c:\projekteSF47\\SFSPA\", Program: "Start.Pickliste Projekte.Pickliste Projekte_prg.Projekte.Projektvorgänge.Projektuntervorgänge.Abhaengige_Projektvorg_anpasse.nachfolgende ProjVorg anpassen.neuesDatum nach Arbeitstagen".
 <-1> 10/03/2022 08:53:35.033     [Error  ] - Failed to Load Assembly : "C:\entwicklung47\Traysoft.Internal.dll"
"Die Datei oder Assembly &quot;Traysoft.Internal.dll&quot; oder eine Abhängigkeit davon wurde nicht gefunden. Das System kann die angegebene Datei nicht finden."
 <-1> 10/03/2022 08:53:35.097     [Error  ] - Failed to Load Assembly : "C:\entwicklung47\Traysoft.AddTapi.dll"
"Die Datei oder Assembly &quot;Traysoft.AddTapi.dll&quot; oder eine Abhängigkeit davon wurde nicht gefunden. Das System kann die angegebene Datei nicht finden."
 <-1> 10/03/2022 08:53:35.160     [Error  ] - Failed to Load Assembly : "C:\entwicklung47\SFUtilities.dll"
"Die Datei oder Assembly &quot;SFUtilities.dll&quot; oder eine Abhängigkeit davon wurde nicht gefunden. Das System kann die angegebene Datei nicht finden."
 <60838711450071000> 10/03/2022 08:56:22.463     [Error  ] - "C:\entwicklung47\Traysoft.Internal.dll" not found., Program: "Main Program".
 <60838711450071000> 10/03/2022 08:56:22.464     [Error  ] - "C:\entwicklung47\Traysoft.AddTapi.dll" not found., Program: "Main Program".
 <60838711450071000> 10/03/2022 08:56:22.464     [Error  ] - "C:\entwicklung47\SFUtilities.dll" not found., Program: "Main Program".
 <15197453078915248> 10/03/2022 10:01:15.115     [Error  ] - "C:\entwicklung47\Traysoft.Internal.dll" not found., Program: "Main Program".
 <15197453078915248> 10/03/2022 10:01:15.116     [Error  ] - "C:\entwicklung47\Traysoft.AddTapi.dll" not found., Program: "Main Program".
 <15197453078915248> 10/03/2022 10:01:15.116     [Error  ] - "C:\entwicklung47\SFUtilities.dll" not found., Program: "Main Program".
 <15197453078915248> 10/03/2022 10:04:52.843     [Error  ] - Execution Path: Main Program, Program: "Main Program".
 <15197453078915248> 10/03/2022 10:04:52.843     [Error  ] -  Task Name: Main Program, Tag: 9, Program: "Main Program".
 <15197453078915248> 10/03/2022 10:04:52.844     [Error  ] - End Task Tree, Program: "Main Program".
 <15197453078915248> 10/03/2022 10:04:52.869     [Error  ] - EndTaskRequest(): Main ProgramERR-THREAD-ABORTED (-139) : "Start.Pickliste Projekte.Pickliste Projekte_prg.Projekte.Projektvorgänge.Projektuntervorgänge" ("SuccessFlow")  (msgid "24094"), Program: "".
 <149439731459197024> 10/03/2022 10:05:48.380     [Error  ] - Aborting context 149439731459197024, Program: "Main Program".
 <134056285252905376> 10/03/2022 11:42:30.634     [Error  ] - "C:\entwicklung47\Traysoft.Internal.dll" not found., Program: "Main Program".
 <134056285252905376> 10/03/2022 11:42:30.634     [Error  ] - "C:\entwicklung47\Traysoft.AddTapi.dll" not found., Program: "Main Program".
 <134056285252905376> 10/03/2022 11:42:30.635     [Error  ] - "C:\entwicklung47\SFUtilities.dll" not found., Program: "Main Program".
 <-1> 10/03/2022 11:45:01.494     [Error  ] - Failed to Load Assembly : "C:\entwicklung47\Traysoft.Internal.dll"
"Die Datei oder Assembly &quot;Traysoft.Internal.dll&quot; oder eine Abhängigkeit davon wurde nicht gefunden. Das System kann die angegebene Datei nicht finden."
 <-1> 10/03/2022 11:45:01.557     [Error  ] - Failed to Load Assembly : "C:\entwicklung47\Traysoft.AddTapi.dll"
"Die Datei oder Assembly &quot;Traysoft.AddTapi.dll&quot; oder eine Abhängigkeit davon wurde nicht gefunden. Das System kann die angegebene Datei nicht finden."
 <-1> 10/03/2022 11:45:01.619     [Error  ] - Failed to Load Assembly : "C:\entwicklung47\SFUtilities.dll"
"Die Datei oder Assembly &quot;SFUtilities.dll&quot; oder eine Abhängigkeit davon wurde nicht gefunden. Das System kann die angegebene Datei nicht finden."
 <302149813591990848> 10/03/2022 11:45:21.984     [Error  ] - "C:\entwicklung47\Traysoft.Internal.dll" not found., Program: "Main Program".
 <302149813591990848> 10/03/2022 11:45:21.984     [Error  ] - "C:\entwicklung47\Traysoft.AddTapi.dll" not found., Program: "Main Program".
 <302149813591990848> 10/03/2022 11:45:21.985     [Error  ] - "C:\entwicklung47\SFUtilities.dll" not found., Program: "Main Program".
 <-1> 10/03/2022 11:53:50.916     [Error  ] - Error - run-time engine was not found. Please restart the studio in order to run the application
 <-1> 10/03/2022 12:02:09.363     [Error  ] - Failed to Load Assembly : "C:\entwicklung47\Traysoft.Internal.dll"
"Die Datei oder Assembly &quot;Traysoft.Internal.dll&quot; oder eine Abhängigkeit davon wurde nicht gefunden. Das System kann die angegebene Datei nicht finden."
 <-1> 10/03/2022 12:02:09.424     [Error  ] - Failed to Load Assembly : "C:\entwicklung47\Traysoft.AddTapi.dll"
"Die Datei oder Assembly &quot;Traysoft.AddTapi.dll&quot; oder eine Abhängigkeit davon wurde nicht gefunden. Das System kann die angegebene Datei nicht finden."
 <-1> 10/03/2022 12:02:09.487     [Error  ] - Failed to Load Assembly : "C:\entwicklung47\SFUtilities.dll"
"Die Datei oder Assembly &quot;SFUtilities.dll&quot; oder eine Abhängigkeit davon wurde nicht gefunden. Das System kann die angegebene Datei nicht finden."
 <470429272250105664> 10/03/2022 12:02:57.821     [Error  ] - "C:\entwicklung47\Traysoft.Internal.dll" not found., Program: "Main Program".
 <470429272250105664> 10/03/2022 12:02:57.822     [Error  ] - "C:\entwicklung47\Traysoft.AddTapi.dll" not found., Program: "Main Program".
 <470429272250105664> 10/03/2022 12:02:57.822     [Error  ] - "C:\entwicklung47\SFUtilities.dll" not found., Program: "Main Program".
 <470429272250105664> 10/03/2022 12:05:00.428     [Error  ] - Execution Path: Main Program, Program: "Main Program".
 <470429272250105664> 10/03/2022 12:05:00.429     [Error  ] -  Task Name: Main Program, Tag: 9, Program: "Main Program".
 <470429272250105664> 10/03/2022 12:05:00.429     [Error  ] - End Task Tree, Program: "Main Program".
 <470429272250105664> 10/03/2022 12:05:00.442     [Error  ] - EndTaskRequest(): Main ProgramERR-THREAD-ABORTED (-139) : "Start.Pickliste Projekte.Pickliste Projekte_prg.Projekte.Projektvorgänge.Projektuntervorgänge" ("SuccessFlow")  (msgid "24223"), Program: "".
 <-1> 10/03/2022 12:12:16.951     [Error  ] - Failed to Load Assembly : "C:\entwicklung47\Traysoft.Internal.dll"
"Die Datei oder Assembly &quot;Traysoft.Internal.dll&quot; oder eine Abhängigkeit davon wurde nicht gefunden. Das System kann die angegebene Datei nicht finden."
 <-1> 10/03/2022 12:12:17.012     [Error  ] - Failed to Load Assembly : "C:\entwicklung47\Traysoft.AddTapi.dll"
"Die Datei oder Assembly &quot;Traysoft.AddTapi.dll&quot; oder eine Abhängigkeit davon wurde nicht gefunden. Das System kann die angegebene Datei nicht finden."
 <-1> 10/03/2022 12:12:17.074     [Error  ] - Failed to Load Assembly : "C:\entwicklung47\SFUtilities.dll"
"Die Datei oder Assembly &quot;SFUtilities.dll&quot; oder eine Abhängigkeit davon wurde nicht gefunden. Das System kann die angegebene Datei nicht finden."
 <116378705163065760> 10/03/2022 12:13:00.623     [Error  ] - "C:\entwicklung47\Traysoft.Internal.dll" not found., Program: "Main Program".
 <116378705163065760> 10/03/2022 12:13:00.624     [Error  ] - "C:\entwicklung47\Traysoft.AddTapi.dll" not found., Program: "Main Program".
 <116378705163065760> 10/03/2022 12:13:00.625     [Error  ] - "C:\entwicklung47\SFUtilities.dll" not found., Program: "Main Program".
 <116378705163065760> 10/03/2022 12:14:42.842     [Error  ] - Execution Path: Main Program, Program: "Main Program".
 <116378705163065760> 10/03/2022 12:14:42.843     [Error  ] -  Task Name: Main Program, Tag: 9, Program: "Main Program".
 <116378705163065760> 10/03/2022 12:14:42.843     [Error  ] - End Task Tree, Program: "Main Program".
 <116378705163065760> 10/03/2022 12:14:42.854     [Error  ] - EndTaskRequest(): Main ProgramERR-THREAD-ABORTED (-139) : "Start.Pickliste Projekte.Pickliste Projekte_prg.Projekte.Projektvorgänge.Projektuntervorgänge" ("SuccessFlow")  (msgid "24275"), Program: "".
 <111819751083258416> 10/03/2022 12:16:14.914     [Error  ] - "C:\entwicklung47\Traysoft.Internal.dll" not found., Program: "Main Program".
 <111819751083258416> 10/03/2022 12:16:14.914     [Error  ] - "C:\entwicklung47\Traysoft.AddTapi.dll" not found., Program: "Main Program".
 <111819751083258416> 10/03/2022 12:16:14.915     [Error  ] - "C:\entwicklung47\SFUtilities.dll" not found., Program: "Main Program".
 <-1> 14/03/2022 14:36:40.552     [Error  ] - Failed to Load Assembly : "C:\entwicklung47\Traysoft.Internal.dll"
"Die Datei oder Assembly &quot;Traysoft.Internal.dll&quot; oder eine Abhängigkeit davon wurde nicht gefunden. Das System kann die angegebene Datei nicht finden."
 <-1> 14/03/2022 14:36:40.615     [Error  ] - Failed to Load Assembly : "C:\entwicklung47\Traysoft.AddTapi.dll"
"Die Datei oder Assembly &quot;Traysoft.AddTapi.dll&quot; oder eine Abhängigkeit davon wurde nicht gefunden. Das System kann die angegebene Datei nicht finden."
 <-1> 14/03/2022 14:36:40.683     [Error  ] - Failed to Load Assembly : "C:\entwicklung47\SFUtilities.dll"
"Die Datei oder Assembly &quot;SFUtilities.dll&quot; oder eine Abhängigkeit davon wurde nicht gefunden. Das System kann die angegebene Datei nicht finden."
 <-1> 14/03/2022 14:37:44.694     [Error  ] - Failed to Load Assembly : "C:\entwicklung47\Traysoft.Internal.dll"
"Die Datei oder Assembly &quot;Traysoft.Internal.dll&quot; oder eine Abhängigkeit davon wurde nicht gefunden. Das System kann die angegebene Datei nicht finden."
 <-1> 14/03/2022 14:37:44.757     [Error  ] - Failed to Load Assembly : "C:\entwicklung47\Traysoft.AddTapi.dll"
"Die Datei oder Assembly &quot;Traysoft.AddTapi.dll&quot; oder eine Abhängigkeit davon wurde nicht gefunden. Das System kann die angegebene Datei nicht finden."
 <-1> 14/03/2022 14:37:44.821     [Error  ] - Failed to Load Assembly : "C:\entwicklung47\SFUtilities.dll"
"Die Datei oder Assembly &quot;SFUtilities.dll&quot; oder eine Abhängigkeit davon wurde nicht gefunden. Das System kann die angegebene Datei nicht finden."
 <104696632754530912> 14/03/2022 14:38:45.748     [Error  ] - "C:\entwicklung47\Traysoft.Internal.dll" not found., Program: "Main Program".
 <104696632754530912> 14/03/2022 14:38:45.748     [Error  ] - "C:\entwicklung47\Traysoft.AddTapi.dll" not found., Program: "Main Program".
 <104696632754530912> 14/03/2022 14:38:45.749     [Error  ] - "C:\entwicklung47\SFUtilities.dll" not found., Program: "Main Program".
 <104696632754530912> 14/03/2022 14:48:38.056     [Error  ] - Failed to open, data source: FEIERTAGE1  >> Application: "c:\projekteSF47\\SFRefDef\", Program: "Start.Pickliste Projekte.Pickliste Projekte_prg.Projekte.Projektvorgänge.Projektuntervorgänge.Abhaengige_Projektvorg_anpasse.nachfolgende ProjVorg anpassen.Arbeitstage_ermitteln".
 <104696632754530912> 14/03/2022 14:48:38.058     [Error  ] - Failed to open, data source: FEIERTAGE_SERVICEREG  >> Application: "c:\projekteSF47\\SFRefDef\", Program: "Start.Pickliste Projekte.Pickliste Projekte_prg.Projekte.Projektvorgänge.Projektuntervorgänge.Abhaengige_Projektvorg_anpasse.nachfolgende ProjVorg anpassen.Arbeitstage_ermitteln".
 <104696632754530912> 14/03/2022 14:48:38.059     [Error  ] - Failed to open, data source: FEIERTAGE1  >> Application: "c:\projekteSF47\\SFRefDef\", Program: "Start.Pickliste Projekte.Pickliste Projekte_prg.Projekte.Projektvorgänge.Projektuntervorgänge.Abhaengige_Projektvorg_anpasse.nachfolgende ProjVorg anpassen.Arbeitstage_ermitteln".
 <104696632754530912> 14/03/2022 14:48:38.061     [Error  ] - Failed to open, data source: FEIERTAGE_SERVICEREG  >> Application: "c:\projekteSF47\\SFRefDef\", Program: "Start.Pickliste Projekte.Pickliste Projekte_prg.Projekte.Projektvorgänge.Projektuntervorgänge.Abhaengige_Projektvorg_anpasse.nachfolgende ProjVorg anpassen.Arbeitstage_ermitteln".
 <93970772800782336> 14/03/2022 14:49:02.371     [Error  ] - "C:\entwicklung47\Traysoft.Internal.dll" not found., Program: "Main Program".
 <93970772800782336> 14/03/2022 14:49:02.372     [Error  ] - "C:\entwicklung47\Traysoft.AddTapi.dll" not found., Program: "Main Program".
 <93970772800782336> 14/03/2022 14:49:02.373     [Error  ] - "C:\entwicklung47\SFUtilities.dll" not found., Program: "Main Program".
 <-1> 14/03/2022 14:50:36.886     [Error  ] - Failed to Load Assembly : "C:\entwicklung47\Traysoft.Internal.dll"
"Die Datei oder Assembly &quot;Traysoft.Internal.dll&quot; oder eine Abhängigkeit davon wurde nicht gefunden. Das System kann die angegebene Datei nicht finden."
 <-1> 14/03/2022 14:50:36.948     [Error  ] - Failed to Load Assembly : "C:\entwicklung47\Traysoft.AddTapi.dll"
"Die Datei oder Assembly &quot;Traysoft.AddTapi.dll&quot; oder eine Abhängigkeit davon wurde nicht gefunden. Das System kann die angegebene Datei nicht finden."
 <-1> 14/03/2022 14:50:37.011     [Error  ] - Failed to Load Assembly : "C:\entwicklung47\SFUtilities.dll"
"Die Datei oder Assembly &quot;SFUtilities.dll&quot; oder eine Abhängigkeit davon wurde nicht gefunden. Das System kann die angegebene Datei nicht finden."
 <310202719728811776> 14/03/2022 14:52:47.786     [Error  ] - "C:\entwicklung47\Traysoft.Internal.dll" not found., Program: "Main Program".
 <310202719728811776> 14/03/2022 14:52:47.786     [Error  ] - "C:\entwicklung47\Traysoft.AddTapi.dll" not found., Program: "Main Program".
 <310202719728811776> 14/03/2022 14:52:47.787     [Error  ] - "C:\entwicklung47\SFUtilities.dll" not found., Program: "Main Program".
 <-1> 14/03/2022 15:03:22.813     [Error  ] - Failed to Load Assembly : "C:\entwicklung47\Traysoft.Internal.dll"
"Die Datei oder Assembly &quot;Traysoft.Internal.dll&quot; oder eine Abhängigkeit davon wurde nicht gefunden. Das System kann die angegebene Datei nicht finden."
 <-1> 14/03/2022 15:03:22.876     [Error  ] - Failed to Load Assembly : "C:\entwicklung47\Traysoft.AddTapi.dll"
"Die Datei oder Assembly &quot;Traysoft.AddTapi.dll&quot; oder eine Abhängigkeit davon wurde nicht gefunden. Das System kann die angegebene Datei nicht finden."
 <-1> 14/03/2022 15:03:22.939     [Error  ] - Failed to Load Assembly : "C:\entwicklung47\SFUtilities.dll"
"Die Datei oder Assembly &quot;SFUtilities.dll&quot; oder eine Abhängigkeit davon wurde nicht gefunden. Das System kann die angegebene Datei nicht finden."
 <3725643842233495> 14/03/2022 15:05:34.289     [Error  ] - "C:\entwicklung47\Traysoft.Internal.dll" not found., Program: "Main Program".
 <3725643842233495> 14/03/2022 15:05:34.290     [Error  ] - "C:\entwicklung47\Traysoft.AddTapi.dll" not found., Program: "Main Program".
 <3725643842233495> 14/03/2022 15:05:34.290     [Error  ] - "C:\entwicklung47\SFUtilities.dll" not found., Program: "Main Program".
 <-1> 14/03/2022 15:13:32.025     [Error  ] - Failed to Load Assembly : "C:\entwicklung47\Traysoft.Internal.dll"
"Die Datei oder Assembly &quot;Traysoft.Internal.dll&quot; oder eine Abhängigkeit davon wurde nicht gefunden. Das System kann die angegebene Datei nicht finden."
 <-1> 14/03/2022 15:13:32.089     [Error  ] - Failed to Load Assembly : "C:\entwicklung47\Traysoft.AddTapi.dll"
"Die Datei oder Assembly &quot;Traysoft.AddTapi.dll&quot; oder eine Abhängigkeit davon wurde nicht gefunden. Das System kann die angegebene Datei nicht finden."
 <-1> 14/03/2022 15:13:32.152     [Error  ] - Failed to Load Assembly : "C:\entwicklung47\SFUtilities.dll"
"Die Datei oder Assembly &quot;SFUtilities.dll&quot; oder eine Abhängigkeit davon wurde nicht gefunden. Das System kann die angegebene Datei nicht finden."
 <338436091297220416> 14/03/2022 15:14:53.360     [Error  ] - "C:\entwicklung47\Traysoft.Internal.dll" not found., Program: "Main Program".
 <338436091297220416> 14/03/2022 15:14:53.360     [Error  ] - "C:\entwicklung47\Traysoft.AddTapi.dll" not found., Program: "Main Program".
 <338436091297220416> 14/03/2022 15:14:53.361     [Error  ] - "C:\entwicklung47\SFUtilities.dll" not found., Program: "Main Program".
CheckInMultipleObjects ==> Failed to checkin objects
 <-1> 14/03/2022 15:20:20.076     [Error  ] - Failed to Load Assembly : "C:\entwicklung47\Traysoft.Internal.dll"
"Die Datei oder Assembly &quot;Traysoft.Internal.dll&quot; oder eine Abhängigkeit davon wurde nicht gefunden. Das System kann die angegebene Datei nicht finden."
 <-1> 14/03/2022 15:20:20.139     [Error  ] - Failed to Load Assembly : "C:\entwicklung47\Traysoft.AddTapi.dll"
"Die Datei oder Assembly &quot;Traysoft.AddTapi.dll&quot; oder eine Abhängigkeit davon wurde nicht gefunden. Das System kann die angegebene Datei nicht finden."
 <-1> 14/03/2022 15:20:20.198     [Error  ] - Failed to Load Assembly : "C:\entwicklung47\SFUtilities.dll"
"Die Datei oder Assembly &quot;SFUtilities.dll&quot; oder eine Abhängigkeit davon wurde nicht gefunden. Das System kann die angegebene Datei nicht finden."
 <154332752963563040> 14/03/2022 15:25:38.514     [Error  ] - "C:\entwicklung47\Traysoft.Internal.dll" not found., Program: "Main Program".
 <154332752963563040> 14/03/2022 15:25:38.514     [Error  ] - "C:\entwicklung47\Traysoft.AddTapi.dll" not found., Program: "Main Program".
 <154332752963563040> 14/03/2022 15:25:38.515     [Error  ] - "C:\entwicklung47\SFUtilities.dll" not found., Program: "Main Program".
 <-1> 14/03/2022 15:30:00.372     [Error  ] - Failed to Load Assembly : "C:\entwicklung47\Traysoft.Internal.dll"
"Die Datei oder Assembly &quot;Traysoft.Internal.dll&quot; oder eine Abhängigkeit davon wurde nicht gefunden. Das System kann die angegebene Datei nicht finden."
 <-1> 14/03/2022 15:30:00.434     [Error  ] - Failed to Load Assembly : "C:\entwicklung47\Traysoft.AddTapi.dll"
"Die Datei oder Assembly &quot;Traysoft.AddTapi.dll&quot; oder eine Abhängigkeit davon wurde nicht gefunden. Das System kann die angegebene Datei nicht finden."
 <-1> 14/03/2022 15:30:00.502     [Error  ] - Failed to Load Assembly : "C:\entwicklung47\SFUtilities.dll"
"Die Datei oder Assembly &quot;SFUtilities.dll&quot; oder eine Abhängigkeit davon wurde nicht gefunden. Das System kann die angegebene Datei nicht finden."
 <462047719417399616> 14/03/2022 15:33:18.822     [Error  ] - "C:\entwicklung47\Traysoft.Internal.dll" not found., Program: "Main Program".
 <462047719417399616> 14/03/2022 15:33:18.823     [Error  ] - "C:\entwicklung47\Traysoft.AddTapi.dll" not found., Program: "Main Program".
 <462047719417399616> 14/03/2022 15:33:18.824     [Error  ] - "C:\entwicklung47\SFUtilities.dll" not found., Program: "Main Program".
 <-1> 14/03/2022 15:36:37.451     [Error  ] - Failed to Load Assembly : "C:\entwicklung47\Traysoft.Internal.dll"
"Die Datei oder Assembly &quot;Traysoft.Internal.dll&quot; oder eine Abhängigkeit davon wurde nicht gefunden. Das System kann die angegebene Datei nicht finden."
 <-1> 14/03/2022 15:36:37.514     [Error  ] - Failed to Load Assembly : "C:\entwicklung47\Traysoft.AddTapi.dll"
"Die Datei oder Assembly &quot;Traysoft.AddTapi.dll&quot; oder eine Abhängigkeit davon wurde nicht gefunden. Das System kann die angegebene Datei nicht finden."
 <-1> 14/03/2022 15:36:37.566     [Error  ] - Failed to Load Assembly : "C:\entwicklung47\SFUtilities.dll"
"Die Datei oder Assembly &quot;SFUtilities.dll&quot; oder eine Abhängigkeit davon wurde nicht gefunden. Das System kann die angegebene Datei nicht finden."
 <162744329844176800> 14/03/2022 15:41:53.698     [Error  ] - "C:\entwicklung47\Traysoft.Internal.dll" not found., Program: "Main Program".
 <162744329844176800> 14/03/2022 15:41:53.699     [Error  ] - "C:\entwicklung47\Traysoft.AddTapi.dll" not found., Program: "Main Program".
 <162744329844176800> 14/03/2022 15:41:53.700     [Error  ] - "C:\entwicklung47\SFUtilities.dll" not found., Program: "Main Program".
 <-1> 14/03/2022 15:44:36.749     [Error  ] - Failed to Load Assembly : "C:\entwicklung47\Traysoft.Internal.dll"
"Die Datei oder Assembly &quot;Traysoft.Internal.dll&quot; oder eine Abhängigkeit davon wurde nicht gefunden. Das System kann die angegebene Datei nicht finden."
 <-1> 14/03/2022 15:44:36.811     [Error  ] - Failed to Load Assembly : "C:\entwicklung47\Traysoft.AddTapi.dll"
"Die Datei oder Assembly &quot;Traysoft.AddTapi.dll&quot; oder eine Abhängigkeit davon wurde nicht gefunden. Das System kann die angegebene Datei nicht finden."
 <-1> 14/03/2022 15:44:36.868     [Error  ] - Failed to Load Assembly : "C:\entwicklung47\SFUtilities.dll"
"Die Datei oder Assembly &quot;SFUtilities.dll&quot; oder eine Abhängigkeit davon wurde nicht gefunden. Das System kann die angegebene Datei nicht finden."
 <438284715681758656> 14/03/2022 15:46:37.794     [Error  ] - "C:\entwicklung47\Traysoft.Internal.dll" not found., Program: "Main Program".
 <438284715681758656> 14/03/2022 15:46:37.795     [Error  ] - "C:\entwicklung47\Traysoft.AddTapi.dll" not found., Program: "Main Program".
 <438284715681758656> 14/03/2022 15:46:37.796     [Error  ] - "C:\entwicklung47\SFUtilities.dll" not found., Program: "Main Program".
 <438284715681758656> 14/03/2022 15:48:14.380     [Error  ] - Operation failed. Record has been changed by another user or process, data source: PROJEKTE_VORGANG  >> Application: "C:\ProjekteSF47\SuccessFlow\", Program: "Start.Pickliste Projekte.Pickliste Projekte_prg.Projekte.Projektvorgänge".
 <-1> 14/03/2022 15:59:35.246     [Error  ] - Failed to Load Assembly : "C:\entwicklung47\Traysoft.Internal.dll"
"Die Datei oder Assembly &quot;Traysoft.Internal.dll&quot; oder eine Abhängigkeit davon wurde nicht gefunden. Das System kann die angegebene Datei nicht finden."
 <-1> 14/03/2022 15:59:35.310     [Error  ] - Failed to Load Assembly : "C:\entwicklung47\Traysoft.AddTapi.dll"
"Die Datei oder Assembly &quot;Traysoft.AddTapi.dll&quot; oder eine Abhängigkeit davon wurde nicht gefunden. Das System kann die angegebene Datei nicht finden."
 <-1> 14/03/2022 15:59:35.374     [Error  ] - Failed to Load Assembly : "C:\entwicklung47\SFUtilities.dll"
"Die Datei oder Assembly &quot;SFUtilities.dll&quot; oder eine Abhängigkeit davon wurde nicht gefunden. Das System kann die angegebene Datei nicht finden."
 <-1> 15/03/2022 09:27:15.861     [Error  ] - Failed to Load Assembly : "C:\entwicklung47\Traysoft.Internal.dll"
"Die Datei oder Assembly &quot;Traysoft.Internal.dll&quot; oder eine Abhängigkeit davon wurde nicht gefunden. Das System kann die angegebene Datei nicht finden."
 <-1> 15/03/2022 09:27:15.939     [Error  ] - Failed to Load Assembly : "C:\entwicklung47\Traysoft.AddTapi.dll"
"Die Datei oder Assembly &quot;Traysoft.AddTapi.dll&quot; oder eine Abhängigkeit davon wurde nicht gefunden. Das System kann die angegebene Datei nicht finden."
 <-1> 15/03/2022 09:27:15.997     [Error  ] - Failed to Load Assembly : "C:\entwicklung47\SFUtilities.dll"
"Die Datei oder Assembly &quot;SFUtilities.dll&quot; oder eine Abhängigkeit davon wurde nicht gefunden. Das System kann die angegebene Datei nicht finden."
 <-1> 15/03/2022 09:30:12.907     [Error  ] - Failed to Load Assembly : "C:\entwicklung47\Traysoft.Internal.dll"
"Die Datei oder Assembly &quot;Traysoft.Internal.dll&quot; oder eine Abhängigkeit davon wurde nicht gefunden. Das System kann die angegebene Datei nicht finden."
 <-1> 15/03/2022 09:30:12.969     [Error  ] - Failed to Load Assembly : "C:\entwicklung47\Traysoft.AddTapi.dll"
"Die Datei oder Assembly &quot;Traysoft.AddTapi.dll&quot; oder eine Abhängigkeit davon wurde nicht gefunden. Das System kann die angegebene Datei nicht finden."
 <-1> 15/03/2022 09:30:13.031     [Error  ] - Failed to Load Assembly : "C:\entwicklung47\SFUtilities.dll"
"Die Datei oder Assembly &quot;SFUtilities.dll&quot; oder eine Abhängigkeit davon wurde nicht gefunden. Das System kann die angegebene Datei nicht finden."
 <-1> 16/03/2022 08:22:14.558     [Error  ] - Failed to Load Assembly : "C:\entwicklung47\Traysoft.Internal.dll"
"Die Datei oder Assembly &quot;Traysoft.Internal.dll&quot; oder eine Abhängigkeit davon wurde nicht gefunden. Das System kann die angegebene Datei nicht finden."
 <-1> 16/03/2022 08:22:14.620     [Error  ] - Failed to Load Assembly : "C:\entwicklung47\Traysoft.AddTapi.dll"
"Die Datei oder Assembly &quot;Traysoft.AddTapi.dll&quot; oder eine Abhängigkeit davon wurde nicht gefunden. Das System kann die angegebene Datei nicht finden."
 <-1> 16/03/2022 08:22:14.678     [Error  ] - Failed to Load Assembly : "C:\entwicklung47\SFUtilities.dll"
"Die Datei oder Assembly &quot;SFUtilities.dll&quot; oder eine Abhängigkeit davon wurde nicht gefunden. Das System kann die angegebene Datei nicht finden."
 <299861783666357056> 16/03/2022 08:24:56.441     [Error  ] - "C:\entwicklung47\Traysoft.Internal.dll" not found., Program: "Main Program".
 <299861783666357056> 16/03/2022 08:24:56.441     [Error  ] - "C:\entwicklung47\Traysoft.AddTapi.dll" not found., Program: "Main Program".
 <299861783666357056> 16/03/2022 08:24:56.442     [Error  ] - "C:\entwicklung47\SFUtilities.dll" not found., Program: "Main Program".
 <82082185256528960> 16/03/2022 08:26:51.178     [Error  ] - "C:\entwicklung47\Traysoft.Internal.dll" not found., Program: "Main Program".
 <82082185256528960> 16/03/2022 08:26:51.178     [Error  ] - "C:\entwicklung47\Traysoft.AddTapi.dll" not found., Program: "Main Program".
 <82082185256528960> 16/03/2022 08:26:51.179     [Error  ] - "C:\entwicklung47\SFUtilities.dll" not found., Program: "Main Program".
 <409327409969036032> 16/03/2022 08:30:20.887     [Error  ] - "C:\entwicklung47\Traysoft.Internal.dll" not found., Program: "Main Program".
 <409327409969036032> 16/03/2022 08:30:20.887     [Error  ] - "C:\entwicklung47\Traysoft.AddTapi.dll" not found., Program: "Main Program".
 <409327409969036032> 16/03/2022 08:30:20.888     [Error  ] - "C:\entwicklung47\SFUtilities.dll" not found., Program: "Main Program".
 <264149435870926976> 16/03/2022 08:33:46.906     [Error  ] - "C:\entwicklung47\Traysoft.Internal.dll" not found., Program: "Main Program".
 <264149435870926976> 16/03/2022 08:33:46.907     [Error  ] - "C:\entwicklung47\Traysoft.AddTapi.dll" not found., Program: "Main Program".
 <264149435870926976> 16/03/2022 08:33:46.908     [Error  ] - "C:\entwicklung47\SFUtilities.dll" not found., Program: "Main Program".
 <306800510544414208> 16/03/2022 09:35:44.447     [Error  ] - "C:\entwicklung47\Traysoft.Internal.dll" not found., Program: "Main Program".
 <306800510544414208> 16/03/2022 09:35:44.448     [Error  ] - "C:\entwicklung47\Traysoft.AddTapi.dll" not found., Program: "Main Program".
 <306800510544414208> 16/03/2022 09:35:44.448     [Error  ] - "C:\entwicklung47\SFUtilities.dll" not found., Program: "Main Program".
 <155150968995515296> 16/03/2022 09:37:28.315     [Error  ] - "C:\entwicklung47\Traysoft.Internal.dll" not found., Program: "Main Program".
 <155150968995515296> 16/03/2022 09:37:28.316     [Error  ] - "C:\entwicklung47\Traysoft.AddTapi.dll" not found., Program: "Main Program".
 <155150968995515296> 16/03/2022 09:37:28.317     [Error  ] - "C:\entwicklung47\SFUtilities.dll" not found., Program: "Main Program".
 <527986849048403200> 16/03/2022 09:46:15.283     [Error  ] - "C:\entwicklung47\Traysoft.Internal.dll" not found., Program: "Main Program".
 <527986849048403200> 16/03/2022 09:46:15.283     [Error  ] - "C:\entwicklung47\Traysoft.AddTapi.dll" not found., Program: "Main Program".
 <527986849048403200> 16/03/2022 09:46:15.284     [Error  ] - "C:\entwicklung47\SFUtilities.dll" not found., Program: "Main Program".
 <527986849048403200> 16/03/2022 10:01:32.987     [Error  ] - Aborting context 527986849048403200, Program: "Main Program".
 <382607016997129152> 16/03/2022 10:07:02.267     [Error  ] - "C:\entwicklung47\Traysoft.Internal.dll" not found., Program: "Main Program".
 <382607016997129152> 16/03/2022 10:07:02.268     [Error  ] - "C:\entwicklung47\Traysoft.AddTapi.dll" not found., Program: "Main Program".
 <382607016997129152> 16/03/2022 10:07:02.268     [Error  ] - "C:\entwicklung47\SFUtilities.dll" not found., Program: "Main Program".
 <479548146170314816> 16/03/2022 10:14:10.853     [Error  ] - "C:\entwicklung47\Traysoft.Internal.dll" not found., Program: "Main Program".
 <479548146170314816> 16/03/2022 10:14:10.853     [Error  ] - "C:\entwicklung47\Traysoft.AddTapi.dll" not found., Program: "Main Program".
 <479548146170314816> 16/03/2022 10:14:10.854     [Error  ] - "C:\entwicklung47\SFUtilities.dll" not found., Program: "Main Program".
 <441254073868152960> 16/03/2022 10:18:16.008     [Error  ] - "C:\entwicklung47\Traysoft.Internal.dll" not found., Program: "Main Program".
 <441254073868152960> 16/03/2022 10:18:16.009     [Error  ] - "C:\entwicklung47\Traysoft.AddTapi.dll" not found., Program: "Main Program".
 <441254073868152960> 16/03/2022 10:18:16.010     [Error  ] - "C:\entwicklung47\SFUtilities.dll" not found., Program: "Main Program".
 <72432372294628912> 16/03/2022 10:28:37.443     [Error  ] - "C:\entwicklung47\Traysoft.Internal.dll" not found., Program: "Main Program".
 <72432372294628912> 16/03/2022 10:28:37.444     [Error  ] - "C:\entwicklung47\Traysoft.AddTapi.dll" not found., Program: "Main Program".
 <72432372294628912> 16/03/2022 10:28:37.444     [Error  ] - "C:\entwicklung47\SFUtilities.dll" not found., Program: "Main Program".
 <392483019040425536> 16/03/2022 10:30:12.679     [Error  ] - "C:\entwicklung47\Traysoft.Internal.dll" not found., Program: "Main Program".
 <392483019040425536> 16/03/2022 10:30:12.680     [Error  ] - "C:\entwicklung47\Traysoft.AddTapi.dll" not found., Program: "Main Program".
 <392483019040425536> 16/03/2022 10:30:12.680     [Error  ] - "C:\entwicklung47\SFUtilities.dll" not found., Program: "Main Program".
 <458584273789567680> 16/03/2022 10:35:01.968     [Error  ] - "C:\entwicklung47\Traysoft.Internal.dll" not found., Program: "Main Program".
 <458584273789567680> 16/03/2022 10:35:01.969     [Error  ] - "C:\entwicklung47\Traysoft.AddTapi.dll" not found., Program: "Main Program".
 <458584273789567680> 16/03/2022 10:35:01.970     [Error  ] - "C:\entwicklung47\SFUtilities.dll" not found., Program: "Main Program".
 <525066752258275648> 16/03/2022 10:42:20.003     [Error  ] - "C:\entwicklung47\Traysoft.Internal.dll" not found., Program: "Main Program".
 <525066752258275648> 16/03/2022 10:42:20.003     [Error  ] - "C:\entwicklung47\Traysoft.AddTapi.dll" not found., Program: "Main Program".
 <525066752258275648> 16/03/2022 10:42:20.004     [Error  ] - "C:\entwicklung47\SFUtilities.dll" not found., Program: "Main Program".
 <142670031500715888> 16/03/2022 10:47:34.016     [Error  ] - "C:\entwicklung47\Traysoft.Internal.dll" not found., Program: "Main Program".
 <142670031500715888> 16/03/2022 10:47:34.016     [Error  ] - "C:\entwicklung47\Traysoft.AddTapi.dll" not found., Program: "Main Program".
 <142670031500715888> 16/03/2022 10:47:34.017     [Error  ] - "C:\entwicklung47\SFUtilities.dll" not found., Program: "Main Program".
 <123122903609179840> 16/03/2022 10:49:48.137     [Error  ] - "C:\entwicklung47\Traysoft.Internal.dll" not found., Program: "Main Program".
 <123122903609179840> 16/03/2022 10:49:48.137     [Error  ] - "C:\entwicklung47\Traysoft.AddTapi.dll" not found., Program: "Main Program".
 <123122903609179840> 16/03/2022 10:49:48.138     [Error  ] - "C:\entwicklung47\SFUtilities.dll" not found., Program: "Main Program".
 <-1> 21/03/2022 16:28:10.012     [Error  ] - Failed to Load Assembly : "C:\entwicklung47\Traysoft.Internal.dll"
"Die Datei oder Assembly &quot;Traysoft.Internal.dll&quot; oder eine Abhängigkeit davon wurde nicht gefunden. Das System kann die angegebene Datei nicht finden."
 <-1> 21/03/2022 16:28:10.089     [Error  ] - Failed to Load Assembly : "C:\entwicklung47\Traysoft.AddTapi.dll"
"Die Datei oder Assembly &quot;Traysoft.AddTapi.dll&quot; oder eine Abhängigkeit davon wurde nicht gefunden. Das System kann die angegebene Datei nicht finden."
 <-1> 21/03/2022 16:28:10.146     [Error  ] - Failed to Load Assembly : "C:\entwicklung47\SFUtilities.dll"
"Die Datei oder Assembly &quot;SFUtilities.dll&quot; oder eine Abhängigkeit davon wurde nicht gefunden. Das System kann die angegebene Datei nicht finden."
 <-1> 21/03/2022 17:10:54.694     [Error  ] - Failed to Load Assembly : "C:\entwicklung47\Traysoft.Internal.dll"
"Die Datei oder Assembly &quot;Traysoft.Internal.dll&quot; oder eine Abhängigkeit davon wurde nicht gefunden. Das System kann die angegebene Datei nicht finden."
 <-1> 21/03/2022 17:10:54.757     [Error  ] - Failed to Load Assembly : "C:\entwicklung47\Traysoft.AddTapi.dll"
"Die Datei oder Assembly &quot;Traysoft.AddTapi.dll&quot; oder eine Abhängigkeit davon wurde nicht gefunden. Das System kann die angegebene Datei nicht finden."
 <-1> 21/03/2022 17:10:54.812     [Error  ] - Failed to Load Assembly : "C:\entwicklung47\SFUtilities.dll"
"Die Datei oder Assembly &quot;SFUtilities.dll&quot; oder eine Abhängigkeit davon wurde nicht gefunden. Das System kann die angegebene Datei nicht finden."
 <466075420244264768> 21/03/2022 17:11:47.287     [Error  ] - "C:\entwicklung47\Traysoft.Internal.dll" not found., Program: "Main Program".
 <466075420244264768> 21/03/2022 17:11:47.287     [Error  ] - "C:\entwicklung47\Traysoft.AddTapi.dll" not found., Program: "Main Program".
 <466075420244264768> 21/03/2022 17:11:47.288     [Error  ] - "C:\entwicklung47\SFUtilities.dll" not found., Program: "Main Program".
 <140441567868091104> 21/03/2022 17:12:40.946     [Error  ] - "C:\entwicklung47\Traysoft.Internal.dll" not found., Program: "Main Program".
 <140441567868091104> 21/03/2022 17:12:40.947     [Error  ] - "C:\entwicklung47\Traysoft.AddTapi.dll" not found., Program: "Main Program".
 <140441567868091104> 21/03/2022 17:12:40.947     [Error  ] - "C:\entwicklung47\SFUtilities.dll" not found., Program: "Main Program".
 <140441567868091104> 21/03/2022 17:12:49.686     [Error  ] - Duplicate index, data source: LOGIN_PROTOKOLL  >> Application: "c:\projekteSF47\SFAutorisierung\", Program: "Start.Benutzer Anmeldung.FelversuchSchreiben".
 <140441567868091104> 21/03/2022 17:14:43.034     [Error  ] - "Suchen" could not locate program by expression #4, Program: "Start.Suchen".
 <140441567868091104> 21/03/2022 17:14:43.035     [Error  ] - Program not found  >> Application: "C:\ProjekteSF47\SuccessFlow\", Program: "Start.Suchen".
 <-1> 22/03/2022 08:10:33.895     [Error  ] - Failed to Load Assembly : "C:\entwicklung47\Traysoft.Internal.dll"
"Die Datei oder Assembly &quot;Traysoft.Internal.dll&quot; oder eine Abhängigkeit davon wurde nicht gefunden. Das System kann die angegebene Datei nicht finden."
 <-1> 22/03/2022 08:10:33.958     [Error  ] - Failed to Load Assembly : "C:\entwicklung47\Traysoft.AddTapi.dll"
"Die Datei oder Assembly &quot;Traysoft.AddTapi.dll&quot; oder eine Abhängigkeit davon wurde nicht gefunden. Das System kann die angegebene Datei nicht finden."
 <-1> 22/03/2022 08:10:34.020     [Error  ] - Failed to Load Assembly : "C:\entwicklung47\SFUtilities.dll"
"Die Datei oder Assembly &quot;SFUtilities.dll&quot; oder eine Abhängigkeit davon wurde nicht gefunden. Das System kann die angegebene Datei nicht finden."
 <276888130013828544> 22/03/2022 08:11:53.396     [Error  ] - "C:\entwicklung47\Traysoft.Internal.dll" not found., Program: "Main Program".
 <276888130013828544> 22/03/2022 08:11:53.397     [Error  ] - "C:\entwicklung47\Traysoft.AddTapi.dll" not found., Program: "Main Program".
 <276888130013828544> 22/03/2022 08:11:53.398     [Error  ] - "C:\entwicklung47\SFUtilities.dll" not found., Program: "Main Program".
 <-1> 22/03/2022 08:47:30.800     [Error  ] - Failed to Load Assembly : "C:\entwicklung47\Traysoft.Internal.dll"
"Die Datei oder Assembly &quot;Traysoft.Internal.dll&quot; oder eine Abhängigkeit davon wurde nicht gefunden. Das System kann die angegebene Datei nicht finden."
 <-1> 22/03/2022 08:47:30.863     [Error  ] - Failed to Load Assembly : "C:\entwicklung47\Traysoft.AddTapi.dll"
"Die Datei oder Assembly &quot;Traysoft.AddTapi.dll&quot; oder eine Abhängigkeit davon wurde nicht gefunden. Das System kann die angegebene Datei nicht finden."
 <-1> 22/03/2022 08:47:30.925     [Error  ] - Failed to Load Assembly : "C:\entwicklung47\SFUtilities.dll"
"Die Datei oder Assembly &quot;SFUtilities.dll&quot; oder eine Abhängigkeit davon wurde nicht gefunden. Das System kann die angegebene Datei nicht finden."
 <-1> 22/03/2022 10:54:03.393     [Error  ] - Failed to Load Assembly : "C:\entwicklung47\Traysoft.Internal.dll"
"Die Datei oder Assembly &quot;Traysoft.Internal.dll&quot; oder eine Abhängigkeit davon wurde nicht gefunden. Das System kann die angegebene Datei nicht finden."
 <-1> 22/03/2022 10:54:03.455     [Error  ] - Failed to Load Assembly : "C:\entwicklung47\Traysoft.AddTapi.dll"
"Die Datei oder Assembly &quot;Traysoft.AddTapi.dll&quot; oder eine Abhängigkeit davon wurde nicht gefunden. Das System kann die angegebene Datei nicht finden."
 <-1> 22/03/2022 10:54:03.513     [Error  ] - Failed to Load Assembly : "C:\entwicklung47\SFUtilities.dll"
"Die Datei oder Assembly &quot;SFUtilities.dll&quot; oder eine Abhängigkeit davon wurde nicht gefunden. Das System kann die angegebene Datei nicht finden."
 <150958058485720992> 22/03/2022 10:54:24.827     [Error  ] - "C:\entwicklung47\Traysoft.Internal.dll" not found., Program: "Main Program".
 <150958058485720992> 22/03/2022 10:54:24.827     [Error  ] - "C:\entwicklung47\Traysoft.AddTapi.dll" not found., Program: "Main Program".
 <150958058485720992> 22/03/2022 10:54:24.828     [Error  ] - "C:\entwicklung47\SFUtilities.dll" not found., Program: "Main Program".
 <517728986368190976> 22/03/2022 12:00:47.853     [Error  ] - "C:\entwicklung47\Traysoft.Internal.dll" not found., Program: "Main Program".
 <517728986368190976> 22/03/2022 12:00:47.854     [Error  ] - "C:\entwicklung47\Traysoft.AddTapi.dll" not found., Program: "Main Program".
 <517728986368190976> 22/03/2022 12:00:47.854     [Error  ] - "C:\entwicklung47\SFUtilities.dll" not found., Program: "Main Program".
 <-1> 25/03/2022 08:20:33.742     [Error  ] - Failed to Load Assembly : "C:\entwicklung47\Traysoft.Internal.dll"
"Die Datei oder Assembly &quot;Traysoft.Internal.dll&quot; oder eine Abhängigkeit davon wurde nicht gefunden. Das System kann die angegebene Datei nicht finden."
 <-1> 25/03/2022 08:20:33.819     [Error  ] - Failed to Load Assembly : "C:\entwicklung47\Traysoft.AddTapi.dll"
"Die Datei oder Assembly &quot;Traysoft.AddTapi.dll&quot; oder eine Abhängigkeit davon wurde nicht gefunden. Das System kann die angegebene Datei nicht finden."
 <-1> 25/03/2022 08:20:33.881     [Error  ] - Failed to Load Assembly : "C:\entwicklung47\SFUtilities.dll"
"Die Datei oder Assembly &quot;SFUtilities.dll&quot; oder eine Abhängigkeit davon wurde nicht gefunden. Das System kann die angegebene Datei nicht finden."
 <-1> 28/03/2022 16:32:21.947     [Error  ] - Failed to Load Assembly : "C:\entwicklung47\Traysoft.Internal.dll"
"Die Datei oder Assembly &quot;Traysoft.Internal.dll&quot; oder eine Abhängigkeit davon wurde nicht gefunden. Das System kann die angegebene Datei nicht finden."
 <-1> 28/03/2022 16:32:22.041     [Error  ] - Failed to Load Assembly : "C:\entwicklung47\Traysoft.AddTapi.dll"
"Die Datei oder Assembly &quot;Traysoft.AddTapi.dll&quot; oder eine Abhängigkeit davon wurde nicht gefunden. Das System kann die angegebene Datei nicht finden."
 <-1> 28/03/2022 16:32:22.103     [Error  ] - Failed to Load Assembly : "C:\entwicklung47\SFUtilities.dll"
"Die Datei oder Assembly &quot;SFUtilities.dll&quot; oder eine Abhängigkeit davon wurde nicht gefunden. Das System kann die angegebene Datei nicht finden."
 <-1> 28/03/2022 17:09:30.208     [Error  ] - Failed to Load Assembly : "C:\entwicklung47\Traysoft.Internal.dll"
"Die Datei oder Assembly &quot;Traysoft.Internal.dll&quot; oder eine Abhängigkeit davon wurde nicht gefunden. Das System kann die angegebene Datei nicht finden."
 <-1> 28/03/2022 17:09:30.272     [Error  ] - Failed to Load Assembly : "C:\entwicklung47\Traysoft.AddTapi.dll"
"Die Datei oder Assembly &quot;Traysoft.AddTapi.dll&quot; oder eine Abhängigkeit davon wurde nicht gefunden. Das System kann die angegebene Datei nicht finden."
 <-1> 28/03/2022 17:09:30.337     [Error  ] - Failed to Load Assembly : "C:\entwicklung47\SFUtilities.dll"
"Die Datei oder Assembly &quot;SFUtilities.dll&quot; oder eine Abhängigkeit davon wurde nicht gefunden. Das System kann die angegebene Datei nicht finden."
 <-1> 30/03/2022 11:44:06.156     [Error  ] - Failed to Load Assembly : "C:\entwicklung47\Traysoft.Internal.dll"
"Die Datei oder Assembly &quot;Traysoft.Internal.dll&quot; oder eine Abhängigkeit davon wurde nicht gefunden. Das System kann die angegebene Datei nicht finden."
 <-1> 30/03/2022 11:44:06.234     [Error  ] - Failed to Load Assembly : "C:\entwicklung47\Traysoft.AddTapi.dll"
"Die Datei oder Assembly &quot;Traysoft.AddTapi.dll&quot; oder eine Abhängigkeit davon wurde nicht gefunden. Das System kann die angegebene Datei nicht finden."
 <-1> 30/03/2022 11:44:06.292     [Error  ] - Failed to Load Assembly : "C:\entwicklung47\SFUtilities.dll"
"Die Datei oder Assembly &quot;SFUtilities.dll&quot; oder eine Abhängigkeit davon wurde nicht gefunden. Das System kann die angegebene Datei nicht finden."
 <355425429993107072> 30/03/2022 11:45:28.086     [Error  ] - "C:\entwicklung47\Traysoft.Internal.dll" not found., Program: "Main Program".
 <355425429993107072> 30/03/2022 11:45:28.086     [Error  ] - "C:\entwicklung47\Traysoft.AddTapi.dll" not found., Program: "Main Program".
 <355425429993107072> 30/03/2022 11:45:28.087     [Error  ] - "C:\entwicklung47\SFUtilities.dll" not found., Program: "Main Program".
 <204267921614818720> 30/03/2022 11:46:34.558     [Error  ] - "C:\entwicklung47\Traysoft.Internal.dll" not found., Program: "Main Program".
 <204267921614818720> 30/03/2022 11:46:34.558     [Error  ] - "C:\entwicklung47\Traysoft.AddTapi.dll" not found., Program: "Main Program".
 <204267921614818720> 30/03/2022 11:46:34.559     [Error  ] - "C:\entwicklung47\SFUtilities.dll" not found., Program: "Main Program".
 <485481122449396032> 30/03/2022 11:51:30.605     [Error  ] - "C:\entwicklung47\Traysoft.Internal.dll" not found., Program: "Main Program".
 <485481122449396032> 30/03/2022 11:51:30.605     [Error  ] - "C:\entwicklung47\Traysoft.AddTapi.dll" not found., Program: "Main Program".
 <485481122449396032> 30/03/2022 11:51:30.606     [Error  ] - "C:\entwicklung47\SFUtilities.dll" not found., Program: "Main Program".
 <531966012389418944> 30/03/2022 11:55:39.308     [Error  ] - "C:\entwicklung47\Traysoft.Internal.dll" not found., Program: "Main Program".
 <531966012389418944> 30/03/2022 11:55:39.308     [Error  ] - "C:\entwicklung47\Traysoft.AddTapi.dll" not found., Program: "Main Program".
 <531966012389418944> 30/03/2022 11:55:39.309     [Error  ] - "C:\entwicklung47\SFUtilities.dll" not found., Program: "Main Program".
 <-1> 31/03/2022 13:50:42.993     [Error  ] - Failed to Load Assembly : "C:\entwicklung47\Traysoft.Internal.dll"
"Die Datei oder Assembly &quot;Traysoft.Internal.dll&quot; oder eine Abhängigkeit davon wurde nicht gefunden. Das System kann die angegebene Datei nicht finden."
 <-1> 31/03/2022 13:50:43.087     [Error  ] - Failed to Load Assembly : "C:\entwicklung47\Traysoft.AddTapi.dll"
"Die Datei oder Assembly &quot;Traysoft.AddTapi.dll&quot; oder eine Abhängigkeit davon wurde nicht gefunden. Das System kann die angegebene Datei nicht finden."
 <-1> 31/03/2022 13:50:43.152     [Error  ] - Failed to Load Assembly : "C:\entwicklung47\SFUtilities.dll"
"Die Datei oder Assembly &quot;SFUtilities.dll&quot; oder eine Abhängigkeit davon wurde nicht gefunden. Das System kann die angegebene Datei nicht finden."
 <-1> 31/03/2022 14:12:25.353     [Error  ] - Failed to Load Assembly : "C:\entwicklung47\Traysoft.Internal.dll"
"Die Datei oder Assembly &quot;Traysoft.Internal.dll&quot; oder eine Abhängigkeit davon wurde nicht gefunden. Das System kann die angegebene Datei nicht finden."
 <-1> 31/03/2022 14:12:25.417     [Error  ] - Failed to Load Assembly : "C:\entwicklung47\Traysoft.AddTapi.dll"
"Die Datei oder Assembly &quot;Traysoft.AddTapi.dll&quot; oder eine Abhängigkeit davon wurde nicht gefunden. Das System kann die angegebene Datei nicht finden."
 <-1> 31/03/2022 14:12:25.481     [Error  ] - Failed to Load Assembly : "C:\entwicklung47\SFUtilities.dll"
"Die Datei oder Assembly &quot;SFUtilities.dll&quot; oder eine Abhängigkeit davon wurde nicht gefunden. Das System kann die angegebene Datei nicht finden."
 <-1> 31/03/2022 14:14:10.655     [Error  ] - Failed to Load Assembly : "C:\entwicklung47\Traysoft.Internal.dll"
"Die Datei oder Assembly &quot;Traysoft.Internal.dll&quot; oder eine Abhängigkeit davon wurde nicht gefunden. Das System kann die angegebene Datei nicht finden."
 <-1> 31/03/2022 14:14:10.719     [Error  ] - Failed to Load Assembly : "C:\entwicklung47\Traysoft.AddTapi.dll"
"Die Datei oder Assembly &quot;Traysoft.AddTapi.dll&quot; oder eine Abhängigkeit davon wurde nicht gefunden. Das System kann die angegebene Datei nicht finden."
 <-1> 31/03/2022 14:14:10.782     [Error  ] - Failed to Load Assembly : "C:\entwicklung47\SFUtilities.dll"
"Die Datei oder Assembly &quot;SFUtilities.dll&quot; oder eine Abhängigkeit davon wurde nicht gefunden. Das System kann die angegebene Datei nicht finden."
 <-1> 05/04/2022 16:09:52.310     [Error  ] - Failed to Load Assembly : "C:\entwicklung47\Traysoft.Internal.dll"
"Die Datei oder Assembly &quot;Traysoft.Internal.dll&quot; oder eine Abhängigkeit davon wurde nicht gefunden. Das System kann die angegebene Datei nicht finden."
 <-1> 05/04/2022 16:09:52.434     [Error  ] - Failed to Load Assembly : "C:\entwicklung47\Traysoft.AddTapi.dll"
"Die Datei oder Assembly &quot;Traysoft.AddTapi.dll&quot; oder eine Abhängigkeit davon wurde nicht gefunden. Das System kann die angegebene Datei nicht finden."
 <-1> 05/04/2022 16:09:52.500     [Error  ] - Failed to Load Assembly : "C:\entwicklung47\SFUtilities.dll"
"Die Datei oder Assembly &quot;SFUtilities.dll&quot; oder eine Abhängigkeit davon wurde nicht gefunden. Das System kann die angegebene Datei nicht finden."
 <-1> 07/04/2022 16:45:37.492     [Error  ] - Failed to Load Assembly : "C:\entwicklung47\Traysoft.Internal.dll"
"Die Datei oder Assembly &quot;Traysoft.Internal.dll&quot; oder eine Abhängigkeit davon wurde nicht gefunden. Das System kann die angegebene Datei nicht finden."
 <-1> 07/04/2022 16:45:37.575     [Error  ] - Failed to Load Assembly : "C:\entwicklung47\Traysoft.AddTapi.dll"
"Die Datei oder Assembly &quot;Traysoft.AddTapi.dll&quot; oder eine Abhängigkeit davon wurde nicht gefunden. Das System kann die angegebene Datei nicht finden."
 <-1> 07/04/2022 16:45:37.639     [Error  ] - Failed to Load Assembly : "C:\entwicklung47\SFUtilities.dll"
"Die Datei oder Assembly &quot;SFUtilities.dll&quot; oder eine Abhängigkeit davon wurde nicht gefunden. Das System kann die angegebene Datei nicht finden."
 <-1> 07/04/2022 16:55:36.792     [Error  ] - Failed to Load Assembly : "C:\entwicklung47\Traysoft.Internal.dll"
"Die Datei oder Assembly &quot;Traysoft.Internal.dll&quot; oder eine Abhängigkeit davon wurde nicht gefunden. Das System kann die angegebene Datei nicht finden."
 <-1> 07/04/2022 16:55:36.855     [Error  ] - Failed to Load Assembly : "C:\entwicklung47\Traysoft.AddTapi.dll"
"Die Datei oder Assembly &quot;Traysoft.AddTapi.dll&quot; oder eine Abhängigkeit davon wurde nicht gefunden. Das System kann die angegebene Datei nicht finden."
 <-1> 07/04/2022 16:55:36.917     [Error  ] - Failed to Load Assembly : "C:\entwicklung47\SFUtilities.dll"
"Die Datei oder Assembly &quot;SFUtilities.dll&quot; oder eine Abhängigkeit davon wurde nicht gefunden. Das System kann die angegebene Datei nicht finden."
 <-1> 08/04/2022 09:15:03.530     [Error  ] - Failed to Load Assembly : "C:\entwicklung47\Traysoft.Internal.dll"
"Die Datei oder Assembly &quot;Traysoft.Internal.dll&quot; oder eine Abhängigkeit davon wurde nicht gefunden. Das System kann die angegebene Datei nicht finden."
 <-1> 08/04/2022 09:15:03.593     [Error  ] - Failed to Load Assembly : "C:\entwicklung47\Traysoft.AddTapi.dll"
"Die Datei oder Assembly &quot;Traysoft.AddTapi.dll&quot; oder eine Abhängigkeit davon wurde nicht gefunden. Das System kann die angegebene Datei nicht finden."
 <-1> 08/04/2022 09:15:03.656     [Error  ] - Failed to Load Assembly : "C:\entwicklung47\SFUtilities.dll"
"Die Datei oder Assembly &quot;SFUtilities.dll&quot; oder eine Abhängigkeit davon wurde nicht gefunden. Das System kann die angegebene Datei nicht finden."
 <329421293803126272> 09/04/2022 13:57:29.875     [Error  ] - "C:\entwicklung47\Traysoft.Internal.dll" not found., Program: "Main Program".
 <329421293803126272> 09/04/2022 13:57:29.898     [Error  ] - "C:\entwicklung47\Traysoft.AddTapi.dll" not found., Program: "Main Program".
 <329421293803126272> 09/04/2022 13:57:29.899     [Error  ] - "C:\entwicklung47\SFUtilities.dll" not found., Program: "Main Program".
 <-1> 12/04/2022 12:55:34.619     [Error  ] - Failed to Load Assembly : "C:\Entwicklung47\Traysoft.Internal.dll"
"Die Datei oder Assembly &quot;Traysoft.Internal.dll&quot; oder eine Abhängigkeit davon wurde nicht gefunden. Das System kann die angegebene Datei nicht finden."
 <-1> 12/04/2022 12:55:34.761     [Error  ] - Failed to Load Assembly : "C:\Entwicklung47\Traysoft.AddTapi.dll"
"Die Datei oder Assembly &quot;Traysoft.AddTapi.dll&quot; oder eine Abhängigkeit davon wurde nicht gefunden. Das System kann die angegebene Datei nicht finden."
 <-1> 12/04/2022 12:55:34.824     [Error  ] - Failed to Load Assembly : "C:\Entwicklung47\SFUtilities.dll"
"Die Datei oder Assembly &quot;SFUtilities.dll&quot; oder eine Abhängigkeit davon wurde nicht gefunden. Das System kann die angegebene Datei nicht finden."
 <398984505045542528> 12/04/2022 12:55:58.854     [Error  ] - "C:\Entwicklung47\Traysoft.Internal.dll" not found., Program: "Main Program".
 <398984505045542528> 12/04/2022 12:55:58.855     [Error  ] - "C:\Entwicklung47\Traysoft.AddTapi.dll" not found., Program: "Main Program".
 <398984505045542528> 12/04/2022 12:55:58.855     [Error  ] - "C:\Entwicklung47\SFUtilities.dll" not found., Program: "Main Program".
 <398984505045542528> 12/04/2022 12:59:55.132     [Error  ] - Duplicate index, data source: LOGIN_PROTOKOLL  >> Application: "c:\projekteSF47\SFAutorisierung\", Program: "Start.Benutzer Anmeldung.FelversuchSchreiben".
 <-1> 13/04/2022 12:56:24.064     [Error  ] - Failed to Load Assembly : "C:\entwicklung47\Traysoft.Internal.dll"
"Die Datei oder Assembly &quot;Traysoft.Internal.dll&quot; oder eine Abhängigkeit davon wurde nicht gefunden. Das System kann die angegebene Datei nicht finden."
 <-1> 13/04/2022 12:56:24.174     [Error  ] - Failed to Load Assembly : "C:\entwicklung47\Traysoft.AddTapi.dll"
"Die Datei oder Assembly &quot;Traysoft.AddTapi.dll&quot; oder eine Abhängigkeit davon wurde nicht gefunden. Das System kann die angegebene Datei nicht finden."
 <-1> 13/04/2022 12:56:24.238     [Error  ] - Failed to Load Assembly : "C:\entwicklung47\SFUtilities.dll"
"Die Datei oder Assembly &quot;SFUtilities.dll&quot; oder eine Abhängigkeit davon wurde nicht gefunden. Das System kann die angegebene Datei nicht finden."
 <500978866921666944> 13/04/2022 13:23:45.790     [Error  ] - "C:\entwicklung47\Traysoft.Internal.dll" not found., Program: "Main Program".
 <500978866921666944> 13/04/2022 13:23:45.791     [Error  ] - "C:\entwicklung47\Traysoft.AddTapi.dll" not found., Program: "Main Program".
 <500978866921666944> 13/04/2022 13:23:45.791     [Error  ] - "C:\entwicklung47\SFUtilities.dll" not found., Program: "Main Program".
 <500978866921666944> 13/04/2022 13:24:16.951     [Error  ] - "\\bsvnt10\arbeitsplatz\Entwicklung\Firmware\SuccessFlow\images\gelb_BTN.png" not found., Program: "Start.Suchen.Dokumenten Bereiche".
 <500978866921666944> 13/04/2022 13:24:17.050     [Error  ] - "bsvnt10arbeitsplatzEntwicklungFirmwareSuccessFlowimagesgelb_BTN.png" not found., Program: "Main Program".
 <500978866921666944> 13/04/2022 13:24:17.050     [Error  ] - "C:\entwicklung47\bsvnt10arbeitsplatzEntwicklungFirmwareSuccessFlowimagesgelb_BTN.png" not found., Program: "Main Program".
 <387661006544264064> 13/04/2022 13:34:17.055     [Error  ] - "C:\entwicklung47\Traysoft.Internal.dll" not found., Program: "Main Program".
 <387661006544264064> 13/04/2022 13:34:17.056     [Error  ] - "C:\entwicklung47\Traysoft.AddTapi.dll" not found., Program: "Main Program".
 <387661006544264064> 13/04/2022 13:34:17.057     [Error  ] - "C:\entwicklung47\SFUtilities.dll" not found., Program: "Main Program".
 <168484598247350368> 13/04/2022 16:09:04.874     [Error  ] - "C:\entwicklung47\Traysoft.Internal.dll" not found., Program: "Main Program".
 <168484598247350368> 13/04/2022 16:09:04.875     [Error  ] - "C:\entwicklung47\Traysoft.AddTapi.dll" not found., Program: "Main Program".
 <168484598247350368> 13/04/2022 16:09:04.876     [Error  ] - "C:\entwicklung47\SFUtilities.dll" not found., Program: "Main Program".
 <-1> 19/04/2022 12:07:10.302     [Error  ] - Failed to Load Assembly : "C:\Entwicklung47\Traysoft.Internal.dll"
"Die Datei oder Assembly &quot;Traysoft.Internal.dll&quot; oder eine Abhängigkeit davon wurde nicht gefunden. Das System kann die angegebene Datei nicht finden."
 <-1> 19/04/2022 12:07:10.412     [Error  ] - Failed to Load Assembly : "C:\Entwicklung47\Traysoft.AddTapi.dll"
"Die Datei oder Assembly &quot;Traysoft.AddTapi.dll&quot; oder eine Abhängigkeit davon wurde nicht gefunden. Das System kann die angegebene Datei nicht finden."
 <-1> 19/04/2022 12:07:10.476     [Error  ] - Failed to Load Assembly : "C:\Entwicklung47\SFUtilities.dll"
"Die Datei oder Assembly &quot;SFUtilities.dll&quot; oder eine Abhängigkeit davon wurde nicht gefunden. Das System kann die angegebene Datei nicht finden."
 <394258887473266432> 19/04/2022 12:07:24.212     [Error  ] - "C:\Entwicklung47\Traysoft.Internal.dll" not found., Program: "Main Program".
 <394258887473266432> 19/04/2022 12:07:24.212     [Error  ] - "C:\Entwicklung47\Traysoft.AddTapi.dll" not found., Program: "Main Program".
 <394258887473266432> 19/04/2022 12:07:24.213     [Error  ] - "C:\Entwicklung47\SFUtilities.dll" not found., Program: "Main Program".
 <-1> 25/04/2022 08:39:26.066     [Error  ] - Failed to Load Assembly : "C:\Entwicklung47\Traysoft.Internal.dll"
"Die Datei oder Assembly &quot;Traysoft.Internal.dll&quot; oder eine Abhängigkeit davon wurde nicht gefunden. Das System kann die angegebene Datei nicht finden."
 <-1> 25/04/2022 08:39:26.191     [Error  ] - Failed to Load Assembly : "C:\Entwicklung47\Traysoft.AddTapi.dll"
"Die Datei oder Assembly &quot;Traysoft.AddTapi.dll&quot; oder eine Abhängigkeit davon wurde nicht gefunden. Das System kann die angegebene Datei nicht finden."
 <-1> 25/04/2022 08:39:26.254     [Error  ] - Failed to Load Assembly : "C:\Entwicklung47\SFUtilities.dll"
"Die Datei oder Assembly &quot;SFUtilities.dll&quot; oder eine Abhängigkeit davon wurde nicht gefunden. Das System kann die angegebene Datei nicht finden."
 <-1> 25/04/2022 08:39:39.301     [Error  ] - Failed to Load Assembly : "C:\Entwicklung47\Traysoft.Internal.dll"
"Die Datei oder Assembly &quot;Traysoft.Internal.dll&quot; oder eine Abhängigkeit davon wurde nicht gefunden. Das System kann die angegebene Datei nicht finden."
 <-1> 25/04/2022 08:39:39.364     [Error  ] - Failed to Load Assembly : "C:\Entwicklung47\Traysoft.AddTapi.dll"
"Die Datei oder Assembly &quot;Traysoft.AddTapi.dll&quot; oder eine Abhängigkeit davon wurde nicht gefunden. Das System kann die angegebene Datei nicht finden."
 <-1> 25/04/2022 08:39:39.428     [Error  ] - Failed to Load Assembly : "C:\Entwicklung47\SFUtilities.dll"
"Die Datei oder Assembly &quot;SFUtilities.dll&quot; oder eine Abhängigkeit davon wurde nicht gefunden. Das System kann die angegebene Datei nicht finden."
 <-1> 28/04/2022 11:58:22.169     [Error  ] - Failed to Load Assembly : "C:\entwicklung47\Traysoft.Internal.dll"
"Die Datei oder Assembly &quot;Traysoft.Internal.dll&quot; oder eine Abhängigkeit davon wurde nicht gefunden. Das System kann die angegebene Datei nicht finden."
 <-1> 28/04/2022 11:58:22.278     [Error  ] - Failed to Load Assembly : "C:\entwicklung47\Traysoft.AddTapi.dll"
"Die Datei oder Assembly &quot;Traysoft.AddTapi.dll&quot; oder eine Abhängigkeit davon wurde nicht gefunden. Das System kann die angegebene Datei nicht finden."
 <-1> 28/04/2022 11:58:22.347     [Error  ] - Failed to Load Assembly : "C:\entwicklung47\SFUtilities.dll"
"Die Datei oder Assembly &quot;SFUtilities.dll&quot; oder eine Abhängigkeit davon wurde nicht gefunden. Das System kann die angegebene Datei nicht finden."
