 <-1> 10/08/2021 16:51:05.087     [Error  ] - Failed to Load Assembly : "C:\entwicklung47\ICSharpCode.SharpZipLib.dll"
"Die Datei oder Assembly &quot;ICSharpCode.SharpZipLib.dll&quot; oder eine Abhängigkeit davon wurde nicht gefunden. Das System kann die angegebene Datei nicht finden."
 <-1> 10/08/2021 16:52:15.673     [Error  ] - Failed to Load Assembly : "C:\entwicklung47\ICSharpCode.SharpZipLib.dll"
"Die Datei oder Assembly &quot;ICSharpCode.SharpZipLib.dll&quot; oder eine Abhängigkeit davon wurde nicht gefunden. Das System kann die angegebene Datei nicht finden."
 <149612442542242720> 10/08/2021 16:53:08.866     [Error  ] - "C:\entwicklung47\ICSharpCode.SharpZipLib.dll" not found., Program: "Main Program".
 <-1> 10/08/2021 16:53:59.230     [Error  ] - Failed to Load Assembly : "C:\entwicklung47\ICSharpCode.SharpZipLib.dll"
"Die Datei oder Assembly &quot;ICSharpCode.SharpZipLib.dll&quot; oder eine Abhängigkeit davon wurde nicht gefunden. Das System kann die angegebene Datei nicht finden."
 <334464713640662528> 10/08/2021 16:54:12.049     [Error  ] - "C:\entwicklung47\ICSharpCode.SharpZipLib.dll" not found., Program: "Main Program".
 <-1> 10/08/2021 16:57:26.170     [Error  ] - Failed to Load Assembly : "C:\entwicklung47\ICSharpCode.SharpZipLib.dll"
"Die Datei oder Assembly &quot;ICSharpCode.SharpZipLib.dll&quot; oder eine Abhängigkeit davon wurde nicht gefunden. Das System kann die angegebene Datei nicht finden."
 <251081108446766080> 10/08/2021 16:57:40.731     [Error  ] - "C:\entwicklung47\ICSharpCode.SharpZipLib.dll" not found., Program: "Main Program".
 <-1> 12/08/2021 18:22:14.163     [Error  ] - Failed to Load Assembly : "C:\entwicklung47\ICSharpCode.SharpZipLib.dll"
"Die Datei oder Assembly &quot;ICSharpCode.SharpZipLib.dll&quot; oder eine Abhängigkeit davon wurde nicht gefunden. Das System kann die angegebene Datei nicht finden."
 <435400869272511424> 12/08/2021 18:22:30.545     [Error  ] - "C:\entwicklung47\ICSharpCode.SharpZipLib.dll" not found., Program: "Main Program".
 <-1> 12/08/2021 18:32:27.850     [Error  ] - Failed to Load Assembly : "C:\entwicklung47\ICSharpCode.SharpZipLib.dll"
"Die Datei oder Assembly &quot;ICSharpCode.SharpZipLib.dll&quot; oder eine Abhängigkeit davon wurde nicht gefunden. Das System kann die angegebene Datei nicht finden."
 <419466465607852352> 12/08/2021 18:32:35.315     [Error  ] - "C:\entwicklung47\ICSharpCode.SharpZipLib.dll" not found., Program: "Main Program".
 <-1> 13/08/2021 12:18:55.543     [Error  ] - Failed to Load Assembly : "C:\entwicklung47\ICSharpCode.SharpZipLib.dll"
"Die Datei oder Assembly &quot;ICSharpCode.SharpZipLib.dll&quot; oder eine Abhängigkeit davon wurde nicht gefunden. Das System kann die angegebene Datei nicht finden."
 <344246303490761664> 13/08/2021 12:19:09.912     [Error  ] - "C:\entwicklung47\ICSharpCode.SharpZipLib.dll" not found., Program: "Main Program".
 <-1> 19/08/2021 17:21:05.875     [Error  ] - Failed to Load Assembly : "C:\entwicklung47\ICSharpCode.SharpZipLib.dll"
"Die Datei oder Assembly &quot;ICSharpCode.SharpZipLib.dll&quot; oder eine Abhängigkeit davon wurde nicht gefunden. Das System kann die angegebene Datei nicht finden."
 <507861487517875008> 19/08/2021 17:21:19.447     [Error  ] - "C:\entwicklung47\ICSharpCode.SharpZipLib.dll" not found., Program: "Main Program".
 <-1> 23/08/2021 14:09:18.129     [Error  ] - Failed to Load Assembly : "C:\entwicklung47\ICSharpCode.SharpZipLib.dll"
"Die Datei oder Assembly &quot;ICSharpCode.SharpZipLib.dll&quot; oder eine Abhängigkeit davon wurde nicht gefunden. Das System kann die angegebene Datei nicht finden."
 <-1> 23/08/2021 14:16:18.535     [Error  ] - Failed to Load Assembly : "C:\entwicklung47\ICSharpCode.SharpZipLib.dll"
"Die Datei oder Assembly &quot;ICSharpCode.SharpZipLib.dll&quot; oder eine Abhängigkeit davon wurde nicht gefunden. Das System kann die angegebene Datei nicht finden."
 <-1> 23/08/2021 14:26:01.758     [Error  ] - Failed to Load Assembly : "C:\entwicklung47\ICSharpCode.SharpZipLib.dll"
"Die Datei oder Assembly &quot;ICSharpCode.SharpZipLib.dll&quot; oder eine Abhängigkeit davon wurde nicht gefunden. Das System kann die angegebene Datei nicht finden."
 <329224484861801408> 23/08/2021 14:34:59.821     [Error  ] - "C:\entwicklung47\ICSharpCode.SharpZipLib.dll" not found., Program: "Main Program".
 <175583050752815520> 23/08/2021 14:44:09.141     [Error  ] - "C:\entwicklung47\ICSharpCode.SharpZipLib.dll" not found., Program: "Main Program".
 <-1> 23/08/2021 14:55:42.388     [Error  ] - Failed to Load Assembly : "C:\entwicklung47\ICSharpCode.SharpZipLib.dll"
"Die Datei oder Assembly &quot;ICSharpCode.SharpZipLib.dll&quot; oder eine Abhängigkeit davon wurde nicht gefunden. Das System kann die angegebene Datei nicht finden."
 <97914701618745584> 23/08/2021 14:58:49.534     [Error  ] - "C:\entwicklung47\ICSharpCode.SharpZipLib.dll" not found., Program: "Main Program".
 <-1> 23/08/2021 14:59:18.770     [Error  ] - Failed to Load Assembly : "C:\entwicklung47\ICSharpCode.SharpZipLib.dll"
"Die Datei oder Assembly &quot;ICSharpCode.SharpZipLib.dll&quot; oder eine Abhängigkeit davon wurde nicht gefunden. Das System kann die angegebene Datei nicht finden."
 <501024934432440384> 23/08/2021 14:59:26.881     [Error  ] - "C:\entwicklung47\ICSharpCode.SharpZipLib.dll" not found., Program: "Main Program".
 <-1> 23/08/2021 15:12:30.360     [Error  ] - Failed to Load Assembly : "C:\entwicklung47\ICSharpCode.SharpZipLib.dll"
"Die Datei oder Assembly &quot;ICSharpCode.SharpZipLib.dll&quot; oder eine Abhängigkeit davon wurde nicht gefunden. Das System kann die angegebene Datei nicht finden."
 <2207849058957665> 23/08/2021 15:12:40.083     [Error  ] - "C:\entwicklung47\ICSharpCode.SharpZipLib.dll" not found., Program: "Main Program".
 <2207849058957665> 23/08/2021 15:14:32.890     [Error  ] - Failed to open, data source: SQL  >> Application: "c:\projekteSF47\\SFRefDef\", Program: "Startprog.Versionskonvertierungen.Konvertierungen ausführen.Konvertierungen ausführen.DB SQL Befehl ausführen".
 <2207849058957665> 23/08/2021 15:14:32.940     [Error  ] - Failed to open, data source: SQL  >> Application: "c:\projekteSF47\\SFRefDef\", Program: "Startprog.Versionskonvertierungen.Konvertierungen ausführen.Konvertierungen ausführen.DB SQL Befehl ausführen".
 <2207849058957665> 23/08/2021 15:14:32.983     [Error  ] - Failed to open, data source: SQL  >> Application: "c:\projekteSF47\\SFRefDef\", Program: "Startprog.Versionskonvertierungen.Konvertierungen ausführen.Konvertierungen ausführen.DB SQL Befehl ausführen".
 <2207849058957665> 23/08/2021 15:14:33.024     [Error  ] - Failed to open, data source: SQL  >> Application: "c:\projekteSF47\\SFRefDef\", Program: "Startprog.Versionskonvertierungen.Konvertierungen ausführen.Konvertierungen ausführen.DB SQL Befehl ausführen".
 <2207849058957665> 23/08/2021 15:14:33.065     [Error  ] - Failed to open, data source: SQL  >> Application: "c:\projekteSF47\\SFRefDef\", Program: "Startprog.Versionskonvertierungen.Konvertierungen ausführen.Konvertierungen ausführen.DB SQL Befehl ausführen".
 <2207849058957665> 23/08/2021 15:14:33.090     [Error  ] - Failed to open, data source: SQL  >> Application: "c:\projekteSF47\\SFRefDef\", Program: "Startprog.Versionskonvertierungen.Konvertierungen ausführen.Konvertierungen ausführen.DB SQL Befehl ausführen".
 <2207849058957665> 23/08/2021 15:14:33.114     [Error  ] - Failed to open, data source: SQL  >> Application: "c:\projekteSF47\\SFRefDef\", Program: "Startprog.Versionskonvertierungen.Konvertierungen ausführen.Konvertierungen ausführen.DB SQL Befehl ausführen".
 <2207849058957665> 23/08/2021 15:14:33.141     [Error  ] - Failed to open, data source: SQL  >> Application: "c:\projekteSF47\\SFRefDef\", Program: "Startprog.Versionskonvertierungen.Konvertierungen ausführen.Konvertierungen ausführen.DB SQL Befehl ausführen".
 <2207849058957665> 23/08/2021 15:14:33.168     [Error  ] - Failed to open, data source: SQL  >> Application: "c:\projekteSF47\\SFRefDef\", Program: "Startprog.Versionskonvertierungen.Konvertierungen ausführen.Konvertierungen ausführen.DB SQL Befehl ausführen".
 <2207849058957665> 23/08/2021 15:14:33.195     [Error  ] - Failed to open, data source: SQL  >> Application: "c:\projekteSF47\\SFRefDef\", Program: "Startprog.Versionskonvertierungen.Konvertierungen ausführen.Konvertierungen ausführen.DB SQL Befehl ausführen".
 <2207849058957665> 23/08/2021 15:14:33.224     [Error  ] - Failed to open, data source: SQL  >> Application: "c:\projekteSF47\\SFRefDef\", Program: "Startprog.Versionskonvertierungen.Konvertierungen ausführen.Konvertierungen ausführen.DB SQL Befehl ausführen".
 <509573996076053376> 23/08/2021 15:15:48.309     [Error  ] - "C:\entwicklung47\ICSharpCode.SharpZipLib.dll" not found., Program: "Main Program".
 <-1> 23/08/2021 16:42:35.991     [Error  ] - Failed to Load Assembly : "C:\entwicklung47\ICSharpCode.SharpZipLib.dll"
"Die Datei oder Assembly &quot;ICSharpCode.SharpZipLib.dll&quot; oder eine Abhängigkeit davon wurde nicht gefunden. Das System kann die angegebene Datei nicht finden."
 <433236094146923840> 23/08/2021 16:42:47.723     [Error  ] - "C:\entwicklung47\ICSharpCode.SharpZipLib.dll" not found., Program: "Main Program".
 <-1> 23/08/2021 16:46:51.849     [Error  ] - Failed to Load Assembly : "C:\entwicklung47\ICSharpCode.SharpZipLib.dll"
"Die Datei oder Assembly &quot;ICSharpCode.SharpZipLib.dll&quot; oder eine Abhängigkeit davon wurde nicht gefunden. Das System kann die angegebene Datei nicht finden."
 <194830481725971232> 23/08/2021 16:47:01.668     [Error  ] - "C:\entwicklung47\ICSharpCode.SharpZipLib.dll" not found., Program: "Main Program".
 <-1> 23/08/2021 17:11:23.685     [Error  ] - Failed to Load Assembly : "C:\entwicklung47\ICSharpCode.SharpZipLib.dll"
"Die Datei oder Assembly &quot;ICSharpCode.SharpZipLib.dll&quot; oder eine Abhängigkeit davon wurde nicht gefunden. Das System kann die angegebene Datei nicht finden."
 <421427779087763840> 23/08/2021 17:11:32.342     [Error  ] - "C:\entwicklung47\ICSharpCode.SharpZipLib.dll" not found., Program: "Main Program".
 <-1> 23/08/2021 17:13:58.456     [Error  ] - Failed to Load Assembly : "C:\entwicklung47\ICSharpCode.SharpZipLib.dll"
"Die Datei oder Assembly &quot;ICSharpCode.SharpZipLib.dll&quot; oder eine Abhängigkeit davon wurde nicht gefunden. Das System kann die angegebene Datei nicht finden."
 <154747057920430528> 23/08/2021 17:14:16.047     [Error  ] - "C:\entwicklung47\ICSharpCode.SharpZipLib.dll" not found., Program: "Main Program".
 <-1> 24/08/2021 11:40:18.205     [Error  ] - Failed to Load Assembly : "C:\entwicklung47\ICSharpCode.SharpZipLib.dll"
"Die Datei oder Assembly &quot;ICSharpCode.SharpZipLib.dll&quot; oder eine Abhängigkeit davon wurde nicht gefunden. Das System kann die angegebene Datei nicht finden."
 <451407546404288896> 24/08/2021 11:40:23.301     [Error  ] - "C:\entwicklung47\ICSharpCode.SharpZipLib.dll" not found., Program: "Main Program".
 <-1> 24/08/2021 11:41:32.119     [Error  ] - Failed to Load Assembly : "C:\entwicklung47\ICSharpCode.SharpZipLib.dll"
"Die Datei oder Assembly &quot;ICSharpCode.SharpZipLib.dll&quot; oder eine Abhängigkeit davon wurde nicht gefunden. Das System kann die angegebene Datei nicht finden."
 <550267256825829184> 24/08/2021 11:41:37.701     [Error  ] - "C:\entwicklung47\ICSharpCode.SharpZipLib.dll" not found., Program: "Main Program".
 <-1> 24/08/2021 11:43:55.587     [Error  ] - Failed to Load Assembly : "C:\entwicklung47\ICSharpCode.SharpZipLib.dll"
"Die Datei oder Assembly &quot;ICSharpCode.SharpZipLib.dll&quot; oder eine Abhängigkeit davon wurde nicht gefunden. Das System kann die angegebene Datei nicht finden."
 <159145896610293824> 24/08/2021 11:44:02.162     [Error  ] - "C:\entwicklung47\ICSharpCode.SharpZipLib.dll" not found., Program: "Main Program".
 <137947417716215424> 24/08/2021 12:23:00.896     [Error  ] - "C:\entwicklung47\ICSharpCode.SharpZipLib.dll" not found., Program: "Main Program".
 <-1> 25/08/2021 10:09:23.069     [Error  ] - Failed to Load Assembly : "C:\entwicklung47\ICSharpCode.SharpZipLib.dll"
"Die Datei oder Assembly &quot;ICSharpCode.SharpZipLib.dll&quot; oder eine Abhängigkeit davon wurde nicht gefunden. Das System kann die angegebene Datei nicht finden."
 <61721570052429208> 25/08/2021 10:09:31.552     [Error  ] - "C:\entwicklung47\ICSharpCode.SharpZipLib.dll" not found., Program: "Main Program".
 <118312240892835952> 29/09/2021 12:34:08.230     [Error  ] - Failed to open, data source: SQL  >> Application: "c:\projekteSF47\\SFRefDef\", Program: "Startprog.Versionskonvertierungen.Konvertierungen ausführen.Konvertierungen ausführen.DB SQL Befehl ausführen".
 <-1> 17/01/2022 21:58:34.865     [Error  ] - Error - run-time engine was not found. Please restart the studio in order to run the application
 <-1> 24/02/2022 17:26:38.368     [Error  ] - Error - run-time engine was not found. Please restart the studio in order to run the application
 <-1> 24/02/2022 17:27:02.618     [Error  ] - Error - run-time engine was not found. Please restart the studio in order to run the application
